INFO 2020-07-08 23:28:28,822 basehttp 124 "GET / HTTP/1.1" 200 16348
INFO 2020-07-08 23:28:29,392 basehttp 124 "GET /static/admin/css/fonts.css HTTP/1.1" 200 423
INFO 2020-07-08 23:28:29,534 basehttp 124 "GET /static/admin/fonts/Roboto-Light-webfont.woff HTTP/1.1" 200 81348
INFO 2020-07-08 23:28:29,541 basehttp 124 "GET /static/admin/fonts/Roboto-Regular-webfont.woff HTTP/1.1" 200 80304
INFO 2020-07-08 23:28:29,542 basehttp 124 "GET /static/admin/fonts/Roboto-Bold-webfont.woff HTTP/1.1" 200 82564
WARNING 2020-07-08 23:28:29,683 base 93 Not Found: /favicon.ico
WARNING 2020-07-08 23:28:29,684 basehttp 124 "GET /favicon.ico HTTP/1.1" 404 1973
WARNING 2020-07-08 23:28:52,729 base 93 Not Found: /user
WARNING 2020-07-08 23:28:52,730 basehttp 124 "GET /user HTTP/1.1" 404 1952
WARNING 2020-07-08 23:40:16,249 base 93 Not Found: /user
WARNING 2020-07-08 23:40:16,250 basehttp 124 "GET /user HTTP/1.1" 404 1952
ERROR 2020-07-09 00:43:46,750 exception 74 Invalid HTTP_HOST header: '127.0.0.1:9001'. You may need to add '127.0.0.1' to ALLOWED_HOSTS.
WARNING 2020-07-09 00:43:46,824 basehttp 124 "GET / HTTP/1.1" 400 67052
ERROR 2020-07-09 00:43:55,044 exception 74 Invalid HTTP_HOST header: '127.0.0.1:9001'. You may need to add '127.0.0.1' to ALLOWED_HOSTS.
WARNING 2020-07-09 00:43:55,081 basehttp 124 "GET / HTTP/1.1" 400 67052
INFO 2020-07-09 00:44:01,227 basehttp 124 "GET / HTTP/1.1" 200 16348
INFO 2020-07-09 00:44:01,316 basehttp 124 "GET /static/admin/css/fonts.css HTTP/1.1" 200 423
INFO 2020-07-09 00:44:01,471 basehttp 124 "GET /static/admin/fonts/Roboto-Bold-webfont.woff HTTP/1.1" 200 82564
INFO 2020-07-09 00:44:01,515 basehttp 124 "GET /static/admin/fonts/Roboto-Regular-webfont.woff HTTP/1.1" 200 80304
INFO 2020-07-09 00:44:01,528 basehttp 124 "GET /static/admin/fonts/Roboto-Light-webfont.woff HTTP/1.1" 200 81348
WARNING 2020-07-09 00:44:01,660 base 93 Not Found: /favicon.ico
WARNING 2020-07-09 00:44:01,662 basehttp 124 "GET /favicon.ico HTTP/1.1" 404 1975
INFO 2020-07-09 00:44:32,527 basehttp 124 "GET / HTTP/1.1" 200 16348
INFO 2020-07-09 00:44:32,558 basehttp 124 "GET /static/admin/css/fonts.css HTTP/1.1" 200 423
INFO 2020-07-09 00:44:32,593 basehttp 124 "GET /static/admin/fonts/Roboto-Bold-webfont.woff HTTP/1.1" 200 82564
INFO 2020-07-09 00:44:32,594 basehttp 124 "GET /static/admin/fonts/Roboto-Regular-webfont.woff HTTP/1.1" 200 80304
INFO 2020-07-09 00:44:32,601 basehttp 124 "GET /static/admin/fonts/Roboto-Light-webfont.woff HTTP/1.1" 200 81348
WARNING 2020-07-09 00:44:32,612 base 93 Not Found: /favicon.ico
WARNING 2020-07-09 00:44:32,614 basehttp 124 "GET /favicon.ico HTTP/1.1" 404 1975
INFO 2020-07-09 00:44:48,006 basehttp 124 "GET / HTTP/1.1" 200 16348
ERROR 2020-07-09 00:45:48,800 exception 74 Invalid HTTP_HOST header: 'vue.npf.com:9001'. You may need to add 'vue.npf.com' to ALLOWED_HOSTS.
WARNING 2020-07-09 00:45:48,939 basehttp 124 "GET / HTTP/1.1" 400 65610
ERROR 2020-07-09 00:46:03,343 exception 74 Invalid HTTP_HOST header: '127.0.0.1:9001'. You may need to add '127.0.0.1' to ALLOWED_HOSTS.
WARNING 2020-07-09 00:46:03,438 basehttp 124 "GET / HTTP/1.1" 400 66871
ERROR 2020-07-09 00:49:40,833 exception 74 Invalid HTTP_HOST header: 'vue.npf.com:9001'. You may need to add 'vue.npf.com' to ALLOWED_HOSTS.
WARNING 2020-07-09 00:49:40,886 basehttp 124 "GET / HTTP/1.1" 400 65760
INFO 2020-07-09 00:49:51,632 basehttp 124 "GET / HTTP/1.1" 200 16348
INFO 2020-07-09 00:49:51,721 basehttp 124 "GET /static/admin/css/fonts.css HTTP/1.1" 304 0
INFO 2020-07-09 00:49:51,958 basehttp 124 "GET /static/admin/fonts/Roboto-Regular-webfont.woff HTTP/1.1" 304 0
INFO 2020-07-09 00:49:51,958 basehttp 124 "GET /static/admin/fonts/Roboto-Bold-webfont.woff HTTP/1.1" 304 0
INFO 2020-07-09 00:49:51,961 basehttp 124 "GET /static/admin/fonts/Roboto-Light-webfont.woff HTTP/1.1" 304 0
INFO 2020-07-09 00:52:35,946 basehttp 124 "GET / HTTP/1.1" 200 16348
INFO 2020-07-09 00:52:36,211 basehttp 124 "GET /static/admin/css/fonts.css HTTP/1.1" 200 423
INFO 2020-07-09 00:52:36,332 basehttp 124 "GET /static/admin/fonts/Roboto-Bold-webfont.woff HTTP/1.1" 200 82564
INFO 2020-07-09 00:52:36,637 basehttp 124 "GET /static/admin/fonts/Roboto-Regular-webfont.woff HTTP/1.1" 200 80304
INFO 2020-07-09 00:52:36,645 basehttp 124 "GET /static/admin/fonts/Roboto-Light-webfont.woff HTTP/1.1" 200 81348
WARNING 2020-07-09 00:52:36,697 base 93 Not Found: /favicon.ico
WARNING 2020-07-09 00:52:36,698 basehttp 124 "GET /favicon.ico HTTP/1.1" 404 1973
WARNING 2020-07-09 08:12:35,045 base 93 Not Found: /
WARNING 2020-07-09 08:12:35,073 basehttp 124 "GET / HTTP/1.1" 404 2046
WARNING 2020-07-09 08:12:58,485 base 93 Not Found: /
WARNING 2020-07-09 08:12:58,486 basehttp 124 "GET / HTTP/1.1" 404 2046
WARNING 2020-07-09 08:12:59,211 base 93 Not Found: /favicon.ico
WARNING 2020-07-09 08:12:59,212 basehttp 124 "GET /favicon.ico HTTP/1.1" 404 2097
WARNING 2020-07-09 08:13:05,632 base 93 Not Found: /
WARNING 2020-07-09 08:13:05,633 basehttp 124 "GET / HTTP/1.1" 404 2046
WARNING 2020-07-09 08:13:23,296 base 93 Not Found: /
WARNING 2020-07-09 08:13:23,297 basehttp 124 "GET / HTTP/1.1" 404 2046
INFO 2020-07-09 08:15:05,513 basehttp 124 "GET / HTTP/1.1" 200 16348
INFO 2020-07-09 08:15:05,574 basehttp 124 "GET /static/admin/css/fonts.css HTTP/1.1" 304 0
INFO 2020-07-09 08:15:05,715 basehttp 124 "GET /static/admin/fonts/Roboto-Bold-webfont.woff HTTP/1.1" 304 0
INFO 2020-07-09 08:15:05,716 basehttp 124 "GET /static/admin/fonts/Roboto-Regular-webfont.woff HTTP/1.1" 304 0
INFO 2020-07-09 08:15:05,717 basehttp 124 "GET /static/admin/fonts/Roboto-Light-webfont.woff HTTP/1.1" 304 0
WARNING 2020-07-09 08:33:30,621 base 93 Not Found: /
WARNING 2020-07-09 08:33:30,622 basehttp 124 "GET / HTTP/1.1" 404 2046
WARNING 2020-07-09 08:33:31,407 base 93 Not Found: /favicon.ico
WARNING 2020-07-09 08:33:31,408 basehttp 124 "GET /favicon.ico HTTP/1.1" 404 2097
WARNING 2020-07-09 09:26:47,970 base 93 Not Found: /
WARNING 2020-07-09 09:26:47,974 basehttp 124 "GET / HTTP/1.1" 404 2046
WARNING 2020-07-09 09:36:58,780 base 93 Not Found: /
WARNING 2020-07-09 09:36:58,781 basehttp 124 "GET / HTTP/1.1" 404 2046
WARNING 2020-07-09 09:37:45,749 base 93 Not Found: /
WARNING 2020-07-09 09:37:45,750 basehttp 124 "GET / HTTP/1.1" 404 2047
INFO 2020-07-09 09:38:25,972 basehttp 124 "GET /xadmin HTTP/1.1" 301 0
ERROR 2020-07-09 09:38:30,052 exception 118 Internal Server Error: /xadmin/
Traceback (most recent call last):
  File "G:\envs\env02\lib\site-packages\django\contrib\sessions\backends\base.py", line 191, in _get_session
    return self._session_cache
AttributeError: 'SessionStore' object has no attribute '_session_cache'

During handling of the above exception, another exception occurred:

Traceback (most recent call last):
  File "G:\envs\env02\lib\site-packages\django\db\backends\utils.py", line 85, in _execute
    return self.cursor.execute(sql, params)
  File "G:\envs\env02\lib\site-packages\django\db\backends\mysql\base.py", line 71, in execute
    return self.cursor.execute(query, args)
  File "G:\envs\env02\lib\site-packages\MySQLdb\cursors.py", line 209, in execute
    res = self._query(query)
  File "G:\envs\env02\lib\site-packages\MySQLdb\cursors.py", line 315, in _query
    db.query(q)
  File "G:\envs\env02\lib\site-packages\MySQLdb\connections.py", line 239, in query
    _mysql.connection.query(self, query)
MySQLdb._exceptions.ProgrammingError: (1146, "Table 'edu_api.django_session' doesn't exist")

The above exception was the direct cause of the following exception:

Traceback (most recent call last):
  File "G:\envs\env02\lib\site-packages\django\core\handlers\exception.py", line 35, in inner
    response = get_response(request)
  File "G:\envs\env02\lib\site-packages\django\core\handlers\base.py", line 128, in _get_response
    response = self.process_exception_by_middleware(e, request)
  File "G:\envs\env02\lib\site-packages\django\core\handlers\base.py", line 126, in _get_response
    response = wrapped_callback(request, *callback_args, **callback_kwargs)
  File "G:\envs\env02\lib\site-packages\xadmin\sites.py", line 300, in wrapper
    return self.admin_view(view, cacheable)(*args, **kwargs)
  File "G:\envs\env02\lib\site-packages\django\views\decorators\cache.py", line 44, in _wrapped_view_func
    response = view_func(request, *args, **kwargs)
  File "G:\envs\env02\lib\site-packages\xadmin\sites.py", line 206, in inner
    if not self.has_permission(request) and getattr(view, 'need_site_permission', True):
  File "G:\envs\env02\lib\site-packages\xadmin\sites.py", line 161, in has_permission
    return request.user.is_active and request.user.is_staff
  File "G:\envs\env02\lib\site-packages\django\utils\functional.py", line 215, in inner
    self._setup()
  File "G:\envs\env02\lib\site-packages\django\utils\functional.py", line 349, in _setup
    self._wrapped = self._setupfunc()
  File "G:\envs\env02\lib\site-packages\django\contrib\auth\middleware.py", line 24, in <lambda>
    request.user = SimpleLazyObject(lambda: get_user(request))
  File "G:\envs\env02\lib\site-packages\django\contrib\auth\middleware.py", line 12, in get_user
    request._cached_user = auth.get_user(request)
  File "G:\envs\env02\lib\site-packages\django\contrib\auth\__init__.py", line 211, in get_user
    user_id = _get_user_session_key(request)
  File "G:\envs\env02\lib\site-packages\django\contrib\auth\__init__.py", line 61, in _get_user_session_key
    return get_user_model()._meta.pk.to_python(request.session[SESSION_KEY])
  File "G:\envs\env02\lib\site-packages\django\contrib\sessions\backends\base.py", line 55, in __getitem__
    return self._session[key]
  File "G:\envs\env02\lib\site-packages\django\contrib\sessions\backends\base.py", line 196, in _get_session
    self._session_cache = self.load()
  File "G:\envs\env02\lib\site-packages\django\contrib\sessions\backends\db.py", line 34, in load
    expire_date__gt=timezone.now()
  File "G:\envs\env02\lib\site-packages\django\db\models\manager.py", line 82, in manager_method
    return getattr(self.get_queryset(), name)(*args, **kwargs)
  File "G:\envs\env02\lib\site-packages\django\db\models\query.py", line 397, in get
    num = len(clone)
  File "G:\envs\env02\lib\site-packages\django\db\models\query.py", line 254, in __len__
    self._fetch_all()
  File "G:\envs\env02\lib\site-packages\django\db\models\query.py", line 1179, in _fetch_all
    self._result_cache = list(self._iterable_class(self))
  File "G:\envs\env02\lib\site-packages\django\db\models\query.py", line 53, in __iter__
    results = compiler.execute_sql(chunked_fetch=self.chunked_fetch, chunk_size=self.chunk_size)
  File "G:\envs\env02\lib\site-packages\django\db\models\sql\compiler.py", line 1068, in execute_sql
    cursor.execute(sql, params)
  File "G:\envs\env02\lib\site-packages\django\db\backends\utils.py", line 100, in execute
    return super().execute(sql, params)
  File "G:\envs\env02\lib\site-packages\django\db\backends\utils.py", line 68, in execute
    return self._execute_with_wrappers(sql, params, many=False, executor=self._execute)
  File "G:\envs\env02\lib\site-packages\django\db\backends\utils.py", line 77, in _execute_with_wrappers
    return executor(sql, params, many, context)
  File "G:\envs\env02\lib\site-packages\django\db\backends\utils.py", line 85, in _execute
    return self.cursor.execute(sql, params)
  File "G:\envs\env02\lib\site-packages\django\db\utils.py", line 89, in __exit__
    raise dj_exc_value.with_traceback(traceback) from exc_value
  File "G:\envs\env02\lib\site-packages\django\db\backends\utils.py", line 85, in _execute
    return self.cursor.execute(sql, params)
  File "G:\envs\env02\lib\site-packages\django\db\backends\mysql\base.py", line 71, in execute
    return self.cursor.execute(query, args)
  File "G:\envs\env02\lib\site-packages\MySQLdb\cursors.py", line 209, in execute
    res = self._query(query)
  File "G:\envs\env02\lib\site-packages\MySQLdb\cursors.py", line 315, in _query
    db.query(q)
  File "G:\envs\env02\lib\site-packages\MySQLdb\connections.py", line 239, in query
    _mysql.connection.query(self, query)
django.db.utils.ProgrammingError: (1146, "Table 'edu_api.django_session' doesn't exist")
ERROR 2020-07-09 09:38:30,222 basehttp 124 "GET /xadmin/ HTTP/1.1" 500 215066
ERROR 2020-07-09 09:38:43,841 exception 118 Internal Server Error: /xadmin/
Traceback (most recent call last):
  File "G:\envs\env02\lib\site-packages\django\contrib\sessions\backends\base.py", line 191, in _get_session
    return self._session_cache
AttributeError: 'SessionStore' object has no attribute '_session_cache'

During handling of the above exception, another exception occurred:

Traceback (most recent call last):
  File "G:\envs\env02\lib\site-packages\django\db\backends\utils.py", line 85, in _execute
    return self.cursor.execute(sql, params)
  File "G:\envs\env02\lib\site-packages\django\db\backends\mysql\base.py", line 71, in execute
    return self.cursor.execute(query, args)
  File "G:\envs\env02\lib\site-packages\MySQLdb\cursors.py", line 209, in execute
    res = self._query(query)
  File "G:\envs\env02\lib\site-packages\MySQLdb\cursors.py", line 315, in _query
    db.query(q)
  File "G:\envs\env02\lib\site-packages\MySQLdb\connections.py", line 239, in query
    _mysql.connection.query(self, query)
MySQLdb._exceptions.ProgrammingError: (1146, "Table 'edu_api.django_session' doesn't exist")

The above exception was the direct cause of the following exception:

Traceback (most recent call last):
  File "G:\envs\env02\lib\site-packages\django\core\handlers\exception.py", line 35, in inner
    response = get_response(request)
  File "G:\envs\env02\lib\site-packages\django\core\handlers\base.py", line 128, in _get_response
    response = self.process_exception_by_middleware(e, request)
  File "G:\envs\env02\lib\site-packages\django\core\handlers\base.py", line 126, in _get_response
    response = wrapped_callback(request, *callback_args, **callback_kwargs)
  File "G:\envs\env02\lib\site-packages\xadmin\sites.py", line 300, in wrapper
    return self.admin_view(view, cacheable)(*args, **kwargs)
  File "G:\envs\env02\lib\site-packages\django\views\decorators\cache.py", line 44, in _wrapped_view_func
    response = view_func(request, *args, **kwargs)
  File "G:\envs\env02\lib\site-packages\xadmin\sites.py", line 206, in inner
    if not self.has_permission(request) and getattr(view, 'need_site_permission', True):
  File "G:\envs\env02\lib\site-packages\xadmin\sites.py", line 161, in has_permission
    return request.user.is_active and request.user.is_staff
  File "G:\envs\env02\lib\site-packages\django\utils\functional.py", line 215, in inner
    self._setup()
  File "G:\envs\env02\lib\site-packages\django\utils\functional.py", line 349, in _setup
    self._wrapped = self._setupfunc()
  File "G:\envs\env02\lib\site-packages\django\contrib\auth\middleware.py", line 24, in <lambda>
    request.user = SimpleLazyObject(lambda: get_user(request))
  File "G:\envs\env02\lib\site-packages\django\contrib\auth\middleware.py", line 12, in get_user
    request._cached_user = auth.get_user(request)
  File "G:\envs\env02\lib\site-packages\django\contrib\auth\__init__.py", line 211, in get_user
    user_id = _get_user_session_key(request)
  File "G:\envs\env02\lib\site-packages\django\contrib\auth\__init__.py", line 61, in _get_user_session_key
    return get_user_model()._meta.pk.to_python(request.session[SESSION_KEY])
  File "G:\envs\env02\lib\site-packages\django\contrib\sessions\backends\base.py", line 55, in __getitem__
    return self._session[key]
  File "G:\envs\env02\lib\site-packages\django\contrib\sessions\backends\base.py", line 196, in _get_session
    self._session_cache = self.load()
  File "G:\envs\env02\lib\site-packages\django\contrib\sessions\backends\db.py", line 34, in load
    expire_date__gt=timezone.now()
  File "G:\envs\env02\lib\site-packages\django\db\models\manager.py", line 82, in manager_method
    return getattr(self.get_queryset(), name)(*args, **kwargs)
  File "G:\envs\env02\lib\site-packages\django\db\models\query.py", line 397, in get
    num = len(clone)
  File "G:\envs\env02\lib\site-packages\django\db\models\query.py", line 254, in __len__
    self._fetch_all()
  File "G:\envs\env02\lib\site-packages\django\db\models\query.py", line 1179, in _fetch_all
    self._result_cache = list(self._iterable_class(self))
  File "G:\envs\env02\lib\site-packages\django\db\models\query.py", line 53, in __iter__
    results = compiler.execute_sql(chunked_fetch=self.chunked_fetch, chunk_size=self.chunk_size)
  File "G:\envs\env02\lib\site-packages\django\db\models\sql\compiler.py", line 1068, in execute_sql
    cursor.execute(sql, params)
  File "G:\envs\env02\lib\site-packages\django\db\backends\utils.py", line 100, in execute
    return super().execute(sql, params)
  File "G:\envs\env02\lib\site-packages\django\db\backends\utils.py", line 68, in execute
    return self._execute_with_wrappers(sql, params, many=False, executor=self._execute)
  File "G:\envs\env02\lib\site-packages\django\db\backends\utils.py", line 77, in _execute_with_wrappers
    return executor(sql, params, many, context)
  File "G:\envs\env02\lib\site-packages\django\db\backends\utils.py", line 85, in _execute
    return self.cursor.execute(sql, params)
  File "G:\envs\env02\lib\site-packages\django\db\utils.py", line 89, in __exit__
    raise dj_exc_value.with_traceback(traceback) from exc_value
  File "G:\envs\env02\lib\site-packages\django\db\backends\utils.py", line 85, in _execute
    return self.cursor.execute(sql, params)
  File "G:\envs\env02\lib\site-packages\django\db\backends\mysql\base.py", line 71, in execute
    return self.cursor.execute(query, args)
  File "G:\envs\env02\lib\site-packages\MySQLdb\cursors.py", line 209, in execute
    res = self._query(query)
  File "G:\envs\env02\lib\site-packages\MySQLdb\cursors.py", line 315, in _query
    db.query(q)
  File "G:\envs\env02\lib\site-packages\MySQLdb\connections.py", line 239, in query
    _mysql.connection.query(self, query)
django.db.utils.ProgrammingError: (1146, "Table 'edu_api.django_session' doesn't exist")
ERROR 2020-07-09 09:38:43,978 basehttp 124 "GET /xadmin/ HTTP/1.1" 500 215202
INFO 2020-07-09 09:40:34,410 basehttp 124 "GET /xadmin/ HTTP/1.1" 200 4167
INFO 2020-07-09 09:40:34,447 basehttp 124 "GET /static/xadmin/vendor/bootstrap/css/bootstrap.css HTTP/1.1" 200 126432
INFO 2020-07-09 09:40:34,455 basehttp 124 "GET /static/xadmin/css/themes/bootstrap-xadmin.css HTTP/1.1" 200 1888
INFO 2020-07-09 09:40:34,459 basehttp 124 "GET /static/xadmin/vendor/font-awesome/css/font-awesome.css HTTP/1.1" 200 21658
INFO 2020-07-09 09:40:34,464 basehttp 124 "GET /static/xadmin/css/xadmin.main.css HTTP/1.1" 200 8376
INFO 2020-07-09 09:40:34,468 basehttp 124 "GET /static/xadmin/css/xadmin.plugins.css HTTP/1.1" 200 175
INFO 2020-07-09 09:40:34,475 basehttp 124 "GET /static/xadmin/css/xadmin.responsive.css HTTP/1.1" 200 4361
INFO 2020-07-09 09:40:34,505 basehttp 124 "GET /xadmin/jsi18n/ HTTP/1.1" 200 4174
INFO 2020-07-09 09:40:34,507 basehttp 124 "GET /static/xadmin/vendor/jquery-ui/jquery.ui.widget.js HTTP/1.1" 200 15069
INFO 2020-07-09 09:40:34,510 basehttp 124 "GET /static/xadmin/vendor/jquery-ui/jquery.ui.core.js HTTP/1.1" 200 8195
INFO 2020-07-09 09:40:34,513 basehttp 124 "GET /static/xadmin/vendor/jquery/jquery.js HTTP/1.1" 200 240196
INFO 2020-07-09 09:40:34,514 basehttp 124 "GET /static/xadmin/vendor/bootstrap/js/bootstrap.js HTTP/1.1" 200 58327
INFO 2020-07-09 09:40:34,514 basehttp 124 "GET /static/xadmin/vendor/jquery-ui/jquery.ui.mouse.js HTTP/1.1" 200 4561
INFO 2020-07-09 09:40:34,524 basehttp 124 "GET /static/xadmin/js/xadmin.responsive.js HTTP/1.1" 200 4165
INFO 2020-07-09 09:40:34,525 basehttp 124 "GET /static/xadmin/js/xadmin.main.js HTTP/1.1" 200 3401
INFO 2020-07-09 09:40:34,530 basehttp 124 "GET /static/xadmin/vendor/jquery-ui/jquery.ui.sortable.js HTTP/1.1" 200 42543
INFO 2020-07-09 09:40:34,623 basehttp 124 "GET /static/xadmin/vendor/font-awesome/fonts/fontawesome-webfont.woff?v=4.0.3 HTTP/1.1" 200 44432
INFO 2020-07-09 09:45:47,088 basehttp 124 "POST /xadmin/ HTTP/1.1" 302 0
INFO 2020-07-09 09:45:51,139 basehttp 124 "GET /xadmin/ HTTP/1.1" 200 9841
INFO 2020-07-09 09:45:51,196 basehttp 124 "GET /static/xadmin/vendor/font-awesome/css/font-awesome.css HTTP/1.1" 304 0
INFO 2020-07-09 09:45:51,196 basehttp 124 "GET /static/xadmin/css/themes/bootstrap-xadmin.css HTTP/1.1" 304 0
INFO 2020-07-09 09:45:51,197 basehttp 124 "GET /static/xadmin/vendor/bootstrap/css/bootstrap.css HTTP/1.1" 304 0
INFO 2020-07-09 09:45:51,198 basehttp 124 "GET /static/xadmin/css/xadmin.page.dashboard.css HTTP/1.1" 200 790
INFO 2020-07-09 09:45:51,200 basehttp 124 "GET /static/xadmin/css/xadmin.main.css HTTP/1.1" 304 0
INFO 2020-07-09 09:45:51,203 basehttp 124 "GET /static/xadmin/css/xadmin.plugins.css HTTP/1.1" 304 0
INFO 2020-07-09 09:45:51,207 basehttp 124 "GET /static/xadmin/css/xadmin.responsive.css HTTP/1.1" 304 0
INFO 2020-07-09 09:45:51,223 basehttp 124 "GET /static/xadmin/js/xadmin.page.dashboard.js HTTP/1.1" 200 3208
INFO 2020-07-09 09:45:51,223 basehttp 124 "GET /static/xadmin/js/xadmin.plugin.portal.js HTTP/1.1" 200 1000
INFO 2020-07-09 09:45:51,226 basehttp 124 "GET /static/xadmin/vendor/jquery/jquery.js HTTP/1.1" 304 0
INFO 2020-07-09 09:45:51,228 basehttp 124 "GET /static/xadmin/vendor/jquery-ui/jquery.ui.core.js HTTP/1.1" 304 0
INFO 2020-07-09 09:45:51,230 basehttp 124 "GET /static/xadmin/vendor/jquery-ui/jquery.ui.widget.js HTTP/1.1" 304 0
INFO 2020-07-09 09:45:51,238 basehttp 124 "GET /static/xadmin/vendor/bootstrap/js/bootstrap.js HTTP/1.1" 304 0
INFO 2020-07-09 09:45:51,243 basehttp 124 "GET /static/xadmin/vendor/jquery-ui/jquery.ui.mouse.js HTTP/1.1" 304 0
INFO 2020-07-09 09:45:51,244 basehttp 124 "GET /static/xadmin/vendor/jquery-ui/jquery.ui.sortable.js HTTP/1.1" 304 0
INFO 2020-07-09 09:45:51,246 basehttp 124 "GET /static/xadmin/js/xadmin.main.js HTTP/1.1" 304 0
INFO 2020-07-09 09:45:51,248 basehttp 124 "GET /static/xadmin/js/xadmin.responsive.js HTTP/1.1" 304 0
INFO 2020-07-09 09:45:55,230 basehttp 124 "GET /xadmin/jsi18n/ HTTP/1.1" 200 3185
INFO 2020-07-09 09:45:55,249 basehttp 124 "GET /static/xadmin/vendor/font-awesome/fonts/fontawesome-webfont.woff?v=4.0.3 HTTP/1.1" 304 0
INFO 2020-07-09 09:47:49,791 basehttp 124 "GET /xadmin/ HTTP/1.1" 200 9830
INFO 2020-07-09 09:47:53,880 basehttp 124 "GET /xadmin/jsi18n/ HTTP/1.1" 200 7684
INFO 2020-07-09 09:48:05,499 basehttp 124 "GET /xadmin/auth/user/ HTTP/1.1" 200 29388
INFO 2020-07-09 09:48:05,561 basehttp 124 "GET /static/xadmin/css/xadmin.form.css HTTP/1.1" 200 3763
INFO 2020-07-09 09:48:05,577 basehttp 124 "GET /static/xadmin/js/xadmin.plugin.details.js HTTP/1.1" 200 2319
INFO 2020-07-09 09:48:05,579 basehttp 124 "GET /static/xadmin/js/xadmin.plugin.bookmark.js HTTP/1.1" 200 529
INFO 2020-07-09 09:48:05,585 basehttp 124 "GET /static/xadmin/js/xadmin.plugin.filters.js HTTP/1.1" 200 1990
INFO 2020-07-09 09:48:05,601 basehttp 124 "GET /static/xadmin/js/xadmin.plugin.actions.js HTTP/1.1" 200 4198
INFO 2020-07-09 09:48:05,605 basehttp 124 "GET /static/xadmin/js/xadmin.page.list.js HTTP/1.1" 200 1105
INFO 2020-07-09 09:48:05,613 basehttp 124 "GET /static/xadmin/js/xadmin.page.form.js HTTP/1.1" 200 1948
INFO 2020-07-09 09:48:09,632 basehttp 124 "GET /xadmin/jsi18n/ HTTP/1.1" 200 7684
INFO 2020-07-09 09:48:31,395 basehttp 124 "GET /xadmin/auth/group/ HTTP/1.1" 200 19053
INFO 2020-07-09 09:48:35,453 basehttp 124 "GET /xadmin/jsi18n/ HTTP/1.1" 200 7684
INFO 2020-07-09 09:48:41,461 basehttp 124 "GET /xadmin/auth/user/ HTTP/1.1" 200 29388
INFO 2020-07-09 09:48:45,533 basehttp 124 "GET /xadmin/jsi18n/ HTTP/1.1" 200 7684
INFO 2020-07-09 09:54:24,547 basehttp 124 "GET /xadmin/auth/user/ HTTP/1.1" 200 29388
INFO 2020-07-09 09:54:24,604 basehttp 124 "GET /static/xadmin/vendor/bootstrap/css/bootstrap.css HTTP/1.1" 304 0
INFO 2020-07-09 09:54:24,627 basehttp 124 "GET /static/xadmin/css/themes/bootstrap-xadmin.css HTTP/1.1" 304 0
INFO 2020-07-09 09:54:24,634 basehttp 124 "GET /static/xadmin/vendor/font-awesome/css/font-awesome.css HTTP/1.1" 304 0
INFO 2020-07-09 09:54:24,635 basehttp 124 "GET /static/xadmin/css/xadmin.main.css HTTP/1.1" 304 0
INFO 2020-07-09 09:54:24,650 basehttp 124 "GET /static/xadmin/css/xadmin.plugins.css HTTP/1.1" 304 0
INFO 2020-07-09 09:54:24,653 basehttp 124 "GET /static/xadmin/css/xadmin.responsive.css HTTP/1.1" 304 0
INFO 2020-07-09 09:54:24,662 basehttp 124 "GET /static/xadmin/css/xadmin.form.css HTTP/1.1" 304 0
INFO 2020-07-09 09:54:24,680 basehttp 124 "GET /static/xadmin/vendor/jquery-ui/jquery.ui.core.js HTTP/1.1" 304 0
INFO 2020-07-09 09:54:24,684 basehttp 124 "GET /static/xadmin/js/xadmin.main.js HTTP/1.1" 304 0
INFO 2020-07-09 09:54:24,685 basehttp 124 "GET /static/xadmin/vendor/jquery-ui/jquery.ui.sortable.js HTTP/1.1" 304 0
INFO 2020-07-09 09:54:24,685 basehttp 124 "GET /static/xadmin/vendor/jquery-ui/jquery.ui.widget.js HTTP/1.1" 304 0
INFO 2020-07-09 09:54:24,689 basehttp 124 "GET /static/xadmin/vendor/bootstrap/js/bootstrap.js HTTP/1.1" 304 0
INFO 2020-07-09 09:54:24,702 basehttp 124 "GET /static/xadmin/js/xadmin.plugin.details.js HTTP/1.1" 304 0
INFO 2020-07-09 09:54:24,714 basehttp 124 "GET /static/xadmin/js/xadmin.plugin.bookmark.js HTTP/1.1" 304 0
INFO 2020-07-09 09:54:24,727 basehttp 124 "GET /static/xadmin/js/xadmin.plugin.filters.js HTTP/1.1" 304 0
INFO 2020-07-09 09:54:24,729 basehttp 124 "GET /static/xadmin/js/xadmin.plugin.actions.js HTTP/1.1" 304 0
INFO 2020-07-09 09:54:24,733 basehttp 124 "GET /static/xadmin/vendor/jquery/jquery.js HTTP/1.1" 304 0
INFO 2020-07-09 09:54:24,734 basehttp 124 "GET /static/xadmin/js/xadmin.page.list.js HTTP/1.1" 304 0
INFO 2020-07-09 09:54:24,735 basehttp 124 "GET /static/xadmin/js/xadmin.page.form.js HTTP/1.1" 304 0
INFO 2020-07-09 09:54:24,748 basehttp 124 "GET /static/xadmin/js/xadmin.responsive.js HTTP/1.1" 304 0
INFO 2020-07-09 09:54:24,751 basehttp 124 "GET /static/xadmin/vendor/jquery-ui/jquery.ui.mouse.js HTTP/1.1" 304 0
INFO 2020-07-09 09:54:28,676 basehttp 124 "GET /xadmin/jsi18n/ HTTP/1.1" 200 7684
INFO 2020-07-09 09:54:28,700 basehttp 124 "GET /static/xadmin/vendor/font-awesome/fonts/fontawesome-webfont.woff?v=4.0.3 HTTP/1.1" 304 0
INFO 2020-07-09 09:55:03,214 basehttp 124 "GET /xadmin/auth/user/ HTTP/1.1" 200 32794
INFO 2020-07-09 09:55:03,250 basehttp 124 "GET /static/xadmin/vendor/jquery-ui/jquery.ui.effect.js HTTP/1.1" 200 31918
INFO 2020-07-09 09:55:03,255 basehttp 124 "GET /static/xadmin/js/xadmin.plugin.themes.js HTTP/1.1" 200 3489
INFO 2020-07-09 09:55:07,275 basehttp 124 "GET /xadmin/jsi18n/ HTTP/1.1" 200 7684
INFO 2020-07-09 09:59:25,487 basehttp 124 "GET /xadmin/auth/user/ HTTP/1.1" 200 33925
INFO 2020-07-09 09:59:25,558 basehttp 124 "GET /static/xadmin/css/themes/bootstrap-xadmin.css HTTP/1.1" 304 0
INFO 2020-07-09 09:59:25,559 basehttp 124 "GET /static/xadmin/vendor/bootstrap/css/bootstrap.css HTTP/1.1" 304 0
INFO 2020-07-09 09:59:25,561 basehttp 124 "GET /static/xadmin/vendor/font-awesome/css/font-awesome.css HTTP/1.1" 304 0
INFO 2020-07-09 09:59:25,564 basehttp 124 "GET /static/xadmin/css/xadmin.main.css HTTP/1.1" 304 0
INFO 2020-07-09 09:59:25,565 basehttp 124 "GET /static/xadmin/css/xadmin.plugins.css HTTP/1.1" 304 0
INFO 2020-07-09 09:59:25,567 basehttp 124 "GET /static/xadmin/css/xadmin.responsive.css HTTP/1.1" 304 0
INFO 2020-07-09 09:59:25,572 basehttp 124 "GET /static/xadmin/css/xadmin.form.css HTTP/1.1" 304 0
INFO 2020-07-09 09:59:25,576 basehttp 124 "GET /static/xadmin/vendor/jquery-ui/jquery.ui.core.js HTTP/1.1" 304 0
INFO 2020-07-09 09:59:25,577 basehttp 124 "GET /static/xadmin/vendor/jquery-ui/jquery.ui.widget.js HTTP/1.1" 304 0
INFO 2020-07-09 09:59:25,581 basehttp 124 "GET /static/xadmin/vendor/jquery-ui/jquery.ui.mouse.js HTTP/1.1" 304 0
INFO 2020-07-09 09:59:25,587 basehttp 124 "GET /static/xadmin/vendor/jquery-ui/jquery.ui.sortable.js HTTP/1.1" 304 0
INFO 2020-07-09 09:59:25,602 basehttp 124 "GET /static/xadmin/vendor/bootstrap/js/bootstrap.js HTTP/1.1" 304 0
INFO 2020-07-09 09:59:25,603 basehttp 124 "GET /static/xadmin/js/xadmin.main.js HTTP/1.1" 304 0
INFO 2020-07-09 09:59:25,605 basehttp 124 "GET /static/xadmin/js/xadmin.responsive.js HTTP/1.1" 304 0
INFO 2020-07-09 09:59:25,607 basehttp 124 "GET /static/xadmin/js/xadmin.plugin.themes.js HTTP/1.1" 304 0
INFO 2020-07-09 09:59:25,608 basehttp 124 "GET /static/xadmin/vendor/jquery-ui/jquery.ui.effect.js HTTP/1.1" 304 0
INFO 2020-07-09 09:59:25,610 basehttp 124 "GET /static/xadmin/js/xadmin.plugin.bookmark.js HTTP/1.1" 304 0
INFO 2020-07-09 09:59:25,615 basehttp 124 "GET /static/xadmin/js/xadmin.plugin.filters.js HTTP/1.1" 304 0
INFO 2020-07-09 09:59:25,622 basehttp 124 "GET /static/xadmin/js/xadmin.page.list.js HTTP/1.1" 304 0
INFO 2020-07-09 09:59:25,626 basehttp 124 "GET /static/xadmin/vendor/jquery/jquery.js HTTP/1.1" 304 0
INFO 2020-07-09 09:59:25,627 basehttp 124 "GET /static/xadmin/js/xadmin.plugin.details.js HTTP/1.1" 304 0
INFO 2020-07-09 09:59:25,632 basehttp 124 "GET /static/xadmin/js/xadmin.plugin.actions.js HTTP/1.1" 304 0
INFO 2020-07-09 09:59:25,633 basehttp 124 "GET /static/xadmin/js/xadmin.page.form.js HTTP/1.1" 304 0
INFO 2020-07-09 09:59:29,614 basehttp 124 "GET /xadmin/jsi18n/ HTTP/1.1" 200 7684
INFO 2020-07-09 09:59:29,674 basehttp 124 "GET /static/xadmin/vendor/font-awesome/fonts/fontawesome-webfont.woff?v=4.0.3 HTTP/1.1" 304 0
INFO 2020-07-09 10:00:15,422 basehttp 124 "GET /xadmin/home/banner/ HTTP/1.1" 200 23921
INFO 2020-07-09 10:00:19,699 basehttp 124 "GET /xadmin/jsi18n/ HTTP/1.1" 200 7684
INFO 2020-07-09 10:02:32,390 basehttp 124 "GET /xadmin/home/banner/ HTTP/1.1" 200 23921
INFO 2020-07-09 10:02:36,457 basehttp 124 "GET /xadmin/jsi18n/ HTTP/1.1" 200 7684
WARNING 2020-07-09 10:03:01,300 base 93 Not Found: /
WARNING 2020-07-09 10:03:01,300 basehttp 124 "GET / HTTP/1.1" 404 2047
INFO 2020-07-09 10:03:09,285 basehttp 124 "GET /media HTTP/1.1" 301 0
WARNING 2020-07-09 10:03:09,300 base 93 Not Found: /media/
WARNING 2020-07-09 10:03:09,301 basehttp 124 "GET /media/ HTTP/1.1" 404 1721
WARNING 2020-07-09 10:05:35,873 base 93 Not Found: /admin
WARNING 2020-07-09 10:05:35,874 basehttp 124 "GET /admin HTTP/1.1" 404 2080
INFO 2020-07-09 10:05:46,187 basehttp 124 "GET /xadmin/ HTTP/1.1" 200 14382
INFO 2020-07-09 10:05:46,251 basehttp 124 "GET /static/xadmin/vendor/bootstrap/css/bootstrap.css HTTP/1.1" 304 0
INFO 2020-07-09 10:05:46,277 basehttp 124 "GET /static/xadmin/css/themes/bootstrap-xadmin.css HTTP/1.1" 304 0
INFO 2020-07-09 10:05:46,284 basehttp 124 "GET /static/xadmin/vendor/font-awesome/css/font-awesome.css HTTP/1.1" 304 0
INFO 2020-07-09 10:05:46,298 basehttp 124 "GET /static/xadmin/css/xadmin.main.css HTTP/1.1" 304 0
INFO 2020-07-09 10:05:46,307 basehttp 124 "GET /static/xadmin/css/xadmin.plugins.css HTTP/1.1" 304 0
INFO 2020-07-09 10:05:46,310 basehttp 124 "GET /static/xadmin/css/xadmin.responsive.css HTTP/1.1" 304 0
INFO 2020-07-09 10:05:46,311 basehttp 124 "GET /static/xadmin/css/xadmin.page.dashboard.css HTTP/1.1" 304 0
INFO 2020-07-09 10:05:46,327 basehttp 124 "GET /static/xadmin/vendor/jquery-ui/jquery.ui.widget.js HTTP/1.1" 304 0
INFO 2020-07-09 10:05:46,329 basehttp 124 "GET /static/xadmin/vendor/jquery-ui/jquery.ui.sortable.js HTTP/1.1" 304 0
INFO 2020-07-09 10:05:46,333 basehttp 124 "GET /static/xadmin/js/xadmin.main.js HTTP/1.1" 304 0
INFO 2020-07-09 10:05:46,344 basehttp 124 "GET /static/xadmin/vendor/jquery-ui/jquery.ui.effect.js HTTP/1.1" 304 0
INFO 2020-07-09 10:05:46,345 basehttp 124 "GET /static/xadmin/js/xadmin.plugin.themes.js HTTP/1.1" 304 0
INFO 2020-07-09 10:05:46,355 basehttp 124 "GET /static/xadmin/vendor/jquery/jquery.js HTTP/1.1" 304 0
INFO 2020-07-09 10:05:46,366 basehttp 124 "GET /static/xadmin/vendor/jquery-ui/jquery.ui.core.js HTTP/1.1" 304 0
INFO 2020-07-09 10:05:46,380 basehttp 124 "GET /static/xadmin/vendor/jquery-ui/jquery.ui.mouse.js HTTP/1.1" 304 0
INFO 2020-07-09 10:05:46,386 basehttp 124 "GET /static/xadmin/js/xadmin.responsive.js HTTP/1.1" 304 0
INFO 2020-07-09 10:05:46,406 basehttp 124 "GET /static/xadmin/js/xadmin.page.dashboard.js HTTP/1.1" 304 0
INFO 2020-07-09 10:05:46,413 basehttp 124 "GET /static/xadmin/vendor/bootstrap/js/bootstrap.js HTTP/1.1" 304 0
INFO 2020-07-09 10:05:46,414 basehttp 124 "GET /static/xadmin/js/xadmin.plugin.portal.js HTTP/1.1" 304 0
INFO 2020-07-09 10:05:50,352 basehttp 124 "GET /xadmin/jsi18n/ HTTP/1.1" 200 7684
INFO 2020-07-09 10:05:50,422 basehttp 124 "GET /static/xadmin/vendor/font-awesome/fonts/fontawesome-webfont.woff?v=4.0.3 HTTP/1.1" 304 0
INFO 2020-07-09 10:06:04,777 basehttp 124 "GET /xadmin/home/banner/ HTTP/1.1" 200 23921
INFO 2020-07-09 10:06:04,817 basehttp 124 "GET /static/xadmin/css/xadmin.form.css HTTP/1.1" 304 0
INFO 2020-07-09 10:06:04,836 basehttp 124 "GET /static/xadmin/js/xadmin.plugin.details.js HTTP/1.1" 304 0
INFO 2020-07-09 10:06:04,841 basehttp 124 "GET /static/xadmin/js/xadmin.plugin.bookmark.js HTTP/1.1" 304 0
INFO 2020-07-09 10:06:04,847 basehttp 124 "GET /static/xadmin/js/xadmin.plugin.filters.js HTTP/1.1" 304 0
INFO 2020-07-09 10:06:04,850 basehttp 124 "GET /static/xadmin/js/xadmin.page.list.js HTTP/1.1" 304 0
INFO 2020-07-09 10:06:04,851 basehttp 124 "GET /static/xadmin/js/xadmin.page.form.js HTTP/1.1" 304 0
INFO 2020-07-09 10:06:08,839 basehttp 124 "GET /xadmin/jsi18n/ HTTP/1.1" 200 7684
INFO 2020-07-09 10:06:21,299 basehttp 124 "GET /xadmin/home/banner/add/ HTTP/1.1" 200 19457
INFO 2020-07-09 10:06:21,334 basehttp 124 "GET /static/xadmin/vendor/bootstrap-image-gallery/css/bootstrap-image-gallery.css HTTP/1.1" 200 3339
INFO 2020-07-09 10:06:21,348 basehttp 124 "GET /static/xadmin/vendor/load-image/load-image.js HTTP/1.1" 200 8309
INFO 2020-07-09 10:06:21,358 basehttp 124 "GET /static/xadmin/vendor/bootstrap-image-gallery/js/bootstrap-image-gallery.js HTTP/1.1" 200 15611
INFO 2020-07-09 10:06:25,373 basehttp 124 "GET /xadmin/jsi18n/ HTTP/1.1" 200 7684
INFO 2020-07-09 10:09:06,235 basehttp 124 "POST /xadmin/home/banner/add/ HTTP/1.1" 302 0
INFO 2020-07-09 10:09:10,358 basehttp 124 "GET /xadmin/home/banner/add/ HTTP/1.1" 200 19803
INFO 2020-07-09 10:09:14,423 basehttp 124 "GET /xadmin/jsi18n/ HTTP/1.1" 200 7684
INFO 2020-07-09 10:10:03,118 basehttp 124 "POST /xadmin/home/banner/add/ HTTP/1.1" 302 0
INFO 2020-07-09 10:10:07,215 basehttp 124 "GET /xadmin/home/banner/add/ HTTP/1.1" 200 19803
INFO 2020-07-09 10:10:11,270 basehttp 124 "GET /xadmin/jsi18n/ HTTP/1.1" 200 7684
INFO 2020-07-09 10:10:49,816 basehttp 124 "POST /xadmin/home/banner/add/ HTTP/1.1" 302 0
INFO 2020-07-09 10:10:53,941 basehttp 124 "GET /xadmin/home/banner/add/ HTTP/1.1" 200 19801
INFO 2020-07-09 10:10:58,020 basehttp 124 "GET /xadmin/jsi18n/ HTTP/1.1" 200 7684
INFO 2020-07-09 10:11:26,438 basehttp 124 "POST /xadmin/home/banner/add/ HTTP/1.1" 302 0
INFO 2020-07-09 10:11:30,539 basehttp 124 "GET /xadmin/home/banner/ HTTP/1.1" 200 29722
INFO 2020-07-09 10:11:30,605 basehttp 124 "GET /static/xadmin/vendor/bootstrap/css/bootstrap.css HTTP/1.1" 304 0
INFO 2020-07-09 10:11:30,611 basehttp 124 "GET /static/xadmin/css/themes/bootstrap-xadmin.css HTTP/1.1" 304 0
INFO 2020-07-09 10:11:30,613 basehttp 124 "GET /static/xadmin/vendor/font-awesome/css/font-awesome.css HTTP/1.1" 304 0
INFO 2020-07-09 10:11:30,613 basehttp 124 "GET /static/xadmin/css/xadmin.main.css HTTP/1.1" 304 0
INFO 2020-07-09 10:11:30,620 basehttp 124 "GET /static/xadmin/css/xadmin.plugins.css HTTP/1.1" 304 0
INFO 2020-07-09 10:11:30,624 basehttp 124 "GET /static/xadmin/css/xadmin.responsive.css HTTP/1.1" 304 0
INFO 2020-07-09 10:11:30,630 basehttp 124 "GET /static/xadmin/css/xadmin.form.css HTTP/1.1" 304 0
INFO 2020-07-09 10:11:30,634 basehttp 124 "GET /static/xadmin/vendor/jquery/jquery.js HTTP/1.1" 304 0
INFO 2020-07-09 10:11:30,646 basehttp 124 "GET /static/xadmin/vendor/jquery-ui/jquery.ui.core.js HTTP/1.1" 304 0
INFO 2020-07-09 10:11:30,647 basehttp 124 "GET /static/xadmin/vendor/jquery-ui/jquery.ui.widget.js HTTP/1.1" 304 0
INFO 2020-07-09 10:11:30,651 basehttp 124 "GET /static/xadmin/vendor/jquery-ui/jquery.ui.mouse.js HTTP/1.1" 304 0
INFO 2020-07-09 10:11:30,665 basehttp 124 "GET /static/xadmin/vendor/jquery-ui/jquery.ui.sortable.js HTTP/1.1" 304 0
INFO 2020-07-09 10:11:30,667 basehttp 124 "GET /static/xadmin/vendor/bootstrap/js/bootstrap.js HTTP/1.1" 304 0
INFO 2020-07-09 10:11:30,672 basehttp 124 "GET /static/xadmin/js/xadmin.responsive.js HTTP/1.1" 304 0
INFO 2020-07-09 10:11:30,669 basehttp 124 "GET /static/xadmin/js/xadmin.main.js HTTP/1.1" 304 0
INFO 2020-07-09 10:11:30,686 basehttp 124 "GET /static/xadmin/vendor/jquery-ui/jquery.ui.effect.js HTTP/1.1" 304 0
INFO 2020-07-09 10:11:30,689 basehttp 124 "GET /static/xadmin/js/xadmin.plugin.filters.js HTTP/1.1" 304 0
INFO 2020-07-09 10:11:30,690 basehttp 124 "GET /static/xadmin/js/xadmin.page.list.js HTTP/1.1" 304 0
INFO 2020-07-09 10:11:30,690 basehttp 124 "GET /static/xadmin/js/xadmin.plugin.actions.js HTTP/1.1" 304 0
INFO 2020-07-09 10:11:30,692 basehttp 124 "GET /static/xadmin/js/xadmin.page.form.js HTTP/1.1" 304 0
INFO 2020-07-09 10:11:30,712 basehttp 124 "GET /static/xadmin/js/xadmin.plugin.details.js HTTP/1.1" 304 0
INFO 2020-07-09 10:11:30,720 basehttp 124 "GET /static/xadmin/js/xadmin.plugin.themes.js HTTP/1.1" 304 0
INFO 2020-07-09 10:11:30,721 basehttp 124 "GET /static/xadmin/js/xadmin.plugin.bookmark.js HTTP/1.1" 304 0
INFO 2020-07-09 10:11:34,654 basehttp 124 "GET /xadmin/jsi18n/ HTTP/1.1" 200 7684
INFO 2020-07-09 10:11:34,676 basehttp 124 "GET /static/xadmin/vendor/font-awesome/fonts/fontawesome-webfont.woff?v=4.0.3 HTTP/1.1" 304 0
INFO 2020-07-09 10:12:38,484 basehttp 124 "GET /xadmin/home/banner/ HTTP/1.1" 200 29427
INFO 2020-07-09 10:12:42,603 basehttp 124 "GET /xadmin/jsi18n/ HTTP/1.1" 200 7684
INFO 2020-07-09 10:43:55,108 basehttp 124 "GET /home/banner HTTP/1.1" 301 0
INFO 2020-07-09 10:43:59,257 basehttp 124 "GET /home/banner/ HTTP/1.1" 200 6312
INFO 2020-07-09 10:43:59,435 basehttp 124 "GET /static/rest_framework/css/bootstrap-tweaks.css HTTP/1.1" 200 3385
INFO 2020-07-09 10:43:59,436 basehttp 124 "GET /static/rest_framework/css/prettify.css HTTP/1.1" 200 817
INFO 2020-07-09 10:43:59,445 basehttp 124 "GET /static/rest_framework/css/bootstrap.min.css HTTP/1.1" 200 121457
INFO 2020-07-09 10:43:59,457 basehttp 124 "GET /static/rest_framework/css/default.css HTTP/1.1" 200 1131
INFO 2020-07-09 10:43:59,479 basehttp 124 "GET /static/rest_framework/js/jquery-3.4.1.min.js HTTP/1.1" 200 88145
INFO 2020-07-09 10:43:59,495 basehttp 124 "GET /static/rest_framework/js/ajax-form.js HTTP/1.1" 200 3597
INFO 2020-07-09 10:43:59,501 basehttp 124 "GET /static/rest_framework/js/csrf.js HTTP/1.1" 200 1719
INFO 2020-07-09 10:43:59,554 basehttp 124 "GET /static/rest_framework/js/prettify-min.js HTTP/1.1" 200 13632
INFO 2020-07-09 10:43:59,568 basehttp 124 "GET /static/rest_framework/js/default.js HTTP/1.1" 200 1268
INFO 2020-07-09 10:43:59,593 basehttp 124 "GET /static/rest_framework/js/bootstrap.min.js HTTP/1.1" 200 37608
INFO 2020-07-09 10:43:59,643 basehttp 124 "GET /static/rest_framework/img/grid.png HTTP/1.1" 200 1458
INFO 2020-07-09 10:53:11,411 basehttp 124 "GET /home/banner/ HTTP/1.1" 200 6312
INFO 2020-07-09 10:54:06,056 basehttp 124 "GET /home/banner/ HTTP/1.1" 200 298
INFO 2020-07-09 11:10:38,932 basehttp 124 "GET /media/banner/02.png HTTP/1.1" 200 364808
INFO 2020-07-09 11:10:38,937 basehttp 124 "GET /media/banner/04.png HTTP/1.1" 200 688041
INFO 2020-07-09 11:10:38,939 basehttp 124 "GET /media/banner/03.png HTTP/1.1" 200 745382
INFO 2020-07-09 11:10:38,991 basehttp 124 "GET /media/banner/01.png HTTP/1.1" 200 737783
INFO 2020-07-09 11:11:18,888 basehttp 124 "GET /home/banner/ HTTP/1.1" 200 298
ERROR 2020-07-09 11:11:18,936 basehttp 124 "GET /home/banner/ HTTP/1.1" 500 59
INFO 2020-07-09 11:11:20,960 basehttp 124 "GET /home/banner/ HTTP/1.1" 200 298
INFO 2020-07-09 11:11:44,143 basehttp 124 "GET /home/banner/ HTTP/1.1" 200 298
INFO 2020-07-09 11:12:19,811 basehttp 124 "GET /home/banner/ HTTP/1.1" 200 298
ERROR 2020-07-09 11:12:19,812 basehttp 124 "GET /home/banner/ HTTP/1.1" 500 59
INFO 2020-07-09 11:12:22,095 basehttp 124 "GET /home/banner/ HTTP/1.1" 200 298
INFO 2020-07-09 11:12:41,234 basehttp 124 "GET /home/banner/ HTTP/1.1" 200 298
INFO 2020-07-09 11:14:10,430 basehttp 124 "GET /home/banner/ HTTP/1.1" 200 298
INFO 2020-07-09 11:14:15,579 basehttp 124 "GET /home/banner/ HTTP/1.1" 200 298
INFO 2020-07-09 11:22:13,922 basehttp 124 "GET /xadmin/home/banner/ HTTP/1.1" 200 29841
INFO 2020-07-09 11:22:13,958 basehttp 124 "GET /static/xadmin/vendor/bootstrap/css/bootstrap.css HTTP/1.1" 304 0
INFO 2020-07-09 11:22:13,979 basehttp 124 "GET /static/xadmin/css/themes/bootstrap-xadmin.css HTTP/1.1" 304 0
INFO 2020-07-09 11:22:13,983 basehttp 124 "GET /static/xadmin/vendor/font-awesome/css/font-awesome.css HTTP/1.1" 304 0
INFO 2020-07-09 11:22:13,986 basehttp 124 "GET /static/xadmin/css/xadmin.main.css HTTP/1.1" 304 0
INFO 2020-07-09 11:22:13,991 basehttp 124 "GET /static/xadmin/css/xadmin.plugins.css HTTP/1.1" 304 0
INFO 2020-07-09 11:22:13,999 basehttp 124 "GET /static/xadmin/css/xadmin.responsive.css HTTP/1.1" 304 0
INFO 2020-07-09 11:22:14,000 basehttp 124 "GET /static/xadmin/css/xadmin.form.css HTTP/1.1" 304 0
INFO 2020-07-09 11:22:14,005 basehttp 124 "GET /static/xadmin/vendor/jquery/jquery.js HTTP/1.1" 304 0
INFO 2020-07-09 11:22:14,008 basehttp 124 "GET /static/xadmin/vendor/jquery-ui/jquery.ui.core.js HTTP/1.1" 304 0
INFO 2020-07-09 11:22:14,018 basehttp 124 "GET /static/xadmin/vendor/jquery-ui/jquery.ui.widget.js HTTP/1.1" 304 0
INFO 2020-07-09 11:22:14,031 basehttp 124 "GET /static/xadmin/js/xadmin.main.js HTTP/1.1" 304 0
INFO 2020-07-09 11:22:14,032 basehttp 124 "GET /static/xadmin/vendor/jquery-ui/jquery.ui.effect.js HTTP/1.1" 304 0
INFO 2020-07-09 11:22:14,032 basehttp 124 "GET /static/xadmin/js/xadmin.responsive.js HTTP/1.1" 304 0
INFO 2020-07-09 11:22:14,037 basehttp 124 "GET /static/xadmin/js/xadmin.plugin.themes.js HTTP/1.1" 304 0
INFO 2020-07-09 11:22:14,049 basehttp 124 "GET /static/xadmin/js/xadmin.plugin.details.js HTTP/1.1" 304 0
INFO 2020-07-09 11:22:14,052 basehttp 124 "GET /static/xadmin/js/xadmin.plugin.actions.js HTTP/1.1" 304 0
INFO 2020-07-09 11:22:14,058 basehttp 124 "GET /static/xadmin/js/xadmin.plugin.bookmark.js HTTP/1.1" 304 0
INFO 2020-07-09 11:22:14,060 basehttp 124 "GET /static/xadmin/js/xadmin.plugin.filters.js HTTP/1.1" 304 0
INFO 2020-07-09 11:22:14,061 basehttp 124 "GET /static/xadmin/js/xadmin.page.list.js HTTP/1.1" 304 0
INFO 2020-07-09 11:22:14,074 basehttp 124 "GET /static/xadmin/vendor/bootstrap/js/bootstrap.js HTTP/1.1" 304 0
INFO 2020-07-09 11:22:14,075 basehttp 124 "GET /static/xadmin/vendor/jquery-ui/jquery.ui.mouse.js HTTP/1.1" 304 0
INFO 2020-07-09 11:22:14,077 basehttp 124 "GET /static/xadmin/js/xadmin.page.form.js HTTP/1.1" 304 0
INFO 2020-07-09 11:22:14,077 basehttp 124 "GET /static/xadmin/vendor/jquery-ui/jquery.ui.sortable.js HTTP/1.1" 304 0
INFO 2020-07-09 11:22:18,020 basehttp 124 "GET /xadmin/jsi18n/ HTTP/1.1" 200 7684
INFO 2020-07-09 11:22:18,052 basehttp 124 "GET /static/xadmin/vendor/font-awesome/fonts/fontawesome-webfont.woff?v=4.0.3 HTTP/1.1" 304 0
ERROR 2020-07-09 11:22:25,605 exception 118 Internal Server Error: /xadmin/home/nav/
Traceback (most recent call last):
  File "G:\envs\env02\lib\site-packages\django\db\backends\utils.py", line 85, in _execute
    return self.cursor.execute(sql, params)
  File "G:\envs\env02\lib\site-packages\django\db\backends\mysql\base.py", line 71, in execute
    return self.cursor.execute(query, args)
  File "G:\envs\env02\lib\site-packages\MySQLdb\cursors.py", line 209, in execute
    res = self._query(query)
  File "G:\envs\env02\lib\site-packages\MySQLdb\cursors.py", line 315, in _query
    db.query(q)
  File "G:\envs\env02\lib\site-packages\MySQLdb\connections.py", line 239, in query
    _mysql.connection.query(self, query)
MySQLdb._exceptions.ProgrammingError: (1146, "Table 'edu_api.bz_nav' doesn't exist")

The above exception was the direct cause of the following exception:

Traceback (most recent call last):
  File "G:\envs\env02\lib\site-packages\django\core\handlers\exception.py", line 35, in inner
    response = get_response(request)
  File "G:\envs\env02\lib\site-packages\django\core\handlers\base.py", line 128, in _get_response
    response = self.process_exception_by_middleware(e, request)
  File "G:\envs\env02\lib\site-packages\django\core\handlers\base.py", line 126, in _get_response
    response = wrapped_callback(request, *callback_args, **callback_kwargs)
  File "G:\envs\env02\lib\site-packages\xadmin\sites.py", line 300, in wrapper
    return self.admin_view(view, cacheable)(*args, **kwargs)
  File "G:\envs\env02\lib\site-packages\django\views\decorators\cache.py", line 44, in _wrapped_view_func
    response = view_func(request, *args, **kwargs)
  File "G:\envs\env02\lib\site-packages\xadmin\sites.py", line 208, in inner
    return view(request, *args, **kwargs)
  File "G:\envs\env02\lib\site-packages\xadmin\views\base.py", line 282, in view
    return handler(request, *args, **kwargs)
  File "G:\envs\env02\lib\site-packages\django\utils\decorators.py", line 62, in _wrapper
    return bound_func(*args, **kwargs)
  File "G:\envs\env02\lib\site-packages\django\utils\decorators.py", line 142, in _wrapped_view
    response = view_func(request, *args, **kwargs)
  File "G:\envs\env02\lib\site-packages\django\utils\decorators.py", line 58, in bound_func
    return func.__get__(self, type(self))(*args2, **kwargs2)
  File "G:\envs\env02\lib\site-packages\xadmin\views\base.py", line 80, in method
    return filter_chain(filters, len(filters) - 1, _inner_method, *args, **kwargs)
  File "G:\envs\env02\lib\site-packages\xadmin\views\base.py", line 49, in filter_chain
    return func()
  File "G:\envs\env02\lib\site-packages\xadmin\views\base.py", line 74, in _inner_method
    return func(self, *args, **kwargs)
  File "G:\envs\env02\lib\site-packages\xadmin\views\list.py", line 401, in get
    response = self.get_result_list()
  File "G:\envs\env02\lib\site-packages\xadmin\views\base.py", line 80, in method
    return filter_chain(filters, len(filters) - 1, _inner_method, *args, **kwargs)
  File "G:\envs\env02\lib\site-packages\xadmin\views\base.py", line 49, in filter_chain
    return func()
  File "G:\envs\env02\lib\site-packages\xadmin\views\base.py", line 74, in _inner_method
    return func(self, *args, **kwargs)
  File "G:\envs\env02\lib\site-packages\xadmin\views\list.py", line 200, in get_result_list
    return self.make_result_list()
  File "G:\envs\env02\lib\site-packages\xadmin\views\list.py", line 177, in make_result_list
    self.result_count = self.paginator.count
  File "G:\envs\env02\lib\site-packages\django\utils\functional.py", line 36, in __get__
    res = instance.__dict__[self.name] = self.func(instance)
  File "G:\envs\env02\lib\site-packages\django\core\paginator.py", line 85, in count
    return self.object_list.count()
  File "G:\envs\env02\lib\site-packages\django\db\models\query.py", line 387, in count
    return self.query.get_count(using=self.db)
  File "G:\envs\env02\lib\site-packages\django\db\models\sql\query.py", line 491, in get_count
    number = obj.get_aggregation(using, ['__count'])['__count']
  File "G:\envs\env02\lib\site-packages\django\db\models\sql\query.py", line 476, in get_aggregation
    result = compiler.execute_sql(SINGLE)
  File "G:\envs\env02\lib\site-packages\django\db\models\sql\compiler.py", line 1068, in execute_sql
    cursor.execute(sql, params)
  File "G:\envs\env02\lib\site-packages\django\db\backends\utils.py", line 100, in execute
    return super().execute(sql, params)
  File "G:\envs\env02\lib\site-packages\django\db\backends\utils.py", line 68, in execute
    return self._execute_with_wrappers(sql, params, many=False, executor=self._execute)
  File "G:\envs\env02\lib\site-packages\django\db\backends\utils.py", line 77, in _execute_with_wrappers
    return executor(sql, params, many, context)
  File "G:\envs\env02\lib\site-packages\django\db\backends\utils.py", line 85, in _execute
    return self.cursor.execute(sql, params)
  File "G:\envs\env02\lib\site-packages\django\db\utils.py", line 89, in __exit__
    raise dj_exc_value.with_traceback(traceback) from exc_value
  File "G:\envs\env02\lib\site-packages\django\db\backends\utils.py", line 85, in _execute
    return self.cursor.execute(sql, params)
  File "G:\envs\env02\lib\site-packages\django\db\backends\mysql\base.py", line 71, in execute
    return self.cursor.execute(query, args)
  File "G:\envs\env02\lib\site-packages\MySQLdb\cursors.py", line 209, in execute
    res = self._query(query)
  File "G:\envs\env02\lib\site-packages\MySQLdb\cursors.py", line 315, in _query
    db.query(q)
  File "G:\envs\env02\lib\site-packages\MySQLdb\connections.py", line 239, in query
    _mysql.connection.query(self, query)
django.db.utils.ProgrammingError: (1146, "Table 'edu_api.bz_nav' doesn't exist")
ERROR 2020-07-09 11:22:25,797 basehttp 124 "GET /xadmin/home/nav/ HTTP/1.1" 500 226966
INFO 2020-07-09 11:22:38,326 basehttp 124 "GET /xadmin/home/banner/ HTTP/1.1" 200 29841
INFO 2020-07-09 11:23:06,652 basehttp 124 "GET /home/banner/ HTTP/1.1" 200 6312
INFO 2020-07-09 11:24:03,482 basehttp 124 "GET /home/banner/ HTTP/1.1" 200 6312
INFO 2020-07-09 11:24:05,750 basehttp 124 "GET /home/banner/ HTTP/1.1" 200 6312
INFO 2020-07-09 11:24:08,835 basehttp 124 "GET /home/banner/ HTTP/1.1" 200 6312
INFO 2020-07-09 11:24:22,727 basehttp 124 "GET /xadmin/home/banner/ HTTP/1.1" 200 29841
INFO 2020-07-09 11:24:22,785 basehttp 124 "GET /xadmin/jsi18n/ HTTP/1.1" 200 7684
INFO 2020-07-09 11:24:28,583 basehttp 124 "GET /home/banner/ HTTP/1.1" 200 6312
INFO 2020-07-09 11:24:50,376 basehttp 124 "GET /home/banner/ HTTP/1.1" 200 6312
INFO 2020-07-09 11:24:56,691 basehttp 124 "GET /home/banner/ HTTP/1.1" 200 6312
INFO 2020-07-09 11:25:03,397 basehttp 124 "GET /home/banner/ HTTP/1.1" 200 6312
INFO 2020-07-09 11:25:13,378 basehttp 124 "GET /home/banner/ HTTP/1.1" 200 6312
INFO 2020-07-09 11:31:55,267 basehttp 124 "GET /xadmin/home/nav/ HTTP/1.1" 200 24898
ERROR 2020-07-09 11:31:55,269 basehttp 124 "GET /xadmin/home/nav/ HTTP/1.1" 500 59
INFO 2020-07-09 11:32:02,283 basehttp 124 "GET /xadmin/home/banner/ HTTP/1.1" 200 29841
INFO 2020-07-09 11:32:02,356 basehttp 124 "GET /xadmin/jsi18n/ HTTP/1.1" 200 7684
INFO 2020-07-09 11:32:05,840 basehttp 124 "GET /xadmin/home/banner/ HTTP/1.1" 200 29841
INFO 2020-07-09 11:32:05,890 basehttp 124 "GET /xadmin/jsi18n/ HTTP/1.1" 200 7684
INFO 2020-07-09 11:32:05,942 basehttp 124 "GET /xadmin/home/nav/ HTTP/1.1" 200 24898
ERROR 2020-07-09 11:32:05,943 basehttp 124 "GET /xadmin/home/nav/ HTTP/1.1" 500 59
INFO 2020-07-09 11:32:07,714 basehttp 124 "GET /xadmin/home/nav/ HTTP/1.1" 200 24898
INFO 2020-07-09 11:32:07,764 basehttp 124 "GET /xadmin/jsi18n/ HTTP/1.1" 200 7684
INFO 2020-07-09 11:32:10,873 basehttp 124 "GET /xadmin/home/nav/add/ HTTP/1.1" 200 19187
INFO 2020-07-09 11:32:10,909 basehttp 124 "GET /static/xadmin/vendor/select2/select2.css HTTP/1.1" 200 19226
INFO 2020-07-09 11:32:10,915 basehttp 124 "GET /static/xadmin/vendor/selectize/selectize.css HTTP/1.1" 200 8425
INFO 2020-07-09 11:32:10,919 basehttp 124 "GET /static/xadmin/vendor/selectize/selectize.bootstrap3.css HTTP/1.1" 200 10602
INFO 2020-07-09 11:32:10,935 basehttp 124 "GET /static/xadmin/vendor/selectize/selectize.js HTTP/1.1" 200 98602
INFO 2020-07-09 11:32:10,938 basehttp 124 "GET /xadmin/jsi18n/ HTTP/1.1" 200 7684
INFO 2020-07-09 11:32:10,950 basehttp 124 "GET /static/xadmin/js/xadmin.plugin.portal.js HTTP/1.1" 304 0
INFO 2020-07-09 11:32:10,963 basehttp 124 "GET /static/xadmin/vendor/select2/select2.js HTTP/1.1" 200 104906
INFO 2020-07-09 11:32:10,970 basehttp 124 "GET /static/xadmin/vendor/select2/select2_locale_zh-hans.js HTTP/1.1" 200 694
INFO 2020-07-09 11:32:10,972 basehttp 124 "GET /static/xadmin/js/xadmin.widget.select.js HTTP/1.1" 200 1344
INFO 2020-07-09 11:32:48,031 basehttp 124 "GET /xadmin/home/banner/ HTTP/1.1" 200 29841
INFO 2020-07-09 11:32:48,083 basehttp 124 "GET /xadmin/jsi18n/ HTTP/1.1" 200 7684
INFO 2020-07-09 11:32:48,734 basehttp 124 "GET /xadmin/home/nav/ HTTP/1.1" 200 24898
INFO 2020-07-09 11:32:48,780 basehttp 124 "GET /xadmin/jsi18n/ HTTP/1.1" 200 7684
INFO 2020-07-09 11:32:50,859 basehttp 124 "GET /xadmin/home/nav/add/ HTTP/1.1" 200 19187
INFO 2020-07-09 11:32:50,911 basehttp 124 "GET /xadmin/jsi18n/ HTTP/1.1" 200 7684
INFO 2020-07-09 11:33:38,955 basehttp 124 "POST /xadmin/home/nav/add/ HTTP/1.1" 302 0
INFO 2020-07-09 11:33:39,072 basehttp 124 "GET /xadmin/home/nav/add/ HTTP/1.1" 200 19528
INFO 2020-07-09 11:33:39,155 basehttp 124 "GET /xadmin/jsi18n/ HTTP/1.1" 200 7684
INFO 2020-07-09 11:34:29,326 basehttp 124 "POST /xadmin/home/nav/add/ HTTP/1.1" 302 0
INFO 2020-07-09 11:34:29,446 basehttp 124 "GET /xadmin/home/nav/add/ HTTP/1.1" 200 19528
INFO 2020-07-09 11:34:29,509 basehttp 124 "GET /xadmin/jsi18n/ HTTP/1.1" 200 7684
INFO 2020-07-09 11:35:04,333 basehttp 124 "POST /xadmin/home/nav/add/ HTTP/1.1" 302 0
INFO 2020-07-09 11:35:04,462 basehttp 124 "GET /xadmin/home/nav/add/ HTTP/1.1" 200 19531
INFO 2020-07-09 11:35:04,557 basehttp 124 "GET /static/xadmin/vendor/bootstrap/css/bootstrap.css HTTP/1.1" 304 0
INFO 2020-07-09 11:35:04,561 basehttp 124 "GET /static/xadmin/css/themes/bootstrap-xadmin.css HTTP/1.1" 304 0
INFO 2020-07-09 11:35:04,574 basehttp 124 "GET /static/xadmin/vendor/font-awesome/css/font-awesome.css HTTP/1.1" 304 0
INFO 2020-07-09 11:35:04,577 basehttp 124 "GET /static/xadmin/css/xadmin.main.css HTTP/1.1" 304 0
INFO 2020-07-09 11:35:04,592 basehttp 124 "GET /static/xadmin/css/xadmin.responsive.css HTTP/1.1" 304 0
INFO 2020-07-09 11:35:04,596 basehttp 124 "GET /static/xadmin/css/xadmin.plugins.css HTTP/1.1" 304 0
INFO 2020-07-09 11:35:04,609 basehttp 124 "GET /static/xadmin/css/xadmin.form.css HTTP/1.1" 304 0
INFO 2020-07-09 11:35:04,613 basehttp 124 "GET /static/xadmin/vendor/jquery/jquery.js HTTP/1.1" 304 0
INFO 2020-07-09 11:35:04,629 basehttp 124 "GET /static/xadmin/vendor/jquery-ui/jquery.ui.core.js HTTP/1.1" 304 0
INFO 2020-07-09 11:35:04,652 basehttp 124 "GET /static/xadmin/vendor/jquery-ui/jquery.ui.widget.js HTTP/1.1" 304 0
INFO 2020-07-09 11:35:04,672 basehttp 124 "GET /static/xadmin/vendor/jquery-ui/jquery.ui.sortable.js HTTP/1.1" 304 0
INFO 2020-07-09 11:35:04,692 basehttp 124 "GET /static/xadmin/js/xadmin.responsive.js HTTP/1.1" 304 0
INFO 2020-07-09 11:35:04,698 basehttp 124 "GET /static/xadmin/vendor/jquery-ui/jquery.ui.effect.js HTTP/1.1" 304 0
INFO 2020-07-09 11:35:04,699 basehttp 124 "GET /static/xadmin/vendor/bootstrap/js/bootstrap.js HTTP/1.1" 304 0
INFO 2020-07-09 11:35:04,711 basehttp 124 "GET /static/xadmin/js/xadmin.page.form.js HTTP/1.1" 304 0
INFO 2020-07-09 11:35:04,713 basehttp 124 "GET /static/xadmin/js/xadmin.plugin.themes.js HTTP/1.1" 304 0
INFO 2020-07-09 11:35:04,728 basehttp 124 "GET /xadmin/jsi18n/ HTTP/1.1" 200 7684
INFO 2020-07-09 11:35:04,734 basehttp 124 "GET /static/xadmin/js/xadmin.main.js HTTP/1.1" 304 0
INFO 2020-07-09 11:35:04,740 basehttp 124 "GET /static/xadmin/vendor/jquery-ui/jquery.ui.mouse.js HTTP/1.1" 304 0
INFO 2020-07-09 11:35:09,070 basehttp 124 "GET /xadmin/home/nav/ HTTP/1.1" 200 29795
INFO 2020-07-09 11:35:09,128 basehttp 124 "GET /xadmin/jsi18n/ HTTP/1.1" 200 7684
INFO 2020-07-09 11:35:09,130 basehttp 124 "GET /static/xadmin/js/xadmin.plugin.details.js HTTP/1.1" 304 0
INFO 2020-07-09 11:35:09,134 basehttp 124 "GET /static/xadmin/js/xadmin.plugin.actions.js HTTP/1.1" 304 0
INFO 2020-07-09 11:35:09,134 basehttp 124 "GET /static/xadmin/js/xadmin.plugin.filters.js HTTP/1.1" 304 0
INFO 2020-07-09 11:35:09,136 basehttp 124 "GET /static/xadmin/js/xadmin.plugin.bookmark.js HTTP/1.1" 304 0
INFO 2020-07-09 11:35:09,148 basehttp 124 "GET /static/xadmin/js/xadmin.page.list.js HTTP/1.1" 304 0
INFO 2020-07-09 11:35:15,591 basehttp 124 "GET /xadmin/home/nav/3/update/ HTTP/1.1" 200 19494
INFO 2020-07-09 11:35:15,637 basehttp 124 "GET /xadmin/jsi18n/ HTTP/1.1" 200 7684
INFO 2020-07-09 11:35:19,065 basehttp 124 "POST /xadmin/home/nav/3/update/ HTTP/1.1" 302 0
INFO 2020-07-09 11:35:19,148 basehttp 124 "GET /xadmin/home/nav/ HTTP/1.1" 200 30032
INFO 2020-07-09 11:35:19,202 basehttp 124 "GET /xadmin/jsi18n/ HTTP/1.1" 200 7684
INFO 2020-07-09 11:35:24,165 basehttp 124 "GET /xadmin/home/nav/add/ HTTP/1.1" 200 19187
INFO 2020-07-09 11:35:24,225 basehttp 124 "GET /xadmin/jsi18n/ HTTP/1.1" 200 7684
INFO 2020-07-09 11:36:04,086 basehttp 124 "POST /xadmin/home/nav/add/ HTTP/1.1" 302 0
INFO 2020-07-09 11:36:04,199 basehttp 124 "GET /xadmin/home/nav/add/ HTTP/1.1" 200 19527
INFO 2020-07-09 11:36:04,246 basehttp 124 "GET /xadmin/jsi18n/ HTTP/1.1" 200 7684
INFO 2020-07-09 11:37:05,079 basehttp 124 "POST /xadmin/home/nav/add/ HTTP/1.1" 302 0
INFO 2020-07-09 11:37:05,259 basehttp 124 "GET /xadmin/home/nav/add/ HTTP/1.1" 200 19527
INFO 2020-07-09 11:37:05,326 basehttp 124 "GET /xadmin/jsi18n/ HTTP/1.1" 200 7684
INFO 2020-07-09 11:37:14,724 basehttp 124 "POST /xadmin/home/nav/add/ HTTP/1.1" 302 0
INFO 2020-07-09 11:37:14,853 basehttp 124 "GET /xadmin/home/nav/add/ HTTP/1.1" 200 19543
INFO 2020-07-09 11:37:14,922 basehttp 124 "GET /xadmin/jsi18n/ HTTP/1.1" 200 7684
INFO 2020-07-09 11:39:04,569 basehttp 124 "POST /xadmin/home/nav/add/ HTTP/1.1" 302 0
INFO 2020-07-09 11:39:04,687 basehttp 124 "GET /xadmin/home/nav/add/ HTTP/1.1" 200 19530
INFO 2020-07-09 11:39:04,757 basehttp 124 "GET /xadmin/jsi18n/ HTTP/1.1" 200 7684
INFO 2020-07-09 11:39:33,767 basehttp 124 "POST /xadmin/home/nav/add/ HTTP/1.1" 302 0
INFO 2020-07-09 11:39:33,875 basehttp 124 "GET /xadmin/home/nav/add/ HTTP/1.1" 200 19530
INFO 2020-07-09 11:39:33,928 basehttp 124 "GET /xadmin/jsi18n/ HTTP/1.1" 200 7684
INFO 2020-07-09 11:39:55,419 basehttp 124 "POST /xadmin/home/nav/add/ HTTP/1.1" 302 0
INFO 2020-07-09 11:39:55,542 basehttp 124 "GET /xadmin/home/nav/add/ HTTP/1.1" 200 19530
INFO 2020-07-09 11:39:55,610 basehttp 124 "GET /xadmin/jsi18n/ HTTP/1.1" 200 7684
INFO 2020-07-09 11:40:53,193 basehttp 124 "POST /xadmin/home/nav/add/ HTTP/1.1" 302 0
INFO 2020-07-09 11:40:53,303 basehttp 124 "GET /xadmin/home/nav/ HTTP/1.1" 200 33615
INFO 2020-07-09 11:40:53,356 basehttp 124 "GET /xadmin/jsi18n/ HTTP/1.1" 200 7684
INFO 2020-07-09 11:41:13,269 basehttp 124 "GET /xadmin/home/nav/7/update/ HTTP/1.1" 200 19502
INFO 2020-07-09 11:41:13,318 basehttp 124 "GET /xadmin/jsi18n/ HTTP/1.1" 200 7684
INFO 2020-07-09 11:41:22,343 basehttp 124 "GET /xadmin/home/nav/ HTTP/1.1" 200 33319
INFO 2020-07-09 11:41:25,876 basehttp 124 "GET /xadmin/home/nav/9/update/ HTTP/1.1" 200 19491
INFO 2020-07-09 11:41:25,932 basehttp 124 "GET /xadmin/jsi18n/ HTTP/1.1" 200 7684
INFO 2020-07-09 11:41:27,992 basehttp 124 "POST /xadmin/home/nav/9/update/ HTTP/1.1" 302 0
INFO 2020-07-09 11:41:28,113 basehttp 124 "GET /xadmin/home/nav/ HTTP/1.1" 200 33555
INFO 2020-07-09 11:41:28,192 basehttp 124 "GET /xadmin/jsi18n/ HTTP/1.1" 200 7684
INFO 2020-07-09 11:41:33,413 basehttp 124 "GET /xadmin/home/nav/10/update/ HTTP/1.1" 200 19500
INFO 2020-07-09 11:41:33,471 basehttp 124 "GET /xadmin/jsi18n/ HTTP/1.1" 200 7684
INFO 2020-07-09 11:41:37,247 basehttp 124 "GET /xadmin/home/nav/ HTTP/1.1" 200 33320
INFO 2020-07-09 11:50:04,616 basehttp 124 "GET /home/nav/ HTTP/1.1" 200 7005
INFO 2020-07-09 11:53:55,004 basehttp 124 "GET /home/nav/ HTTP/1.1" 200 536
INFO 2020-07-09 11:59:38,814 basehttp 124 "GET /home/nav/ HTTP/1.1" 200 536
INFO 2020-07-09 11:59:38,820 basehttp 124 "GET /home/banner/ HTTP/1.1" 200 298
INFO 2020-07-09 11:59:38,981 basehttp 124 "GET /media/banner/04.png HTTP/1.1" 304 0
INFO 2020-07-09 11:59:38,988 basehttp 124 "GET /media/banner/03.png HTTP/1.1" 304 0
INFO 2020-07-09 11:59:39,024 basehttp 124 "GET /media/banner/02.png HTTP/1.1" 304 0
INFO 2020-07-09 11:59:39,077 basehttp 124 "GET /media/banner/01.png HTTP/1.1" 304 0
INFO 2020-07-09 11:59:45,631 basehttp 124 "GET /home/nav/ HTTP/1.1" 200 536
INFO 2020-07-09 11:59:45,635 basehttp 124 "GET /home/banner/ HTTP/1.1" 200 298
INFO 2020-07-09 12:00:57,856 basehttp 124 "GET /home/nav/ HTTP/1.1" 200 536
INFO 2020-07-09 12:08:50,461 basehttp 124 "GET /home/nav/ HTTP/1.1" 200 536
INFO 2020-07-09 12:08:50,465 basehttp 124 "GET /home/banner/ HTTP/1.1" 200 298
INFO 2020-07-09 12:08:50,497 basehttp 124 "GET /home/nav/ HTTP/1.1" 200 536
INFO 2020-07-09 12:17:44,139 basehttp 124 "GET /home/nav/ HTTP/1.1" 200 536
INFO 2020-07-09 12:18:03,172 basehttp 124 "GET /home/nav/ HTTP/1.1" 200 536
INFO 2020-07-09 12:18:03,180 basehttp 124 "GET /home/banner/ HTTP/1.1" 200 298
INFO 2020-07-09 12:18:03,193 basehttp 124 "GET /home/nav/ HTTP/1.1" 200 536
INFO 2020-07-09 12:18:03,305 basehttp 124 "GET /media/banner/04.png HTTP/1.1" 304 0
INFO 2020-07-09 12:18:03,316 basehttp 124 "GET /media/banner/03.png HTTP/1.1" 304 0
INFO 2020-07-09 12:18:03,327 basehttp 124 "GET /media/banner/02.png HTTP/1.1" 304 0
INFO 2020-07-09 12:18:03,370 basehttp 124 "GET /media/banner/01.png HTTP/1.1" 304 0
INFO 2020-07-09 12:20:33,267 basehttp 124 "GET /home/nav/ HTTP/1.1" 200 536
INFO 2020-07-09 12:20:33,278 basehttp 124 "GET /home/banner/ HTTP/1.1" 200 298
INFO 2020-07-09 12:20:33,296 basehttp 124 "GET /home/nav/ HTTP/1.1" 200 536
INFO 2020-07-09 12:21:25,793 basehttp 124 "GET /home/nav/ HTTP/1.1" 200 536
INFO 2020-07-09 12:21:57,629 basehttp 124 "GET /home/nav/ HTTP/1.1" 200 536
INFO 2020-07-09 12:33:05,166 basehttp 124 "GET /home/nav/ HTTP/1.1" 200 536
INFO 2020-07-09 12:33:50,442 basehttp 124 "GET /home/nav/ HTTP/1.1" 200 536
INFO 2020-07-09 12:36:04,608 basehttp 124 "GET /home/nav/ HTTP/1.1" 200 536
INFO 2020-07-09 12:36:04,614 basehttp 124 "GET /home/banner/ HTTP/1.1" 200 298
INFO 2020-07-09 12:36:04,648 basehttp 124 "GET /home/nav/ HTTP/1.1" 200 536
INFO 2020-07-09 12:36:04,668 basehttp 124 "GET /media/banner/04.png HTTP/1.1" 304 0
INFO 2020-07-09 12:36:04,676 basehttp 124 "GET /media/banner/03.png HTTP/1.1" 304 0
INFO 2020-07-09 12:36:04,678 basehttp 124 "GET /media/banner/02.png HTTP/1.1" 304 0
INFO 2020-07-09 12:36:04,681 basehttp 124 "GET /media/banner/01.png HTTP/1.1" 304 0
INFO 2020-07-09 12:37:08,776 basehttp 124 "GET /home/nav/ HTTP/1.1" 200 536
INFO 2020-07-09 12:37:08,795 basehttp 124 "GET /home/banner/ HTTP/1.1" 200 298
INFO 2020-07-09 12:37:08,800 basehttp 124 "GET /home/nav/ HTTP/1.1" 200 536
INFO 2020-07-09 12:39:19,882 basehttp 124 "GET /home/nav/ HTTP/1.1" 200 536
INFO 2020-07-09 12:39:19,886 basehttp 124 "GET /home/banner/ HTTP/1.1" 200 298
INFO 2020-07-09 12:39:19,900 basehttp 124 "GET /home/nav/ HTTP/1.1" 200 536
INFO 2020-07-09 12:41:40,724 basehttp 124 "GET /home/nav/ HTTP/1.1" 200 536
INFO 2020-07-09 12:41:55,392 basehttp 124 "GET /home/nav/ HTTP/1.1" 200 536
INFO 2020-07-09 12:42:26,043 basehttp 124 "GET /home/nav/ HTTP/1.1" 200 536
INFO 2020-07-09 12:42:52,473 basehttp 124 "GET /home/nav/ HTTP/1.1" 200 536
INFO 2020-07-09 12:43:05,266 basehttp 124 "GET /home/nav/ HTTP/1.1" 200 536
INFO 2020-07-09 12:43:42,889 basehttp 124 "GET /home/nav/ HTTP/1.1" 200 536
