INFO 2020-07-08 23:28:28,822 basehttp 124 "GET / HTTP/1.1" 200 16348
INFO 2020-07-08 23:28:29,392 basehttp 124 "GET /static/admin/css/fonts.css HTTP/1.1" 200 423
INFO 2020-07-08 23:28:29,534 basehttp 124 "GET /static/admin/fonts/Roboto-Light-webfont.woff HTTP/1.1" 200 81348
INFO 2020-07-08 23:28:29,541 basehttp 124 "GET /static/admin/fonts/Roboto-Regular-webfont.woff HTTP/1.1" 200 80304
INFO 2020-07-08 23:28:29,542 basehttp 124 "GET /static/admin/fonts/Roboto-Bold-webfont.woff HTTP/1.1" 200 82564
WARNING 2020-07-08 23:28:29,683 base 93 Not Found: /favicon.ico
WARNING 2020-07-08 23:28:29,684 basehttp 124 "GET /favicon.ico HTTP/1.1" 404 1973
WARNING 2020-07-08 23:28:52,729 base 93 Not Found: /user
WARNING 2020-07-08 23:28:52,730 basehttp 124 "GET /user HTTP/1.1" 404 1952
WARNING 2020-07-08 23:40:16,249 base 93 Not Found: /user
WARNING 2020-07-08 23:40:16,250 basehttp 124 "GET /user HTTP/1.1" 404 1952
ERROR 2020-07-09 00:43:46,750 exception 74 Invalid HTTP_HOST header: '127.0.0.1:9001'. You may need to add '127.0.0.1' to ALLOWED_HOSTS.
WARNING 2020-07-09 00:43:46,824 basehttp 124 "GET / HTTP/1.1" 400 67052
ERROR 2020-07-09 00:43:55,044 exception 74 Invalid HTTP_HOST header: '127.0.0.1:9001'. You may need to add '127.0.0.1' to ALLOWED_HOSTS.
WARNING 2020-07-09 00:43:55,081 basehttp 124 "GET / HTTP/1.1" 400 67052
INFO 2020-07-09 00:44:01,227 basehttp 124 "GET / HTTP/1.1" 200 16348
INFO 2020-07-09 00:44:01,316 basehttp 124 "GET /static/admin/css/fonts.css HTTP/1.1" 200 423
INFO 2020-07-09 00:44:01,471 basehttp 124 "GET /static/admin/fonts/Roboto-Bold-webfont.woff HTTP/1.1" 200 82564
INFO 2020-07-09 00:44:01,515 basehttp 124 "GET /static/admin/fonts/Roboto-Regular-webfont.woff HTTP/1.1" 200 80304
INFO 2020-07-09 00:44:01,528 basehttp 124 "GET /static/admin/fonts/Roboto-Light-webfont.woff HTTP/1.1" 200 81348
WARNING 2020-07-09 00:44:01,660 base 93 Not Found: /favicon.ico
WARNING 2020-07-09 00:44:01,662 basehttp 124 "GET /favicon.ico HTTP/1.1" 404 1975
INFO 2020-07-09 00:44:32,527 basehttp 124 "GET / HTTP/1.1" 200 16348
INFO 2020-07-09 00:44:32,558 basehttp 124 "GET /static/admin/css/fonts.css HTTP/1.1" 200 423
INFO 2020-07-09 00:44:32,593 basehttp 124 "GET /static/admin/fonts/Roboto-Bold-webfont.woff HTTP/1.1" 200 82564
INFO 2020-07-09 00:44:32,594 basehttp 124 "GET /static/admin/fonts/Roboto-Regular-webfont.woff HTTP/1.1" 200 80304
INFO 2020-07-09 00:44:32,601 basehttp 124 "GET /static/admin/fonts/Roboto-Light-webfont.woff HTTP/1.1" 200 81348
WARNING 2020-07-09 00:44:32,612 base 93 Not Found: /favicon.ico
WARNING 2020-07-09 00:44:32,614 basehttp 124 "GET /favicon.ico HTTP/1.1" 404 1975
INFO 2020-07-09 00:44:48,006 basehttp 124 "GET / HTTP/1.1" 200 16348
ERROR 2020-07-09 00:45:48,800 exception 74 Invalid HTTP_HOST header: 'vue.npf.com:9001'. You may need to add 'vue.npf.com' to ALLOWED_HOSTS.
WARNING 2020-07-09 00:45:48,939 basehttp 124 "GET / HTTP/1.1" 400 65610
ERROR 2020-07-09 00:46:03,343 exception 74 Invalid HTTP_HOST header: '127.0.0.1:9001'. You may need to add '127.0.0.1' to ALLOWED_HOSTS.
WARNING 2020-07-09 00:46:03,438 basehttp 124 "GET / HTTP/1.1" 400 66871
ERROR 2020-07-09 00:49:40,833 exception 74 Invalid HTTP_HOST header: 'vue.npf.com:9001'. You may need to add 'vue.npf.com' to ALLOWED_HOSTS.
WARNING 2020-07-09 00:49:40,886 basehttp 124 "GET / HTTP/1.1" 400 65760
INFO 2020-07-09 00:49:51,632 basehttp 124 "GET / HTTP/1.1" 200 16348
INFO 2020-07-09 00:49:51,721 basehttp 124 "GET /static/admin/css/fonts.css HTTP/1.1" 304 0
INFO 2020-07-09 00:49:51,958 basehttp 124 "GET /static/admin/fonts/Roboto-Regular-webfont.woff HTTP/1.1" 304 0
INFO 2020-07-09 00:49:51,958 basehttp 124 "GET /static/admin/fonts/Roboto-Bold-webfont.woff HTTP/1.1" 304 0
INFO 2020-07-09 00:49:51,961 basehttp 124 "GET /static/admin/fonts/Roboto-Light-webfont.woff HTTP/1.1" 304 0
INFO 2020-07-09 00:52:35,946 basehttp 124 "GET / HTTP/1.1" 200 16348
INFO 2020-07-09 00:52:36,211 basehttp 124 "GET /static/admin/css/fonts.css HTTP/1.1" 200 423
INFO 2020-07-09 00:52:36,332 basehttp 124 "GET /static/admin/fonts/Roboto-Bold-webfont.woff HTTP/1.1" 200 82564
INFO 2020-07-09 00:52:36,637 basehttp 124 "GET /static/admin/fonts/Roboto-Regular-webfont.woff HTTP/1.1" 200 80304
INFO 2020-07-09 00:52:36,645 basehttp 124 "GET /static/admin/fonts/Roboto-Light-webfont.woff HTTP/1.1" 200 81348
WARNING 2020-07-09 00:52:36,697 base 93 Not Found: /favicon.ico
WARNING 2020-07-09 00:52:36,698 basehttp 124 "GET /favicon.ico HTTP/1.1" 404 1973
WARNING 2020-07-09 08:12:35,045 base 93 Not Found: /
WARNING 2020-07-09 08:12:35,073 basehttp 124 "GET / HTTP/1.1" 404 2046
WARNING 2020-07-09 08:12:58,485 base 93 Not Found: /
WARNING 2020-07-09 08:12:58,486 basehttp 124 "GET / HTTP/1.1" 404 2046
WARNING 2020-07-09 08:12:59,211 base 93 Not Found: /favicon.ico
WARNING 2020-07-09 08:12:59,212 basehttp 124 "GET /favicon.ico HTTP/1.1" 404 2097
WARNING 2020-07-09 08:13:05,632 base 93 Not Found: /
WARNING 2020-07-09 08:13:05,633 basehttp 124 "GET / HTTP/1.1" 404 2046
WARNING 2020-07-09 08:13:23,296 base 93 Not Found: /
WARNING 2020-07-09 08:13:23,297 basehttp 124 "GET / HTTP/1.1" 404 2046
INFO 2020-07-09 08:15:05,513 basehttp 124 "GET / HTTP/1.1" 200 16348
INFO 2020-07-09 08:15:05,574 basehttp 124 "GET /static/admin/css/fonts.css HTTP/1.1" 304 0
INFO 2020-07-09 08:15:05,715 basehttp 124 "GET /static/admin/fonts/Roboto-Bold-webfont.woff HTTP/1.1" 304 0
INFO 2020-07-09 08:15:05,716 basehttp 124 "GET /static/admin/fonts/Roboto-Regular-webfont.woff HTTP/1.1" 304 0
INFO 2020-07-09 08:15:05,717 basehttp 124 "GET /static/admin/fonts/Roboto-Light-webfont.woff HTTP/1.1" 304 0
WARNING 2020-07-09 08:33:30,621 base 93 Not Found: /
WARNING 2020-07-09 08:33:30,622 basehttp 124 "GET / HTTP/1.1" 404 2046
WARNING 2020-07-09 08:33:31,407 base 93 Not Found: /favicon.ico
WARNING 2020-07-09 08:33:31,408 basehttp 124 "GET /favicon.ico HTTP/1.1" 404 2097
WARNING 2020-07-09 09:26:47,970 base 93 Not Found: /
WARNING 2020-07-09 09:26:47,974 basehttp 124 "GET / HTTP/1.1" 404 2046
WARNING 2020-07-09 09:36:58,780 base 93 Not Found: /
WARNING 2020-07-09 09:36:58,781 basehttp 124 "GET / HTTP/1.1" 404 2046
WARNING 2020-07-09 09:37:45,749 base 93 Not Found: /
WARNING 2020-07-09 09:37:45,750 basehttp 124 "GET / HTTP/1.1" 404 2047
INFO 2020-07-09 09:38:25,972 basehttp 124 "GET /xadmin HTTP/1.1" 301 0
ERROR 2020-07-09 09:38:30,052 exception 118 Internal Server Error: /xadmin/
Traceback (most recent call last):
  File "G:\envs\env02\lib\site-packages\django\contrib\sessions\backends\base.py", line 191, in _get_session
    return self._session_cache
AttributeError: 'SessionStore' object has no attribute '_session_cache'

During handling of the above exception, another exception occurred:

Traceback (most recent call last):
  File "G:\envs\env02\lib\site-packages\django\db\backends\utils.py", line 85, in _execute
    return self.cursor.execute(sql, params)
  File "G:\envs\env02\lib\site-packages\django\db\backends\mysql\base.py", line 71, in execute
    return self.cursor.execute(query, args)
  File "G:\envs\env02\lib\site-packages\MySQLdb\cursors.py", line 209, in execute
    res = self._query(query)
  File "G:\envs\env02\lib\site-packages\MySQLdb\cursors.py", line 315, in _query
    db.query(q)
  File "G:\envs\env02\lib\site-packages\MySQLdb\connections.py", line 239, in query
    _mysql.connection.query(self, query)
MySQLdb._exceptions.ProgrammingError: (1146, "Table 'edu_api.django_session' doesn't exist")

The above exception was the direct cause of the following exception:

Traceback (most recent call last):
  File "G:\envs\env02\lib\site-packages\django\core\handlers\exception.py", line 35, in inner
    response = get_response(request)
  File "G:\envs\env02\lib\site-packages\django\core\handlers\base.py", line 128, in _get_response
    response = self.process_exception_by_middleware(e, request)
  File "G:\envs\env02\lib\site-packages\django\core\handlers\base.py", line 126, in _get_response
    response = wrapped_callback(request, *callback_args, **callback_kwargs)
  File "G:\envs\env02\lib\site-packages\xadmin\sites.py", line 300, in wrapper
    return self.admin_view(view, cacheable)(*args, **kwargs)
  File "G:\envs\env02\lib\site-packages\django\views\decorators\cache.py", line 44, in _wrapped_view_func
    response = view_func(request, *args, **kwargs)
  File "G:\envs\env02\lib\site-packages\xadmin\sites.py", line 206, in inner
    if not self.has_permission(request) and getattr(view, 'need_site_permission', True):
  File "G:\envs\env02\lib\site-packages\xadmin\sites.py", line 161, in has_permission
    return request.user.is_active and request.user.is_staff
  File "G:\envs\env02\lib\site-packages\django\utils\functional.py", line 215, in inner
    self._setup()
  File "G:\envs\env02\lib\site-packages\django\utils\functional.py", line 349, in _setup
    self._wrapped = self._setupfunc()
  File "G:\envs\env02\lib\site-packages\django\contrib\auth\middleware.py", line 24, in <lambda>
    request.user = SimpleLazyObject(lambda: get_user(request))
  File "G:\envs\env02\lib\site-packages\django\contrib\auth\middleware.py", line 12, in get_user
    request._cached_user = auth.get_user(request)
  File "G:\envs\env02\lib\site-packages\django\contrib\auth\__init__.py", line 211, in get_user
    user_id = _get_user_session_key(request)
  File "G:\envs\env02\lib\site-packages\django\contrib\auth\__init__.py", line 61, in _get_user_session_key
    return get_user_model()._meta.pk.to_python(request.session[SESSION_KEY])
  File "G:\envs\env02\lib\site-packages\django\contrib\sessions\backends\base.py", line 55, in __getitem__
    return self._session[key]
  File "G:\envs\env02\lib\site-packages\django\contrib\sessions\backends\base.py", line 196, in _get_session
    self._session_cache = self.load()
  File "G:\envs\env02\lib\site-packages\django\contrib\sessions\backends\db.py", line 34, in load
    expire_date__gt=timezone.now()
  File "G:\envs\env02\lib\site-packages\django\db\models\manager.py", line 82, in manager_method
    return getattr(self.get_queryset(), name)(*args, **kwargs)
  File "G:\envs\env02\lib\site-packages\django\db\models\query.py", line 397, in get
    num = len(clone)
  File "G:\envs\env02\lib\site-packages\django\db\models\query.py", line 254, in __len__
    self._fetch_all()
  File "G:\envs\env02\lib\site-packages\django\db\models\query.py", line 1179, in _fetch_all
    self._result_cache = list(self._iterable_class(self))
  File "G:\envs\env02\lib\site-packages\django\db\models\query.py", line 53, in __iter__
    results = compiler.execute_sql(chunked_fetch=self.chunked_fetch, chunk_size=self.chunk_size)
  File "G:\envs\env02\lib\site-packages\django\db\models\sql\compiler.py", line 1068, in execute_sql
    cursor.execute(sql, params)
  File "G:\envs\env02\lib\site-packages\django\db\backends\utils.py", line 100, in execute
    return super().execute(sql, params)
  File "G:\envs\env02\lib\site-packages\django\db\backends\utils.py", line 68, in execute
    return self._execute_with_wrappers(sql, params, many=False, executor=self._execute)
  File "G:\envs\env02\lib\site-packages\django\db\backends\utils.py", line 77, in _execute_with_wrappers
    return executor(sql, params, many, context)
  File "G:\envs\env02\lib\site-packages\django\db\backends\utils.py", line 85, in _execute
    return self.cursor.execute(sql, params)
  File "G:\envs\env02\lib\site-packages\django\db\utils.py", line 89, in __exit__
    raise dj_exc_value.with_traceback(traceback) from exc_value
  File "G:\envs\env02\lib\site-packages\django\db\backends\utils.py", line 85, in _execute
    return self.cursor.execute(sql, params)
  File "G:\envs\env02\lib\site-packages\django\db\backends\mysql\base.py", line 71, in execute
    return self.cursor.execute(query, args)
  File "G:\envs\env02\lib\site-packages\MySQLdb\cursors.py", line 209, in execute
    res = self._query(query)
  File "G:\envs\env02\lib\site-packages\MySQLdb\cursors.py", line 315, in _query
    db.query(q)
  File "G:\envs\env02\lib\site-packages\MySQLdb\connections.py", line 239, in query
    _mysql.connection.query(self, query)
django.db.utils.ProgrammingError: (1146, "Table 'edu_api.django_session' doesn't exist")
ERROR 2020-07-09 09:38:30,222 basehttp 124 "GET /xadmin/ HTTP/1.1" 500 215066
ERROR 2020-07-09 09:38:43,841 exception 118 Internal Server Error: /xadmin/
Traceback (most recent call last):
  File "G:\envs\env02\lib\site-packages\django\contrib\sessions\backends\base.py", line 191, in _get_session
    return self._session_cache
AttributeError: 'SessionStore' object has no attribute '_session_cache'

During handling of the above exception, another exception occurred:

Traceback (most recent call last):
  File "G:\envs\env02\lib\site-packages\django\db\backends\utils.py", line 85, in _execute
    return self.cursor.execute(sql, params)
  File "G:\envs\env02\lib\site-packages\django\db\backends\mysql\base.py", line 71, in execute
    return self.cursor.execute(query, args)
  File "G:\envs\env02\lib\site-packages\MySQLdb\cursors.py", line 209, in execute
    res = self._query(query)
  File "G:\envs\env02\lib\site-packages\MySQLdb\cursors.py", line 315, in _query
    db.query(q)
  File "G:\envs\env02\lib\site-packages\MySQLdb\connections.py", line 239, in query
    _mysql.connection.query(self, query)
MySQLdb._exceptions.ProgrammingError: (1146, "Table 'edu_api.django_session' doesn't exist")

The above exception was the direct cause of the following exception:

Traceback (most recent call last):
  File "G:\envs\env02\lib\site-packages\django\core\handlers\exception.py", line 35, in inner
    response = get_response(request)
  File "G:\envs\env02\lib\site-packages\django\core\handlers\base.py", line 128, in _get_response
    response = self.process_exception_by_middleware(e, request)
  File "G:\envs\env02\lib\site-packages\django\core\handlers\base.py", line 126, in _get_response
    response = wrapped_callback(request, *callback_args, **callback_kwargs)
  File "G:\envs\env02\lib\site-packages\xadmin\sites.py", line 300, in wrapper
    return self.admin_view(view, cacheable)(*args, **kwargs)
  File "G:\envs\env02\lib\site-packages\django\views\decorators\cache.py", line 44, in _wrapped_view_func
    response = view_func(request, *args, **kwargs)
  File "G:\envs\env02\lib\site-packages\xadmin\sites.py", line 206, in inner
    if not self.has_permission(request) and getattr(view, 'need_site_permission', True):
  File "G:\envs\env02\lib\site-packages\xadmin\sites.py", line 161, in has_permission
    return request.user.is_active and request.user.is_staff
  File "G:\envs\env02\lib\site-packages\django\utils\functional.py", line 215, in inner
    self._setup()
  File "G:\envs\env02\lib\site-packages\django\utils\functional.py", line 349, in _setup
    self._wrapped = self._setupfunc()
  File "G:\envs\env02\lib\site-packages\django\contrib\auth\middleware.py", line 24, in <lambda>
    request.user = SimpleLazyObject(lambda: get_user(request))
  File "G:\envs\env02\lib\site-packages\django\contrib\auth\middleware.py", line 12, in get_user
    request._cached_user = auth.get_user(request)
  File "G:\envs\env02\lib\site-packages\django\contrib\auth\__init__.py", line 211, in get_user
    user_id = _get_user_session_key(request)
  File "G:\envs\env02\lib\site-packages\django\contrib\auth\__init__.py", line 61, in _get_user_session_key
    return get_user_model()._meta.pk.to_python(request.session[SESSION_KEY])
  File "G:\envs\env02\lib\site-packages\django\contrib\sessions\backends\base.py", line 55, in __getitem__
    return self._session[key]
  File "G:\envs\env02\lib\site-packages\django\contrib\sessions\backends\base.py", line 196, in _get_session
    self._session_cache = self.load()
  File "G:\envs\env02\lib\site-packages\django\contrib\sessions\backends\db.py", line 34, in load
    expire_date__gt=timezone.now()
  File "G:\envs\env02\lib\site-packages\django\db\models\manager.py", line 82, in manager_method
    return getattr(self.get_queryset(), name)(*args, **kwargs)
  File "G:\envs\env02\lib\site-packages\django\db\models\query.py", line 397, in get
    num = len(clone)
  File "G:\envs\env02\lib\site-packages\django\db\models\query.py", line 254, in __len__
    self._fetch_all()
  File "G:\envs\env02\lib\site-packages\django\db\models\query.py", line 1179, in _fetch_all
    self._result_cache = list(self._iterable_class(self))
  File "G:\envs\env02\lib\site-packages\django\db\models\query.py", line 53, in __iter__
    results = compiler.execute_sql(chunked_fetch=self.chunked_fetch, chunk_size=self.chunk_size)
  File "G:\envs\env02\lib\site-packages\django\db\models\sql\compiler.py", line 1068, in execute_sql
    cursor.execute(sql, params)
  File "G:\envs\env02\lib\site-packages\django\db\backends\utils.py", line 100, in execute
    return super().execute(sql, params)
  File "G:\envs\env02\lib\site-packages\django\db\backends\utils.py", line 68, in execute
    return self._execute_with_wrappers(sql, params, many=False, executor=self._execute)
  File "G:\envs\env02\lib\site-packages\django\db\backends\utils.py", line 77, in _execute_with_wrappers
    return executor(sql, params, many, context)
  File "G:\envs\env02\lib\site-packages\django\db\backends\utils.py", line 85, in _execute
    return self.cursor.execute(sql, params)
  File "G:\envs\env02\lib\site-packages\django\db\utils.py", line 89, in __exit__
    raise dj_exc_value.with_traceback(traceback) from exc_value
  File "G:\envs\env02\lib\site-packages\django\db\backends\utils.py", line 85, in _execute
    return self.cursor.execute(sql, params)
  File "G:\envs\env02\lib\site-packages\django\db\backends\mysql\base.py", line 71, in execute
    return self.cursor.execute(query, args)
  File "G:\envs\env02\lib\site-packages\MySQLdb\cursors.py", line 209, in execute
    res = self._query(query)
  File "G:\envs\env02\lib\site-packages\MySQLdb\cursors.py", line 315, in _query
    db.query(q)
  File "G:\envs\env02\lib\site-packages\MySQLdb\connections.py", line 239, in query
    _mysql.connection.query(self, query)
django.db.utils.ProgrammingError: (1146, "Table 'edu_api.django_session' doesn't exist")
ERROR 2020-07-09 09:38:43,978 basehttp 124 "GET /xadmin/ HTTP/1.1" 500 215202
INFO 2020-07-09 09:40:34,410 basehttp 124 "GET /xadmin/ HTTP/1.1" 200 4167
INFO 2020-07-09 09:40:34,447 basehttp 124 "GET /static/xadmin/vendor/bootstrap/css/bootstrap.css HTTP/1.1" 200 126432
INFO 2020-07-09 09:40:34,455 basehttp 124 "GET /static/xadmin/css/themes/bootstrap-xadmin.css HTTP/1.1" 200 1888
INFO 2020-07-09 09:40:34,459 basehttp 124 "GET /static/xadmin/vendor/font-awesome/css/font-awesome.css HTTP/1.1" 200 21658
INFO 2020-07-09 09:40:34,464 basehttp 124 "GET /static/xadmin/css/xadmin.main.css HTTP/1.1" 200 8376
INFO 2020-07-09 09:40:34,468 basehttp 124 "GET /static/xadmin/css/xadmin.plugins.css HTTP/1.1" 200 175
INFO 2020-07-09 09:40:34,475 basehttp 124 "GET /static/xadmin/css/xadmin.responsive.css HTTP/1.1" 200 4361
INFO 2020-07-09 09:40:34,505 basehttp 124 "GET /xadmin/jsi18n/ HTTP/1.1" 200 4174
INFO 2020-07-09 09:40:34,507 basehttp 124 "GET /static/xadmin/vendor/jquery-ui/jquery.ui.widget.js HTTP/1.1" 200 15069
INFO 2020-07-09 09:40:34,510 basehttp 124 "GET /static/xadmin/vendor/jquery-ui/jquery.ui.core.js HTTP/1.1" 200 8195
INFO 2020-07-09 09:40:34,513 basehttp 124 "GET /static/xadmin/vendor/jquery/jquery.js HTTP/1.1" 200 240196
INFO 2020-07-09 09:40:34,514 basehttp 124 "GET /static/xadmin/vendor/bootstrap/js/bootstrap.js HTTP/1.1" 200 58327
INFO 2020-07-09 09:40:34,514 basehttp 124 "GET /static/xadmin/vendor/jquery-ui/jquery.ui.mouse.js HTTP/1.1" 200 4561
INFO 2020-07-09 09:40:34,524 basehttp 124 "GET /static/xadmin/js/xadmin.responsive.js HTTP/1.1" 200 4165
INFO 2020-07-09 09:40:34,525 basehttp 124 "GET /static/xadmin/js/xadmin.main.js HTTP/1.1" 200 3401
INFO 2020-07-09 09:40:34,530 basehttp 124 "GET /static/xadmin/vendor/jquery-ui/jquery.ui.sortable.js HTTP/1.1" 200 42543
INFO 2020-07-09 09:40:34,623 basehttp 124 "GET /static/xadmin/vendor/font-awesome/fonts/fontawesome-webfont.woff?v=4.0.3 HTTP/1.1" 200 44432
INFO 2020-07-09 09:45:47,088 basehttp 124 "POST /xadmin/ HTTP/1.1" 302 0
INFO 2020-07-09 09:45:51,139 basehttp 124 "GET /xadmin/ HTTP/1.1" 200 9841
INFO 2020-07-09 09:45:51,196 basehttp 124 "GET /static/xadmin/vendor/font-awesome/css/font-awesome.css HTTP/1.1" 304 0
INFO 2020-07-09 09:45:51,196 basehttp 124 "GET /static/xadmin/css/themes/bootstrap-xadmin.css HTTP/1.1" 304 0
INFO 2020-07-09 09:45:51,197 basehttp 124 "GET /static/xadmin/vendor/bootstrap/css/bootstrap.css HTTP/1.1" 304 0
INFO 2020-07-09 09:45:51,198 basehttp 124 "GET /static/xadmin/css/xadmin.page.dashboard.css HTTP/1.1" 200 790
INFO 2020-07-09 09:45:51,200 basehttp 124 "GET /static/xadmin/css/xadmin.main.css HTTP/1.1" 304 0
INFO 2020-07-09 09:45:51,203 basehttp 124 "GET /static/xadmin/css/xadmin.plugins.css HTTP/1.1" 304 0
INFO 2020-07-09 09:45:51,207 basehttp 124 "GET /static/xadmin/css/xadmin.responsive.css HTTP/1.1" 304 0
INFO 2020-07-09 09:45:51,223 basehttp 124 "GET /static/xadmin/js/xadmin.page.dashboard.js HTTP/1.1" 200 3208
INFO 2020-07-09 09:45:51,223 basehttp 124 "GET /static/xadmin/js/xadmin.plugin.portal.js HTTP/1.1" 200 1000
INFO 2020-07-09 09:45:51,226 basehttp 124 "GET /static/xadmin/vendor/jquery/jquery.js HTTP/1.1" 304 0
INFO 2020-07-09 09:45:51,228 basehttp 124 "GET /static/xadmin/vendor/jquery-ui/jquery.ui.core.js HTTP/1.1" 304 0
INFO 2020-07-09 09:45:51,230 basehttp 124 "GET /static/xadmin/vendor/jquery-ui/jquery.ui.widget.js HTTP/1.1" 304 0
INFO 2020-07-09 09:45:51,238 basehttp 124 "GET /static/xadmin/vendor/bootstrap/js/bootstrap.js HTTP/1.1" 304 0
INFO 2020-07-09 09:45:51,243 basehttp 124 "GET /static/xadmin/vendor/jquery-ui/jquery.ui.mouse.js HTTP/1.1" 304 0
INFO 2020-07-09 09:45:51,244 basehttp 124 "GET /static/xadmin/vendor/jquery-ui/jquery.ui.sortable.js HTTP/1.1" 304 0
INFO 2020-07-09 09:45:51,246 basehttp 124 "GET /static/xadmin/js/xadmin.main.js HTTP/1.1" 304 0
INFO 2020-07-09 09:45:51,248 basehttp 124 "GET /static/xadmin/js/xadmin.responsive.js HTTP/1.1" 304 0
INFO 2020-07-09 09:45:55,230 basehttp 124 "GET /xadmin/jsi18n/ HTTP/1.1" 200 3185
INFO 2020-07-09 09:45:55,249 basehttp 124 "GET /static/xadmin/vendor/font-awesome/fonts/fontawesome-webfont.woff?v=4.0.3 HTTP/1.1" 304 0
INFO 2020-07-09 09:47:49,791 basehttp 124 "GET /xadmin/ HTTP/1.1" 200 9830
INFO 2020-07-09 09:47:53,880 basehttp 124 "GET /xadmin/jsi18n/ HTTP/1.1" 200 7684
INFO 2020-07-09 09:48:05,499 basehttp 124 "GET /xadmin/auth/user/ HTTP/1.1" 200 29388
INFO 2020-07-09 09:48:05,561 basehttp 124 "GET /static/xadmin/css/xadmin.form.css HTTP/1.1" 200 3763
INFO 2020-07-09 09:48:05,577 basehttp 124 "GET /static/xadmin/js/xadmin.plugin.details.js HTTP/1.1" 200 2319
INFO 2020-07-09 09:48:05,579 basehttp 124 "GET /static/xadmin/js/xadmin.plugin.bookmark.js HTTP/1.1" 200 529
INFO 2020-07-09 09:48:05,585 basehttp 124 "GET /static/xadmin/js/xadmin.plugin.filters.js HTTP/1.1" 200 1990
INFO 2020-07-09 09:48:05,601 basehttp 124 "GET /static/xadmin/js/xadmin.plugin.actions.js HTTP/1.1" 200 4198
INFO 2020-07-09 09:48:05,605 basehttp 124 "GET /static/xadmin/js/xadmin.page.list.js HTTP/1.1" 200 1105
INFO 2020-07-09 09:48:05,613 basehttp 124 "GET /static/xadmin/js/xadmin.page.form.js HTTP/1.1" 200 1948
INFO 2020-07-09 09:48:09,632 basehttp 124 "GET /xadmin/jsi18n/ HTTP/1.1" 200 7684
INFO 2020-07-09 09:48:31,395 basehttp 124 "GET /xadmin/auth/group/ HTTP/1.1" 200 19053
INFO 2020-07-09 09:48:35,453 basehttp 124 "GET /xadmin/jsi18n/ HTTP/1.1" 200 7684
INFO 2020-07-09 09:48:41,461 basehttp 124 "GET /xadmin/auth/user/ HTTP/1.1" 200 29388
INFO 2020-07-09 09:48:45,533 basehttp 124 "GET /xadmin/jsi18n/ HTTP/1.1" 200 7684
INFO 2020-07-09 09:54:24,547 basehttp 124 "GET /xadmin/auth/user/ HTTP/1.1" 200 29388
INFO 2020-07-09 09:54:24,604 basehttp 124 "GET /static/xadmin/vendor/bootstrap/css/bootstrap.css HTTP/1.1" 304 0
INFO 2020-07-09 09:54:24,627 basehttp 124 "GET /static/xadmin/css/themes/bootstrap-xadmin.css HTTP/1.1" 304 0
INFO 2020-07-09 09:54:24,634 basehttp 124 "GET /static/xadmin/vendor/font-awesome/css/font-awesome.css HTTP/1.1" 304 0
INFO 2020-07-09 09:54:24,635 basehttp 124 "GET /static/xadmin/css/xadmin.main.css HTTP/1.1" 304 0
INFO 2020-07-09 09:54:24,650 basehttp 124 "GET /static/xadmin/css/xadmin.plugins.css HTTP/1.1" 304 0
INFO 2020-07-09 09:54:24,653 basehttp 124 "GET /static/xadmin/css/xadmin.responsive.css HTTP/1.1" 304 0
INFO 2020-07-09 09:54:24,662 basehttp 124 "GET /static/xadmin/css/xadmin.form.css HTTP/1.1" 304 0
INFO 2020-07-09 09:54:24,680 basehttp 124 "GET /static/xadmin/vendor/jquery-ui/jquery.ui.core.js HTTP/1.1" 304 0
INFO 2020-07-09 09:54:24,684 basehttp 124 "GET /static/xadmin/js/xadmin.main.js HTTP/1.1" 304 0
INFO 2020-07-09 09:54:24,685 basehttp 124 "GET /static/xadmin/vendor/jquery-ui/jquery.ui.sortable.js HTTP/1.1" 304 0
INFO 2020-07-09 09:54:24,685 basehttp 124 "GET /static/xadmin/vendor/jquery-ui/jquery.ui.widget.js HTTP/1.1" 304 0
INFO 2020-07-09 09:54:24,689 basehttp 124 "GET /static/xadmin/vendor/bootstrap/js/bootstrap.js HTTP/1.1" 304 0
INFO 2020-07-09 09:54:24,702 basehttp 124 "GET /static/xadmin/js/xadmin.plugin.details.js HTTP/1.1" 304 0
INFO 2020-07-09 09:54:24,714 basehttp 124 "GET /static/xadmin/js/xadmin.plugin.bookmark.js HTTP/1.1" 304 0
INFO 2020-07-09 09:54:24,727 basehttp 124 "GET /static/xadmin/js/xadmin.plugin.filters.js HTTP/1.1" 304 0
INFO 2020-07-09 09:54:24,729 basehttp 124 "GET /static/xadmin/js/xadmin.plugin.actions.js HTTP/1.1" 304 0
INFO 2020-07-09 09:54:24,733 basehttp 124 "GET /static/xadmin/vendor/jquery/jquery.js HTTP/1.1" 304 0
INFO 2020-07-09 09:54:24,734 basehttp 124 "GET /static/xadmin/js/xadmin.page.list.js HTTP/1.1" 304 0
INFO 2020-07-09 09:54:24,735 basehttp 124 "GET /static/xadmin/js/xadmin.page.form.js HTTP/1.1" 304 0
INFO 2020-07-09 09:54:24,748 basehttp 124 "GET /static/xadmin/js/xadmin.responsive.js HTTP/1.1" 304 0
INFO 2020-07-09 09:54:24,751 basehttp 124 "GET /static/xadmin/vendor/jquery-ui/jquery.ui.mouse.js HTTP/1.1" 304 0
INFO 2020-07-09 09:54:28,676 basehttp 124 "GET /xadmin/jsi18n/ HTTP/1.1" 200 7684
INFO 2020-07-09 09:54:28,700 basehttp 124 "GET /static/xadmin/vendor/font-awesome/fonts/fontawesome-webfont.woff?v=4.0.3 HTTP/1.1" 304 0
INFO 2020-07-09 09:55:03,214 basehttp 124 "GET /xadmin/auth/user/ HTTP/1.1" 200 32794
INFO 2020-07-09 09:55:03,250 basehttp 124 "GET /static/xadmin/vendor/jquery-ui/jquery.ui.effect.js HTTP/1.1" 200 31918
INFO 2020-07-09 09:55:03,255 basehttp 124 "GET /static/xadmin/js/xadmin.plugin.themes.js HTTP/1.1" 200 3489
INFO 2020-07-09 09:55:07,275 basehttp 124 "GET /xadmin/jsi18n/ HTTP/1.1" 200 7684
INFO 2020-07-09 09:59:25,487 basehttp 124 "GET /xadmin/auth/user/ HTTP/1.1" 200 33925
INFO 2020-07-09 09:59:25,558 basehttp 124 "GET /static/xadmin/css/themes/bootstrap-xadmin.css HTTP/1.1" 304 0
INFO 2020-07-09 09:59:25,559 basehttp 124 "GET /static/xadmin/vendor/bootstrap/css/bootstrap.css HTTP/1.1" 304 0
INFO 2020-07-09 09:59:25,561 basehttp 124 "GET /static/xadmin/vendor/font-awesome/css/font-awesome.css HTTP/1.1" 304 0
INFO 2020-07-09 09:59:25,564 basehttp 124 "GET /static/xadmin/css/xadmin.main.css HTTP/1.1" 304 0
INFO 2020-07-09 09:59:25,565 basehttp 124 "GET /static/xadmin/css/xadmin.plugins.css HTTP/1.1" 304 0
INFO 2020-07-09 09:59:25,567 basehttp 124 "GET /static/xadmin/css/xadmin.responsive.css HTTP/1.1" 304 0
INFO 2020-07-09 09:59:25,572 basehttp 124 "GET /static/xadmin/css/xadmin.form.css HTTP/1.1" 304 0
INFO 2020-07-09 09:59:25,576 basehttp 124 "GET /static/xadmin/vendor/jquery-ui/jquery.ui.core.js HTTP/1.1" 304 0
INFO 2020-07-09 09:59:25,577 basehttp 124 "GET /static/xadmin/vendor/jquery-ui/jquery.ui.widget.js HTTP/1.1" 304 0
INFO 2020-07-09 09:59:25,581 basehttp 124 "GET /static/xadmin/vendor/jquery-ui/jquery.ui.mouse.js HTTP/1.1" 304 0
INFO 2020-07-09 09:59:25,587 basehttp 124 "GET /static/xadmin/vendor/jquery-ui/jquery.ui.sortable.js HTTP/1.1" 304 0
INFO 2020-07-09 09:59:25,602 basehttp 124 "GET /static/xadmin/vendor/bootstrap/js/bootstrap.js HTTP/1.1" 304 0
INFO 2020-07-09 09:59:25,603 basehttp 124 "GET /static/xadmin/js/xadmin.main.js HTTP/1.1" 304 0
INFO 2020-07-09 09:59:25,605 basehttp 124 "GET /static/xadmin/js/xadmin.responsive.js HTTP/1.1" 304 0
INFO 2020-07-09 09:59:25,607 basehttp 124 "GET /static/xadmin/js/xadmin.plugin.themes.js HTTP/1.1" 304 0
INFO 2020-07-09 09:59:25,608 basehttp 124 "GET /static/xadmin/vendor/jquery-ui/jquery.ui.effect.js HTTP/1.1" 304 0
INFO 2020-07-09 09:59:25,610 basehttp 124 "GET /static/xadmin/js/xadmin.plugin.bookmark.js HTTP/1.1" 304 0
INFO 2020-07-09 09:59:25,615 basehttp 124 "GET /static/xadmin/js/xadmin.plugin.filters.js HTTP/1.1" 304 0
INFO 2020-07-09 09:59:25,622 basehttp 124 "GET /static/xadmin/js/xadmin.page.list.js HTTP/1.1" 304 0
INFO 2020-07-09 09:59:25,626 basehttp 124 "GET /static/xadmin/vendor/jquery/jquery.js HTTP/1.1" 304 0
INFO 2020-07-09 09:59:25,627 basehttp 124 "GET /static/xadmin/js/xadmin.plugin.details.js HTTP/1.1" 304 0
INFO 2020-07-09 09:59:25,632 basehttp 124 "GET /static/xadmin/js/xadmin.plugin.actions.js HTTP/1.1" 304 0
INFO 2020-07-09 09:59:25,633 basehttp 124 "GET /static/xadmin/js/xadmin.page.form.js HTTP/1.1" 304 0
INFO 2020-07-09 09:59:29,614 basehttp 124 "GET /xadmin/jsi18n/ HTTP/1.1" 200 7684
INFO 2020-07-09 09:59:29,674 basehttp 124 "GET /static/xadmin/vendor/font-awesome/fonts/fontawesome-webfont.woff?v=4.0.3 HTTP/1.1" 304 0
INFO 2020-07-09 10:00:15,422 basehttp 124 "GET /xadmin/home/banner/ HTTP/1.1" 200 23921
INFO 2020-07-09 10:00:19,699 basehttp 124 "GET /xadmin/jsi18n/ HTTP/1.1" 200 7684
INFO 2020-07-09 10:02:32,390 basehttp 124 "GET /xadmin/home/banner/ HTTP/1.1" 200 23921
INFO 2020-07-09 10:02:36,457 basehttp 124 "GET /xadmin/jsi18n/ HTTP/1.1" 200 7684
WARNING 2020-07-09 10:03:01,300 base 93 Not Found: /
WARNING 2020-07-09 10:03:01,300 basehttp 124 "GET / HTTP/1.1" 404 2047
INFO 2020-07-09 10:03:09,285 basehttp 124 "GET /media HTTP/1.1" 301 0
WARNING 2020-07-09 10:03:09,300 base 93 Not Found: /media/
WARNING 2020-07-09 10:03:09,301 basehttp 124 "GET /media/ HTTP/1.1" 404 1721
WARNING 2020-07-09 10:05:35,873 base 93 Not Found: /admin
WARNING 2020-07-09 10:05:35,874 basehttp 124 "GET /admin HTTP/1.1" 404 2080
INFO 2020-07-09 10:05:46,187 basehttp 124 "GET /xadmin/ HTTP/1.1" 200 14382
INFO 2020-07-09 10:05:46,251 basehttp 124 "GET /static/xadmin/vendor/bootstrap/css/bootstrap.css HTTP/1.1" 304 0
INFO 2020-07-09 10:05:46,277 basehttp 124 "GET /static/xadmin/css/themes/bootstrap-xadmin.css HTTP/1.1" 304 0
INFO 2020-07-09 10:05:46,284 basehttp 124 "GET /static/xadmin/vendor/font-awesome/css/font-awesome.css HTTP/1.1" 304 0
INFO 2020-07-09 10:05:46,298 basehttp 124 "GET /static/xadmin/css/xadmin.main.css HTTP/1.1" 304 0
INFO 2020-07-09 10:05:46,307 basehttp 124 "GET /static/xadmin/css/xadmin.plugins.css HTTP/1.1" 304 0
INFO 2020-07-09 10:05:46,310 basehttp 124 "GET /static/xadmin/css/xadmin.responsive.css HTTP/1.1" 304 0
INFO 2020-07-09 10:05:46,311 basehttp 124 "GET /static/xadmin/css/xadmin.page.dashboard.css HTTP/1.1" 304 0
INFO 2020-07-09 10:05:46,327 basehttp 124 "GET /static/xadmin/vendor/jquery-ui/jquery.ui.widget.js HTTP/1.1" 304 0
INFO 2020-07-09 10:05:46,329 basehttp 124 "GET /static/xadmin/vendor/jquery-ui/jquery.ui.sortable.js HTTP/1.1" 304 0
INFO 2020-07-09 10:05:46,333 basehttp 124 "GET /static/xadmin/js/xadmin.main.js HTTP/1.1" 304 0
INFO 2020-07-09 10:05:46,344 basehttp 124 "GET /static/xadmin/vendor/jquery-ui/jquery.ui.effect.js HTTP/1.1" 304 0
INFO 2020-07-09 10:05:46,345 basehttp 124 "GET /static/xadmin/js/xadmin.plugin.themes.js HTTP/1.1" 304 0
INFO 2020-07-09 10:05:46,355 basehttp 124 "GET /static/xadmin/vendor/jquery/jquery.js HTTP/1.1" 304 0
INFO 2020-07-09 10:05:46,366 basehttp 124 "GET /static/xadmin/vendor/jquery-ui/jquery.ui.core.js HTTP/1.1" 304 0
INFO 2020-07-09 10:05:46,380 basehttp 124 "GET /static/xadmin/vendor/jquery-ui/jquery.ui.mouse.js HTTP/1.1" 304 0
INFO 2020-07-09 10:05:46,386 basehttp 124 "GET /static/xadmin/js/xadmin.responsive.js HTTP/1.1" 304 0
INFO 2020-07-09 10:05:46,406 basehttp 124 "GET /static/xadmin/js/xadmin.page.dashboard.js HTTP/1.1" 304 0
INFO 2020-07-09 10:05:46,413 basehttp 124 "GET /static/xadmin/vendor/bootstrap/js/bootstrap.js HTTP/1.1" 304 0
INFO 2020-07-09 10:05:46,414 basehttp 124 "GET /static/xadmin/js/xadmin.plugin.portal.js HTTP/1.1" 304 0
INFO 2020-07-09 10:05:50,352 basehttp 124 "GET /xadmin/jsi18n/ HTTP/1.1" 200 7684
INFO 2020-07-09 10:05:50,422 basehttp 124 "GET /static/xadmin/vendor/font-awesome/fonts/fontawesome-webfont.woff?v=4.0.3 HTTP/1.1" 304 0
INFO 2020-07-09 10:06:04,777 basehttp 124 "GET /xadmin/home/banner/ HTTP/1.1" 200 23921
INFO 2020-07-09 10:06:04,817 basehttp 124 "GET /static/xadmin/css/xadmin.form.css HTTP/1.1" 304 0
INFO 2020-07-09 10:06:04,836 basehttp 124 "GET /static/xadmin/js/xadmin.plugin.details.js HTTP/1.1" 304 0
INFO 2020-07-09 10:06:04,841 basehttp 124 "GET /static/xadmin/js/xadmin.plugin.bookmark.js HTTP/1.1" 304 0
INFO 2020-07-09 10:06:04,847 basehttp 124 "GET /static/xadmin/js/xadmin.plugin.filters.js HTTP/1.1" 304 0
INFO 2020-07-09 10:06:04,850 basehttp 124 "GET /static/xadmin/js/xadmin.page.list.js HTTP/1.1" 304 0
INFO 2020-07-09 10:06:04,851 basehttp 124 "GET /static/xadmin/js/xadmin.page.form.js HTTP/1.1" 304 0
INFO 2020-07-09 10:06:08,839 basehttp 124 "GET /xadmin/jsi18n/ HTTP/1.1" 200 7684
INFO 2020-07-09 10:06:21,299 basehttp 124 "GET /xadmin/home/banner/add/ HTTP/1.1" 200 19457
INFO 2020-07-09 10:06:21,334 basehttp 124 "GET /static/xadmin/vendor/bootstrap-image-gallery/css/bootstrap-image-gallery.css HTTP/1.1" 200 3339
INFO 2020-07-09 10:06:21,348 basehttp 124 "GET /static/xadmin/vendor/load-image/load-image.js HTTP/1.1" 200 8309
INFO 2020-07-09 10:06:21,358 basehttp 124 "GET /static/xadmin/vendor/bootstrap-image-gallery/js/bootstrap-image-gallery.js HTTP/1.1" 200 15611
INFO 2020-07-09 10:06:25,373 basehttp 124 "GET /xadmin/jsi18n/ HTTP/1.1" 200 7684
INFO 2020-07-09 10:09:06,235 basehttp 124 "POST /xadmin/home/banner/add/ HTTP/1.1" 302 0
INFO 2020-07-09 10:09:10,358 basehttp 124 "GET /xadmin/home/banner/add/ HTTP/1.1" 200 19803
INFO 2020-07-09 10:09:14,423 basehttp 124 "GET /xadmin/jsi18n/ HTTP/1.1" 200 7684
INFO 2020-07-09 10:10:03,118 basehttp 124 "POST /xadmin/home/banner/add/ HTTP/1.1" 302 0
INFO 2020-07-09 10:10:07,215 basehttp 124 "GET /xadmin/home/banner/add/ HTTP/1.1" 200 19803
INFO 2020-07-09 10:10:11,270 basehttp 124 "GET /xadmin/jsi18n/ HTTP/1.1" 200 7684
INFO 2020-07-09 10:10:49,816 basehttp 124 "POST /xadmin/home/banner/add/ HTTP/1.1" 302 0
INFO 2020-07-09 10:10:53,941 basehttp 124 "GET /xadmin/home/banner/add/ HTTP/1.1" 200 19801
INFO 2020-07-09 10:10:58,020 basehttp 124 "GET /xadmin/jsi18n/ HTTP/1.1" 200 7684
INFO 2020-07-09 10:11:26,438 basehttp 124 "POST /xadmin/home/banner/add/ HTTP/1.1" 302 0
INFO 2020-07-09 10:11:30,539 basehttp 124 "GET /xadmin/home/banner/ HTTP/1.1" 200 29722
INFO 2020-07-09 10:11:30,605 basehttp 124 "GET /static/xadmin/vendor/bootstrap/css/bootstrap.css HTTP/1.1" 304 0
INFO 2020-07-09 10:11:30,611 basehttp 124 "GET /static/xadmin/css/themes/bootstrap-xadmin.css HTTP/1.1" 304 0
INFO 2020-07-09 10:11:30,613 basehttp 124 "GET /static/xadmin/vendor/font-awesome/css/font-awesome.css HTTP/1.1" 304 0
INFO 2020-07-09 10:11:30,613 basehttp 124 "GET /static/xadmin/css/xadmin.main.css HTTP/1.1" 304 0
INFO 2020-07-09 10:11:30,620 basehttp 124 "GET /static/xadmin/css/xadmin.plugins.css HTTP/1.1" 304 0
INFO 2020-07-09 10:11:30,624 basehttp 124 "GET /static/xadmin/css/xadmin.responsive.css HTTP/1.1" 304 0
INFO 2020-07-09 10:11:30,630 basehttp 124 "GET /static/xadmin/css/xadmin.form.css HTTP/1.1" 304 0
INFO 2020-07-09 10:11:30,634 basehttp 124 "GET /static/xadmin/vendor/jquery/jquery.js HTTP/1.1" 304 0
INFO 2020-07-09 10:11:30,646 basehttp 124 "GET /static/xadmin/vendor/jquery-ui/jquery.ui.core.js HTTP/1.1" 304 0
INFO 2020-07-09 10:11:30,647 basehttp 124 "GET /static/xadmin/vendor/jquery-ui/jquery.ui.widget.js HTTP/1.1" 304 0
INFO 2020-07-09 10:11:30,651 basehttp 124 "GET /static/xadmin/vendor/jquery-ui/jquery.ui.mouse.js HTTP/1.1" 304 0
INFO 2020-07-09 10:11:30,665 basehttp 124 "GET /static/xadmin/vendor/jquery-ui/jquery.ui.sortable.js HTTP/1.1" 304 0
INFO 2020-07-09 10:11:30,667 basehttp 124 "GET /static/xadmin/vendor/bootstrap/js/bootstrap.js HTTP/1.1" 304 0
INFO 2020-07-09 10:11:30,672 basehttp 124 "GET /static/xadmin/js/xadmin.responsive.js HTTP/1.1" 304 0
INFO 2020-07-09 10:11:30,669 basehttp 124 "GET /static/xadmin/js/xadmin.main.js HTTP/1.1" 304 0
INFO 2020-07-09 10:11:30,686 basehttp 124 "GET /static/xadmin/vendor/jquery-ui/jquery.ui.effect.js HTTP/1.1" 304 0
INFO 2020-07-09 10:11:30,689 basehttp 124 "GET /static/xadmin/js/xadmin.plugin.filters.js HTTP/1.1" 304 0
INFO 2020-07-09 10:11:30,690 basehttp 124 "GET /static/xadmin/js/xadmin.page.list.js HTTP/1.1" 304 0
INFO 2020-07-09 10:11:30,690 basehttp 124 "GET /static/xadmin/js/xadmin.plugin.actions.js HTTP/1.1" 304 0
INFO 2020-07-09 10:11:30,692 basehttp 124 "GET /static/xadmin/js/xadmin.page.form.js HTTP/1.1" 304 0
INFO 2020-07-09 10:11:30,712 basehttp 124 "GET /static/xadmin/js/xadmin.plugin.details.js HTTP/1.1" 304 0
INFO 2020-07-09 10:11:30,720 basehttp 124 "GET /static/xadmin/js/xadmin.plugin.themes.js HTTP/1.1" 304 0
INFO 2020-07-09 10:11:30,721 basehttp 124 "GET /static/xadmin/js/xadmin.plugin.bookmark.js HTTP/1.1" 304 0
INFO 2020-07-09 10:11:34,654 basehttp 124 "GET /xadmin/jsi18n/ HTTP/1.1" 200 7684
INFO 2020-07-09 10:11:34,676 basehttp 124 "GET /static/xadmin/vendor/font-awesome/fonts/fontawesome-webfont.woff?v=4.0.3 HTTP/1.1" 304 0
INFO 2020-07-09 10:12:38,484 basehttp 124 "GET /xadmin/home/banner/ HTTP/1.1" 200 29427
INFO 2020-07-09 10:12:42,603 basehttp 124 "GET /xadmin/jsi18n/ HTTP/1.1" 200 7684
INFO 2020-07-09 10:43:55,108 basehttp 124 "GET /home/banner HTTP/1.1" 301 0
INFO 2020-07-09 10:43:59,257 basehttp 124 "GET /home/banner/ HTTP/1.1" 200 6312
INFO 2020-07-09 10:43:59,435 basehttp 124 "GET /static/rest_framework/css/bootstrap-tweaks.css HTTP/1.1" 200 3385
INFO 2020-07-09 10:43:59,436 basehttp 124 "GET /static/rest_framework/css/prettify.css HTTP/1.1" 200 817
INFO 2020-07-09 10:43:59,445 basehttp 124 "GET /static/rest_framework/css/bootstrap.min.css HTTP/1.1" 200 121457
INFO 2020-07-09 10:43:59,457 basehttp 124 "GET /static/rest_framework/css/default.css HTTP/1.1" 200 1131
INFO 2020-07-09 10:43:59,479 basehttp 124 "GET /static/rest_framework/js/jquery-3.4.1.min.js HTTP/1.1" 200 88145
INFO 2020-07-09 10:43:59,495 basehttp 124 "GET /static/rest_framework/js/ajax-form.js HTTP/1.1" 200 3597
INFO 2020-07-09 10:43:59,501 basehttp 124 "GET /static/rest_framework/js/csrf.js HTTP/1.1" 200 1719
INFO 2020-07-09 10:43:59,554 basehttp 124 "GET /static/rest_framework/js/prettify-min.js HTTP/1.1" 200 13632
INFO 2020-07-09 10:43:59,568 basehttp 124 "GET /static/rest_framework/js/default.js HTTP/1.1" 200 1268
INFO 2020-07-09 10:43:59,593 basehttp 124 "GET /static/rest_framework/js/bootstrap.min.js HTTP/1.1" 200 37608
INFO 2020-07-09 10:43:59,643 basehttp 124 "GET /static/rest_framework/img/grid.png HTTP/1.1" 200 1458
INFO 2020-07-09 10:53:11,411 basehttp 124 "GET /home/banner/ HTTP/1.1" 200 6312
INFO 2020-07-09 10:54:06,056 basehttp 124 "GET /home/banner/ HTTP/1.1" 200 298
INFO 2020-07-09 11:10:38,932 basehttp 124 "GET /media/banner/02.png HTTP/1.1" 200 364808
INFO 2020-07-09 11:10:38,937 basehttp 124 "GET /media/banner/04.png HTTP/1.1" 200 688041
INFO 2020-07-09 11:10:38,939 basehttp 124 "GET /media/banner/03.png HTTP/1.1" 200 745382
INFO 2020-07-09 11:10:38,991 basehttp 124 "GET /media/banner/01.png HTTP/1.1" 200 737783
INFO 2020-07-09 11:11:18,888 basehttp 124 "GET /home/banner/ HTTP/1.1" 200 298
ERROR 2020-07-09 11:11:18,936 basehttp 124 "GET /home/banner/ HTTP/1.1" 500 59
INFO 2020-07-09 11:11:20,960 basehttp 124 "GET /home/banner/ HTTP/1.1" 200 298
INFO 2020-07-09 11:11:44,143 basehttp 124 "GET /home/banner/ HTTP/1.1" 200 298
INFO 2020-07-09 11:12:19,811 basehttp 124 "GET /home/banner/ HTTP/1.1" 200 298
ERROR 2020-07-09 11:12:19,812 basehttp 124 "GET /home/banner/ HTTP/1.1" 500 59
INFO 2020-07-09 11:12:22,095 basehttp 124 "GET /home/banner/ HTTP/1.1" 200 298
INFO 2020-07-09 11:12:41,234 basehttp 124 "GET /home/banner/ HTTP/1.1" 200 298
INFO 2020-07-09 11:14:10,430 basehttp 124 "GET /home/banner/ HTTP/1.1" 200 298
INFO 2020-07-09 11:14:15,579 basehttp 124 "GET /home/banner/ HTTP/1.1" 200 298
INFO 2020-07-09 11:22:13,922 basehttp 124 "GET /xadmin/home/banner/ HTTP/1.1" 200 29841
INFO 2020-07-09 11:22:13,958 basehttp 124 "GET /static/xadmin/vendor/bootstrap/css/bootstrap.css HTTP/1.1" 304 0
INFO 2020-07-09 11:22:13,979 basehttp 124 "GET /static/xadmin/css/themes/bootstrap-xadmin.css HTTP/1.1" 304 0
INFO 2020-07-09 11:22:13,983 basehttp 124 "GET /static/xadmin/vendor/font-awesome/css/font-awesome.css HTTP/1.1" 304 0
INFO 2020-07-09 11:22:13,986 basehttp 124 "GET /static/xadmin/css/xadmin.main.css HTTP/1.1" 304 0
INFO 2020-07-09 11:22:13,991 basehttp 124 "GET /static/xadmin/css/xadmin.plugins.css HTTP/1.1" 304 0
INFO 2020-07-09 11:22:13,999 basehttp 124 "GET /static/xadmin/css/xadmin.responsive.css HTTP/1.1" 304 0
INFO 2020-07-09 11:22:14,000 basehttp 124 "GET /static/xadmin/css/xadmin.form.css HTTP/1.1" 304 0
INFO 2020-07-09 11:22:14,005 basehttp 124 "GET /static/xadmin/vendor/jquery/jquery.js HTTP/1.1" 304 0
INFO 2020-07-09 11:22:14,008 basehttp 124 "GET /static/xadmin/vendor/jquery-ui/jquery.ui.core.js HTTP/1.1" 304 0
INFO 2020-07-09 11:22:14,018 basehttp 124 "GET /static/xadmin/vendor/jquery-ui/jquery.ui.widget.js HTTP/1.1" 304 0
INFO 2020-07-09 11:22:14,031 basehttp 124 "GET /static/xadmin/js/xadmin.main.js HTTP/1.1" 304 0
INFO 2020-07-09 11:22:14,032 basehttp 124 "GET /static/xadmin/vendor/jquery-ui/jquery.ui.effect.js HTTP/1.1" 304 0
INFO 2020-07-09 11:22:14,032 basehttp 124 "GET /static/xadmin/js/xadmin.responsive.js HTTP/1.1" 304 0
INFO 2020-07-09 11:22:14,037 basehttp 124 "GET /static/xadmin/js/xadmin.plugin.themes.js HTTP/1.1" 304 0
INFO 2020-07-09 11:22:14,049 basehttp 124 "GET /static/xadmin/js/xadmin.plugin.details.js HTTP/1.1" 304 0
INFO 2020-07-09 11:22:14,052 basehttp 124 "GET /static/xadmin/js/xadmin.plugin.actions.js HTTP/1.1" 304 0
INFO 2020-07-09 11:22:14,058 basehttp 124 "GET /static/xadmin/js/xadmin.plugin.bookmark.js HTTP/1.1" 304 0
INFO 2020-07-09 11:22:14,060 basehttp 124 "GET /static/xadmin/js/xadmin.plugin.filters.js HTTP/1.1" 304 0
INFO 2020-07-09 11:22:14,061 basehttp 124 "GET /static/xadmin/js/xadmin.page.list.js HTTP/1.1" 304 0
INFO 2020-07-09 11:22:14,074 basehttp 124 "GET /static/xadmin/vendor/bootstrap/js/bootstrap.js HTTP/1.1" 304 0
INFO 2020-07-09 11:22:14,075 basehttp 124 "GET /static/xadmin/vendor/jquery-ui/jquery.ui.mouse.js HTTP/1.1" 304 0
INFO 2020-07-09 11:22:14,077 basehttp 124 "GET /static/xadmin/js/xadmin.page.form.js HTTP/1.1" 304 0
INFO 2020-07-09 11:22:14,077 basehttp 124 "GET /static/xadmin/vendor/jquery-ui/jquery.ui.sortable.js HTTP/1.1" 304 0
INFO 2020-07-09 11:22:18,020 basehttp 124 "GET /xadmin/jsi18n/ HTTP/1.1" 200 7684
INFO 2020-07-09 11:22:18,052 basehttp 124 "GET /static/xadmin/vendor/font-awesome/fonts/fontawesome-webfont.woff?v=4.0.3 HTTP/1.1" 304 0
ERROR 2020-07-09 11:22:25,605 exception 118 Internal Server Error: /xadmin/home/nav/
Traceback (most recent call last):
  File "G:\envs\env02\lib\site-packages\django\db\backends\utils.py", line 85, in _execute
    return self.cursor.execute(sql, params)
  File "G:\envs\env02\lib\site-packages\django\db\backends\mysql\base.py", line 71, in execute
    return self.cursor.execute(query, args)
  File "G:\envs\env02\lib\site-packages\MySQLdb\cursors.py", line 209, in execute
    res = self._query(query)
  File "G:\envs\env02\lib\site-packages\MySQLdb\cursors.py", line 315, in _query
    db.query(q)
  File "G:\envs\env02\lib\site-packages\MySQLdb\connections.py", line 239, in query
    _mysql.connection.query(self, query)
MySQLdb._exceptions.ProgrammingError: (1146, "Table 'edu_api.bz_nav' doesn't exist")

The above exception was the direct cause of the following exception:

Traceback (most recent call last):
  File "G:\envs\env02\lib\site-packages\django\core\handlers\exception.py", line 35, in inner
    response = get_response(request)
  File "G:\envs\env02\lib\site-packages\django\core\handlers\base.py", line 128, in _get_response
    response = self.process_exception_by_middleware(e, request)
  File "G:\envs\env02\lib\site-packages\django\core\handlers\base.py", line 126, in _get_response
    response = wrapped_callback(request, *callback_args, **callback_kwargs)
  File "G:\envs\env02\lib\site-packages\xadmin\sites.py", line 300, in wrapper
    return self.admin_view(view, cacheable)(*args, **kwargs)
  File "G:\envs\env02\lib\site-packages\django\views\decorators\cache.py", line 44, in _wrapped_view_func
    response = view_func(request, *args, **kwargs)
  File "G:\envs\env02\lib\site-packages\xadmin\sites.py", line 208, in inner
    return view(request, *args, **kwargs)
  File "G:\envs\env02\lib\site-packages\xadmin\views\base.py", line 282, in view
    return handler(request, *args, **kwargs)
  File "G:\envs\env02\lib\site-packages\django\utils\decorators.py", line 62, in _wrapper
    return bound_func(*args, **kwargs)
  File "G:\envs\env02\lib\site-packages\django\utils\decorators.py", line 142, in _wrapped_view
    response = view_func(request, *args, **kwargs)
  File "G:\envs\env02\lib\site-packages\django\utils\decorators.py", line 58, in bound_func
    return func.__get__(self, type(self))(*args2, **kwargs2)
  File "G:\envs\env02\lib\site-packages\xadmin\views\base.py", line 80, in method
    return filter_chain(filters, len(filters) - 1, _inner_method, *args, **kwargs)
  File "G:\envs\env02\lib\site-packages\xadmin\views\base.py", line 49, in filter_chain
    return func()
  File "G:\envs\env02\lib\site-packages\xadmin\views\base.py", line 74, in _inner_method
    return func(self, *args, **kwargs)
  File "G:\envs\env02\lib\site-packages\xadmin\views\list.py", line 401, in get
    response = self.get_result_list()
  File "G:\envs\env02\lib\site-packages\xadmin\views\base.py", line 80, in method
    return filter_chain(filters, len(filters) - 1, _inner_method, *args, **kwargs)
  File "G:\envs\env02\lib\site-packages\xadmin\views\base.py", line 49, in filter_chain
    return func()
  File "G:\envs\env02\lib\site-packages\xadmin\views\base.py", line 74, in _inner_method
    return func(self, *args, **kwargs)
  File "G:\envs\env02\lib\site-packages\xadmin\views\list.py", line 200, in get_result_list
    return self.make_result_list()
  File "G:\envs\env02\lib\site-packages\xadmin\views\list.py", line 177, in make_result_list
    self.result_count = self.paginator.count
  File "G:\envs\env02\lib\site-packages\django\utils\functional.py", line 36, in __get__
    res = instance.__dict__[self.name] = self.func(instance)
  File "G:\envs\env02\lib\site-packages\django\core\paginator.py", line 85, in count
    return self.object_list.count()
  File "G:\envs\env02\lib\site-packages\django\db\models\query.py", line 387, in count
    return self.query.get_count(using=self.db)
  File "G:\envs\env02\lib\site-packages\django\db\models\sql\query.py", line 491, in get_count
    number = obj.get_aggregation(using, ['__count'])['__count']
  File "G:\envs\env02\lib\site-packages\django\db\models\sql\query.py", line 476, in get_aggregation
    result = compiler.execute_sql(SINGLE)
  File "G:\envs\env02\lib\site-packages\django\db\models\sql\compiler.py", line 1068, in execute_sql
    cursor.execute(sql, params)
  File "G:\envs\env02\lib\site-packages\django\db\backends\utils.py", line 100, in execute
    return super().execute(sql, params)
  File "G:\envs\env02\lib\site-packages\django\db\backends\utils.py", line 68, in execute
    return self._execute_with_wrappers(sql, params, many=False, executor=self._execute)
  File "G:\envs\env02\lib\site-packages\django\db\backends\utils.py", line 77, in _execute_with_wrappers
    return executor(sql, params, many, context)
  File "G:\envs\env02\lib\site-packages\django\db\backends\utils.py", line 85, in _execute
    return self.cursor.execute(sql, params)
  File "G:\envs\env02\lib\site-packages\django\db\utils.py", line 89, in __exit__
    raise dj_exc_value.with_traceback(traceback) from exc_value
  File "G:\envs\env02\lib\site-packages\django\db\backends\utils.py", line 85, in _execute
    return self.cursor.execute(sql, params)
  File "G:\envs\env02\lib\site-packages\django\db\backends\mysql\base.py", line 71, in execute
    return self.cursor.execute(query, args)
  File "G:\envs\env02\lib\site-packages\MySQLdb\cursors.py", line 209, in execute
    res = self._query(query)
  File "G:\envs\env02\lib\site-packages\MySQLdb\cursors.py", line 315, in _query
    db.query(q)
  File "G:\envs\env02\lib\site-packages\MySQLdb\connections.py", line 239, in query
    _mysql.connection.query(self, query)
django.db.utils.ProgrammingError: (1146, "Table 'edu_api.bz_nav' doesn't exist")
ERROR 2020-07-09 11:22:25,797 basehttp 124 "GET /xadmin/home/nav/ HTTP/1.1" 500 226966
INFO 2020-07-09 11:22:38,326 basehttp 124 "GET /xadmin/home/banner/ HTTP/1.1" 200 29841
INFO 2020-07-09 11:23:06,652 basehttp 124 "GET /home/banner/ HTTP/1.1" 200 6312
INFO 2020-07-09 11:24:03,482 basehttp 124 "GET /home/banner/ HTTP/1.1" 200 6312
INFO 2020-07-09 11:24:05,750 basehttp 124 "GET /home/banner/ HTTP/1.1" 200 6312
INFO 2020-07-09 11:24:08,835 basehttp 124 "GET /home/banner/ HTTP/1.1" 200 6312
INFO 2020-07-09 11:24:22,727 basehttp 124 "GET /xadmin/home/banner/ HTTP/1.1" 200 29841
INFO 2020-07-09 11:24:22,785 basehttp 124 "GET /xadmin/jsi18n/ HTTP/1.1" 200 7684
INFO 2020-07-09 11:24:28,583 basehttp 124 "GET /home/banner/ HTTP/1.1" 200 6312
INFO 2020-07-09 11:24:50,376 basehttp 124 "GET /home/banner/ HTTP/1.1" 200 6312
INFO 2020-07-09 11:24:56,691 basehttp 124 "GET /home/banner/ HTTP/1.1" 200 6312
INFO 2020-07-09 11:25:03,397 basehttp 124 "GET /home/banner/ HTTP/1.1" 200 6312
INFO 2020-07-09 11:25:13,378 basehttp 124 "GET /home/banner/ HTTP/1.1" 200 6312
INFO 2020-07-09 11:31:55,267 basehttp 124 "GET /xadmin/home/nav/ HTTP/1.1" 200 24898
ERROR 2020-07-09 11:31:55,269 basehttp 124 "GET /xadmin/home/nav/ HTTP/1.1" 500 59
INFO 2020-07-09 11:32:02,283 basehttp 124 "GET /xadmin/home/banner/ HTTP/1.1" 200 29841
INFO 2020-07-09 11:32:02,356 basehttp 124 "GET /xadmin/jsi18n/ HTTP/1.1" 200 7684
INFO 2020-07-09 11:32:05,840 basehttp 124 "GET /xadmin/home/banner/ HTTP/1.1" 200 29841
INFO 2020-07-09 11:32:05,890 basehttp 124 "GET /xadmin/jsi18n/ HTTP/1.1" 200 7684
INFO 2020-07-09 11:32:05,942 basehttp 124 "GET /xadmin/home/nav/ HTTP/1.1" 200 24898
ERROR 2020-07-09 11:32:05,943 basehttp 124 "GET /xadmin/home/nav/ HTTP/1.1" 500 59
INFO 2020-07-09 11:32:07,714 basehttp 124 "GET /xadmin/home/nav/ HTTP/1.1" 200 24898
INFO 2020-07-09 11:32:07,764 basehttp 124 "GET /xadmin/jsi18n/ HTTP/1.1" 200 7684
INFO 2020-07-09 11:32:10,873 basehttp 124 "GET /xadmin/home/nav/add/ HTTP/1.1" 200 19187
INFO 2020-07-09 11:32:10,909 basehttp 124 "GET /static/xadmin/vendor/select2/select2.css HTTP/1.1" 200 19226
INFO 2020-07-09 11:32:10,915 basehttp 124 "GET /static/xadmin/vendor/selectize/selectize.css HTTP/1.1" 200 8425
INFO 2020-07-09 11:32:10,919 basehttp 124 "GET /static/xadmin/vendor/selectize/selectize.bootstrap3.css HTTP/1.1" 200 10602
INFO 2020-07-09 11:32:10,935 basehttp 124 "GET /static/xadmin/vendor/selectize/selectize.js HTTP/1.1" 200 98602
INFO 2020-07-09 11:32:10,938 basehttp 124 "GET /xadmin/jsi18n/ HTTP/1.1" 200 7684
INFO 2020-07-09 11:32:10,950 basehttp 124 "GET /static/xadmin/js/xadmin.plugin.portal.js HTTP/1.1" 304 0
INFO 2020-07-09 11:32:10,963 basehttp 124 "GET /static/xadmin/vendor/select2/select2.js HTTP/1.1" 200 104906
INFO 2020-07-09 11:32:10,970 basehttp 124 "GET /static/xadmin/vendor/select2/select2_locale_zh-hans.js HTTP/1.1" 200 694
INFO 2020-07-09 11:32:10,972 basehttp 124 "GET /static/xadmin/js/xadmin.widget.select.js HTTP/1.1" 200 1344
INFO 2020-07-09 11:32:48,031 basehttp 124 "GET /xadmin/home/banner/ HTTP/1.1" 200 29841
INFO 2020-07-09 11:32:48,083 basehttp 124 "GET /xadmin/jsi18n/ HTTP/1.1" 200 7684
INFO 2020-07-09 11:32:48,734 basehttp 124 "GET /xadmin/home/nav/ HTTP/1.1" 200 24898
INFO 2020-07-09 11:32:48,780 basehttp 124 "GET /xadmin/jsi18n/ HTTP/1.1" 200 7684
INFO 2020-07-09 11:32:50,859 basehttp 124 "GET /xadmin/home/nav/add/ HTTP/1.1" 200 19187
INFO 2020-07-09 11:32:50,911 basehttp 124 "GET /xadmin/jsi18n/ HTTP/1.1" 200 7684
INFO 2020-07-09 11:33:38,955 basehttp 124 "POST /xadmin/home/nav/add/ HTTP/1.1" 302 0
INFO 2020-07-09 11:33:39,072 basehttp 124 "GET /xadmin/home/nav/add/ HTTP/1.1" 200 19528
INFO 2020-07-09 11:33:39,155 basehttp 124 "GET /xadmin/jsi18n/ HTTP/1.1" 200 7684
INFO 2020-07-09 11:34:29,326 basehttp 124 "POST /xadmin/home/nav/add/ HTTP/1.1" 302 0
INFO 2020-07-09 11:34:29,446 basehttp 124 "GET /xadmin/home/nav/add/ HTTP/1.1" 200 19528
INFO 2020-07-09 11:34:29,509 basehttp 124 "GET /xadmin/jsi18n/ HTTP/1.1" 200 7684
INFO 2020-07-09 11:35:04,333 basehttp 124 "POST /xadmin/home/nav/add/ HTTP/1.1" 302 0
INFO 2020-07-09 11:35:04,462 basehttp 124 "GET /xadmin/home/nav/add/ HTTP/1.1" 200 19531
INFO 2020-07-09 11:35:04,557 basehttp 124 "GET /static/xadmin/vendor/bootstrap/css/bootstrap.css HTTP/1.1" 304 0
INFO 2020-07-09 11:35:04,561 basehttp 124 "GET /static/xadmin/css/themes/bootstrap-xadmin.css HTTP/1.1" 304 0
INFO 2020-07-09 11:35:04,574 basehttp 124 "GET /static/xadmin/vendor/font-awesome/css/font-awesome.css HTTP/1.1" 304 0
INFO 2020-07-09 11:35:04,577 basehttp 124 "GET /static/xadmin/css/xadmin.main.css HTTP/1.1" 304 0
INFO 2020-07-09 11:35:04,592 basehttp 124 "GET /static/xadmin/css/xadmin.responsive.css HTTP/1.1" 304 0
INFO 2020-07-09 11:35:04,596 basehttp 124 "GET /static/xadmin/css/xadmin.plugins.css HTTP/1.1" 304 0
INFO 2020-07-09 11:35:04,609 basehttp 124 "GET /static/xadmin/css/xadmin.form.css HTTP/1.1" 304 0
INFO 2020-07-09 11:35:04,613 basehttp 124 "GET /static/xadmin/vendor/jquery/jquery.js HTTP/1.1" 304 0
INFO 2020-07-09 11:35:04,629 basehttp 124 "GET /static/xadmin/vendor/jquery-ui/jquery.ui.core.js HTTP/1.1" 304 0
INFO 2020-07-09 11:35:04,652 basehttp 124 "GET /static/xadmin/vendor/jquery-ui/jquery.ui.widget.js HTTP/1.1" 304 0
INFO 2020-07-09 11:35:04,672 basehttp 124 "GET /static/xadmin/vendor/jquery-ui/jquery.ui.sortable.js HTTP/1.1" 304 0
INFO 2020-07-09 11:35:04,692 basehttp 124 "GET /static/xadmin/js/xadmin.responsive.js HTTP/1.1" 304 0
INFO 2020-07-09 11:35:04,698 basehttp 124 "GET /static/xadmin/vendor/jquery-ui/jquery.ui.effect.js HTTP/1.1" 304 0
INFO 2020-07-09 11:35:04,699 basehttp 124 "GET /static/xadmin/vendor/bootstrap/js/bootstrap.js HTTP/1.1" 304 0
INFO 2020-07-09 11:35:04,711 basehttp 124 "GET /static/xadmin/js/xadmin.page.form.js HTTP/1.1" 304 0
INFO 2020-07-09 11:35:04,713 basehttp 124 "GET /static/xadmin/js/xadmin.plugin.themes.js HTTP/1.1" 304 0
INFO 2020-07-09 11:35:04,728 basehttp 124 "GET /xadmin/jsi18n/ HTTP/1.1" 200 7684
INFO 2020-07-09 11:35:04,734 basehttp 124 "GET /static/xadmin/js/xadmin.main.js HTTP/1.1" 304 0
INFO 2020-07-09 11:35:04,740 basehttp 124 "GET /static/xadmin/vendor/jquery-ui/jquery.ui.mouse.js HTTP/1.1" 304 0
INFO 2020-07-09 11:35:09,070 basehttp 124 "GET /xadmin/home/nav/ HTTP/1.1" 200 29795
INFO 2020-07-09 11:35:09,128 basehttp 124 "GET /xadmin/jsi18n/ HTTP/1.1" 200 7684
INFO 2020-07-09 11:35:09,130 basehttp 124 "GET /static/xadmin/js/xadmin.plugin.details.js HTTP/1.1" 304 0
INFO 2020-07-09 11:35:09,134 basehttp 124 "GET /static/xadmin/js/xadmin.plugin.actions.js HTTP/1.1" 304 0
INFO 2020-07-09 11:35:09,134 basehttp 124 "GET /static/xadmin/js/xadmin.plugin.filters.js HTTP/1.1" 304 0
INFO 2020-07-09 11:35:09,136 basehttp 124 "GET /static/xadmin/js/xadmin.plugin.bookmark.js HTTP/1.1" 304 0
INFO 2020-07-09 11:35:09,148 basehttp 124 "GET /static/xadmin/js/xadmin.page.list.js HTTP/1.1" 304 0
INFO 2020-07-09 11:35:15,591 basehttp 124 "GET /xadmin/home/nav/3/update/ HTTP/1.1" 200 19494
INFO 2020-07-09 11:35:15,637 basehttp 124 "GET /xadmin/jsi18n/ HTTP/1.1" 200 7684
INFO 2020-07-09 11:35:19,065 basehttp 124 "POST /xadmin/home/nav/3/update/ HTTP/1.1" 302 0
INFO 2020-07-09 11:35:19,148 basehttp 124 "GET /xadmin/home/nav/ HTTP/1.1" 200 30032
INFO 2020-07-09 11:35:19,202 basehttp 124 "GET /xadmin/jsi18n/ HTTP/1.1" 200 7684
INFO 2020-07-09 11:35:24,165 basehttp 124 "GET /xadmin/home/nav/add/ HTTP/1.1" 200 19187
INFO 2020-07-09 11:35:24,225 basehttp 124 "GET /xadmin/jsi18n/ HTTP/1.1" 200 7684
INFO 2020-07-09 11:36:04,086 basehttp 124 "POST /xadmin/home/nav/add/ HTTP/1.1" 302 0
INFO 2020-07-09 11:36:04,199 basehttp 124 "GET /xadmin/home/nav/add/ HTTP/1.1" 200 19527
INFO 2020-07-09 11:36:04,246 basehttp 124 "GET /xadmin/jsi18n/ HTTP/1.1" 200 7684
INFO 2020-07-09 11:37:05,079 basehttp 124 "POST /xadmin/home/nav/add/ HTTP/1.1" 302 0
INFO 2020-07-09 11:37:05,259 basehttp 124 "GET /xadmin/home/nav/add/ HTTP/1.1" 200 19527
INFO 2020-07-09 11:37:05,326 basehttp 124 "GET /xadmin/jsi18n/ HTTP/1.1" 200 7684
INFO 2020-07-09 11:37:14,724 basehttp 124 "POST /xadmin/home/nav/add/ HTTP/1.1" 302 0
INFO 2020-07-09 11:37:14,853 basehttp 124 "GET /xadmin/home/nav/add/ HTTP/1.1" 200 19543
INFO 2020-07-09 11:37:14,922 basehttp 124 "GET /xadmin/jsi18n/ HTTP/1.1" 200 7684
INFO 2020-07-09 11:39:04,569 basehttp 124 "POST /xadmin/home/nav/add/ HTTP/1.1" 302 0
INFO 2020-07-09 11:39:04,687 basehttp 124 "GET /xadmin/home/nav/add/ HTTP/1.1" 200 19530
INFO 2020-07-09 11:39:04,757 basehttp 124 "GET /xadmin/jsi18n/ HTTP/1.1" 200 7684
INFO 2020-07-09 11:39:33,767 basehttp 124 "POST /xadmin/home/nav/add/ HTTP/1.1" 302 0
INFO 2020-07-09 11:39:33,875 basehttp 124 "GET /xadmin/home/nav/add/ HTTP/1.1" 200 19530
INFO 2020-07-09 11:39:33,928 basehttp 124 "GET /xadmin/jsi18n/ HTTP/1.1" 200 7684
INFO 2020-07-09 11:39:55,419 basehttp 124 "POST /xadmin/home/nav/add/ HTTP/1.1" 302 0
INFO 2020-07-09 11:39:55,542 basehttp 124 "GET /xadmin/home/nav/add/ HTTP/1.1" 200 19530
INFO 2020-07-09 11:39:55,610 basehttp 124 "GET /xadmin/jsi18n/ HTTP/1.1" 200 7684
INFO 2020-07-09 11:40:53,193 basehttp 124 "POST /xadmin/home/nav/add/ HTTP/1.1" 302 0
INFO 2020-07-09 11:40:53,303 basehttp 124 "GET /xadmin/home/nav/ HTTP/1.1" 200 33615
INFO 2020-07-09 11:40:53,356 basehttp 124 "GET /xadmin/jsi18n/ HTTP/1.1" 200 7684
INFO 2020-07-09 11:41:13,269 basehttp 124 "GET /xadmin/home/nav/7/update/ HTTP/1.1" 200 19502
INFO 2020-07-09 11:41:13,318 basehttp 124 "GET /xadmin/jsi18n/ HTTP/1.1" 200 7684
INFO 2020-07-09 11:41:22,343 basehttp 124 "GET /xadmin/home/nav/ HTTP/1.1" 200 33319
INFO 2020-07-09 11:41:25,876 basehttp 124 "GET /xadmin/home/nav/9/update/ HTTP/1.1" 200 19491
INFO 2020-07-09 11:41:25,932 basehttp 124 "GET /xadmin/jsi18n/ HTTP/1.1" 200 7684
INFO 2020-07-09 11:41:27,992 basehttp 124 "POST /xadmin/home/nav/9/update/ HTTP/1.1" 302 0
INFO 2020-07-09 11:41:28,113 basehttp 124 "GET /xadmin/home/nav/ HTTP/1.1" 200 33555
INFO 2020-07-09 11:41:28,192 basehttp 124 "GET /xadmin/jsi18n/ HTTP/1.1" 200 7684
INFO 2020-07-09 11:41:33,413 basehttp 124 "GET /xadmin/home/nav/10/update/ HTTP/1.1" 200 19500
INFO 2020-07-09 11:41:33,471 basehttp 124 "GET /xadmin/jsi18n/ HTTP/1.1" 200 7684
INFO 2020-07-09 11:41:37,247 basehttp 124 "GET /xadmin/home/nav/ HTTP/1.1" 200 33320
INFO 2020-07-09 11:50:04,616 basehttp 124 "GET /home/nav/ HTTP/1.1" 200 7005
INFO 2020-07-09 11:53:55,004 basehttp 124 "GET /home/nav/ HTTP/1.1" 200 536
INFO 2020-07-09 11:59:38,814 basehttp 124 "GET /home/nav/ HTTP/1.1" 200 536
INFO 2020-07-09 11:59:38,820 basehttp 124 "GET /home/banner/ HTTP/1.1" 200 298
INFO 2020-07-09 11:59:38,981 basehttp 124 "GET /media/banner/04.png HTTP/1.1" 304 0
INFO 2020-07-09 11:59:38,988 basehttp 124 "GET /media/banner/03.png HTTP/1.1" 304 0
INFO 2020-07-09 11:59:39,024 basehttp 124 "GET /media/banner/02.png HTTP/1.1" 304 0
INFO 2020-07-09 11:59:39,077 basehttp 124 "GET /media/banner/01.png HTTP/1.1" 304 0
INFO 2020-07-09 11:59:45,631 basehttp 124 "GET /home/nav/ HTTP/1.1" 200 536
INFO 2020-07-09 11:59:45,635 basehttp 124 "GET /home/banner/ HTTP/1.1" 200 298
INFO 2020-07-09 12:00:57,856 basehttp 124 "GET /home/nav/ HTTP/1.1" 200 536
INFO 2020-07-09 12:08:50,461 basehttp 124 "GET /home/nav/ HTTP/1.1" 200 536
INFO 2020-07-09 12:08:50,465 basehttp 124 "GET /home/banner/ HTTP/1.1" 200 298
INFO 2020-07-09 12:08:50,497 basehttp 124 "GET /home/nav/ HTTP/1.1" 200 536
INFO 2020-07-09 12:17:44,139 basehttp 124 "GET /home/nav/ HTTP/1.1" 200 536
INFO 2020-07-09 12:18:03,172 basehttp 124 "GET /home/nav/ HTTP/1.1" 200 536
INFO 2020-07-09 12:18:03,180 basehttp 124 "GET /home/banner/ HTTP/1.1" 200 298
INFO 2020-07-09 12:18:03,193 basehttp 124 "GET /home/nav/ HTTP/1.1" 200 536
INFO 2020-07-09 12:18:03,305 basehttp 124 "GET /media/banner/04.png HTTP/1.1" 304 0
INFO 2020-07-09 12:18:03,316 basehttp 124 "GET /media/banner/03.png HTTP/1.1" 304 0
INFO 2020-07-09 12:18:03,327 basehttp 124 "GET /media/banner/02.png HTTP/1.1" 304 0
INFO 2020-07-09 12:18:03,370 basehttp 124 "GET /media/banner/01.png HTTP/1.1" 304 0
INFO 2020-07-09 12:20:33,267 basehttp 124 "GET /home/nav/ HTTP/1.1" 200 536
INFO 2020-07-09 12:20:33,278 basehttp 124 "GET /home/banner/ HTTP/1.1" 200 298
INFO 2020-07-09 12:20:33,296 basehttp 124 "GET /home/nav/ HTTP/1.1" 200 536
INFO 2020-07-09 12:21:25,793 basehttp 124 "GET /home/nav/ HTTP/1.1" 200 536
INFO 2020-07-09 12:21:57,629 basehttp 124 "GET /home/nav/ HTTP/1.1" 200 536
INFO 2020-07-09 12:33:05,166 basehttp 124 "GET /home/nav/ HTTP/1.1" 200 536
INFO 2020-07-09 12:33:50,442 basehttp 124 "GET /home/nav/ HTTP/1.1" 200 536
INFO 2020-07-09 12:36:04,608 basehttp 124 "GET /home/nav/ HTTP/1.1" 200 536
INFO 2020-07-09 12:36:04,614 basehttp 124 "GET /home/banner/ HTTP/1.1" 200 298
INFO 2020-07-09 12:36:04,648 basehttp 124 "GET /home/nav/ HTTP/1.1" 200 536
INFO 2020-07-09 12:36:04,668 basehttp 124 "GET /media/banner/04.png HTTP/1.1" 304 0
INFO 2020-07-09 12:36:04,676 basehttp 124 "GET /media/banner/03.png HTTP/1.1" 304 0
INFO 2020-07-09 12:36:04,678 basehttp 124 "GET /media/banner/02.png HTTP/1.1" 304 0
INFO 2020-07-09 12:36:04,681 basehttp 124 "GET /media/banner/01.png HTTP/1.1" 304 0
INFO 2020-07-09 12:37:08,776 basehttp 124 "GET /home/nav/ HTTP/1.1" 200 536
INFO 2020-07-09 12:37:08,795 basehttp 124 "GET /home/banner/ HTTP/1.1" 200 298
INFO 2020-07-09 12:37:08,800 basehttp 124 "GET /home/nav/ HTTP/1.1" 200 536
INFO 2020-07-09 12:39:19,882 basehttp 124 "GET /home/nav/ HTTP/1.1" 200 536
INFO 2020-07-09 12:39:19,886 basehttp 124 "GET /home/banner/ HTTP/1.1" 200 298
INFO 2020-07-09 12:39:19,900 basehttp 124 "GET /home/nav/ HTTP/1.1" 200 536
INFO 2020-07-09 12:41:40,724 basehttp 124 "GET /home/nav/ HTTP/1.1" 200 536
INFO 2020-07-09 12:41:55,392 basehttp 124 "GET /home/nav/ HTTP/1.1" 200 536
INFO 2020-07-09 12:42:26,043 basehttp 124 "GET /home/nav/ HTTP/1.1" 200 536
INFO 2020-07-09 12:42:52,473 basehttp 124 "GET /home/nav/ HTTP/1.1" 200 536
INFO 2020-07-09 12:43:05,266 basehttp 124 "GET /home/nav/ HTTP/1.1" 200 536
INFO 2020-07-09 12:43:42,889 basehttp 124 "GET /home/nav/ HTTP/1.1" 200 536
INFO 2020-07-09 23:56:00,915 basehttp 124 "GET /home/nav/ HTTP/1.1" 200 536
INFO 2020-07-09 23:56:00,918 basehttp 124 "GET /home/banner/ HTTP/1.1" 200 298
INFO 2020-07-09 23:56:00,942 basehttp 124 "GET /home/nav/ HTTP/1.1" 200 536
INFO 2020-07-09 23:56:01,054 basehttp 124 "GET /media/banner/01.png HTTP/1.1" 200 737783
INFO 2020-07-09 23:56:01,057 basehttp 124 "GET /media/banner/02.png HTTP/1.1" 200 364808
INFO 2020-07-09 23:56:01,102 basehttp 124 "GET /media/banner/03.png HTTP/1.1" 200 745382
INFO 2020-07-09 23:56:01,108 basehttp 124 "GET /media/banner/04.png HTTP/1.1" 200 688041
INFO 2020-07-10 00:01:26,028 basehttp 124 "GET /home/nav/ HTTP/1.1" 200 536
INFO 2020-07-10 00:01:26,033 basehttp 124 "GET /home/banner/ HTTP/1.1" 200 298
INFO 2020-07-10 00:01:26,072 basehttp 124 "GET /home/nav/ HTTP/1.1" 200 536
INFO 2020-07-10 00:01:26,269 basehttp 124 "GET /media/banner/04.png HTTP/1.1" 200 688041
INFO 2020-07-10 00:01:26,276 basehttp 124 "GET /media/banner/03.png HTTP/1.1" 200 745382
INFO 2020-07-10 00:01:26,289 basehttp 124 "GET /media/banner/02.png HTTP/1.1" 200 364808
INFO 2020-07-10 00:01:26,322 basehttp 124 "GET /media/banner/01.png HTTP/1.1" 200 737783
INFO 2020-07-10 00:03:42,996 basehttp 124 "GET /home/nav/ HTTP/1.1" 200 536
INFO 2020-07-10 00:03:43,000 basehttp 124 "GET /home/banner/ HTTP/1.1" 200 298
INFO 2020-07-10 00:03:43,016 basehttp 124 "GET /home/nav/ HTTP/1.1" 200 536
WARNING 2020-07-10 14:40:16,893 base 93 Not Found: /
WARNING 2020-07-10 14:40:16,909 basehttp 124 "GET / HTTP/1.1" 404 2152
WARNING 2020-07-10 14:40:17,390 base 93 Not Found: /favicon.ico
WARNING 2020-07-10 14:40:17,391 basehttp 124 "GET /favicon.ico HTTP/1.1" 404 2203
INFO 2020-07-10 14:40:28,624 basehttp 124 "GET /xadmin HTTP/1.1" 301 0
INFO 2020-07-10 14:40:28,749 basehttp 124 "GET /xadmin/ HTTP/1.1" 200 4366
INFO 2020-07-10 14:40:28,801 basehttp 124 "GET /static/xadmin/css/xadmin.plugins.css HTTP/1.1" 200 175
INFO 2020-07-10 14:40:28,803 basehttp 124 "GET /static/xadmin/css/themes/bootstrap-xadmin.css HTTP/1.1" 200 1888
INFO 2020-07-10 14:40:28,805 basehttp 124 "GET /static/xadmin/css/xadmin.responsive.css HTTP/1.1" 200 4361
INFO 2020-07-10 14:40:28,806 basehttp 124 "GET /static/xadmin/css/xadmin.main.css HTTP/1.1" 200 8376
INFO 2020-07-10 14:40:28,813 basehttp 124 "GET /static/xadmin/vendor/font-awesome/css/font-awesome.css HTTP/1.1" 200 21658
INFO 2020-07-10 14:40:28,840 basehttp 124 "GET /static/xadmin/vendor/bootstrap/css/bootstrap.css HTTP/1.1" 200 126432
INFO 2020-07-10 14:40:28,844 basehttp 124 "GET /static/xadmin/vendor/jquery-ui/jquery.ui.core.js HTTP/1.1" 200 8195
INFO 2020-07-10 14:40:28,845 basehttp 124 "GET /xadmin/jsi18n/ HTTP/1.1" 200 4373
INFO 2020-07-10 14:40:28,854 basehttp 124 "GET /static/xadmin/js/xadmin.responsive.js HTTP/1.1" 200 4165
INFO 2020-07-10 14:40:28,868 basehttp 124 "GET /static/xadmin/js/xadmin.plugin.themes.js HTTP/1.1" 200 3489
INFO 2020-07-10 14:40:28,874 basehttp 124 "GET /static/xadmin/vendor/jquery/jquery.js HTTP/1.1" 200 240196
INFO 2020-07-10 14:40:28,876 basehttp 124 "GET /static/xadmin/vendor/jquery-ui/jquery.ui.mouse.js HTTP/1.1" 200 4561
INFO 2020-07-10 14:40:28,877 basehttp 124 "GET /static/xadmin/vendor/jquery-ui/jquery.ui.widget.js HTTP/1.1" 200 15069
INFO 2020-07-10 14:40:28,878 basehttp 124 "GET /static/xadmin/vendor/jquery-ui/jquery.ui.effect.js HTTP/1.1" 200 31918
INFO 2020-07-10 14:40:28,888 basehttp 124 "GET /static/xadmin/js/xadmin.main.js HTTP/1.1" 200 3401
INFO 2020-07-10 14:40:28,888 basehttp 124 "GET /static/xadmin/vendor/bootstrap/js/bootstrap.js HTTP/1.1" 200 58327
INFO 2020-07-10 14:40:28,898 basehttp 124 "GET /static/xadmin/vendor/jquery-ui/jquery.ui.sortable.js HTTP/1.1" 200 42543
INFO 2020-07-10 14:40:29,012 basehttp 124 "GET /static/xadmin/vendor/font-awesome/fonts/fontawesome-webfont.woff?v=4.0.3 HTTP/1.1" 200 44432
INFO 2020-07-10 14:40:40,487 basehttp 124 "POST /xadmin/ HTTP/1.1" 302 0
WARNING 2020-07-10 14:40:44,603 csrf 153 Forbidden (CSRF token missing or incorrect.): /xadmin/
WARNING 2020-07-10 14:40:44,607 basehttp 124 "POST /xadmin/ HTTP/1.1" 403 2508
INFO 2020-07-10 14:41:08,326 basehttp 124 "GET /xadmin/ HTTP/1.1" 200 15546
ERROR 2020-07-10 14:41:08,351 basehttp 124 "GET /xadmin/ HTTP/1.1" 500 59
WARNING 2020-07-10 14:41:25,509 base 93 Not Found: /
WARNING 2020-07-10 14:41:25,522 basehttp 124 "GET / HTTP/1.1" 404 2152
WARNING 2020-07-10 14:41:26,083 base 93 Not Found: /favicon.ico
WARNING 2020-07-10 14:41:26,084 basehttp 124 "GET /favicon.ico HTTP/1.1" 404 2203
WARNING 2020-07-10 14:41:34,742 base 93 Not Found: /home/
WARNING 2020-07-10 14:41:34,743 basehttp 124 "GET /home/ HTTP/1.1" 404 2395
WARNING 2020-07-10 14:41:48,143 base 93 Not Found: /home/bannner
WARNING 2020-07-10 14:41:48,144 basehttp 124 "GET /home/bannner HTTP/1.1" 404 2416
INFO 2020-07-10 14:41:56,545 basehttp 124 "GET /home/banner HTTP/1.1" 301 0
INFO 2020-07-10 14:41:56,651 basehttp 124 "GET /home/banner/ HTTP/1.1" 200 5254
INFO 2020-07-10 14:41:56,713 basehttp 124 "GET /static/rest_framework/js/ajax-form.js HTTP/1.1" 200 3597
INFO 2020-07-10 14:41:56,725 basehttp 124 "GET /static/rest_framework/css/bootstrap-tweaks.css HTTP/1.1" 200 3385
INFO 2020-07-10 14:41:56,729 basehttp 124 "GET /static/rest_framework/css/prettify.css HTTP/1.1" 200 817
INFO 2020-07-10 14:41:56,735 basehttp 124 "GET /static/rest_framework/css/bootstrap.min.css HTTP/1.1" 200 121457
INFO 2020-07-10 14:41:56,737 basehttp 124 "GET /static/rest_framework/css/default.css HTTP/1.1" 200 1131
INFO 2020-07-10 14:41:56,763 basehttp 124 "GET /static/rest_framework/js/jquery-3.4.1.min.js HTTP/1.1" 200 88145
INFO 2020-07-10 14:41:56,778 basehttp 124 "GET /static/rest_framework/js/prettify-min.js HTTP/1.1" 200 13632
INFO 2020-07-10 14:41:56,781 basehttp 124 "GET /static/rest_framework/js/default.js HTTP/1.1" 200 1268
INFO 2020-07-10 14:41:56,790 basehttp 124 "GET /static/rest_framework/img/grid.png HTTP/1.1" 200 1458
INFO 2020-07-10 14:41:56,791 basehttp 124 "GET /static/rest_framework/js/csrf.js HTTP/1.1" 200 1719
INFO 2020-07-10 14:41:56,806 basehttp 124 "GET /static/rest_framework/js/bootstrap.min.js HTTP/1.1" 200 37608
WARNING 2020-07-10 14:42:03,643 base 93 Not Found: /
WARNING 2020-07-10 14:42:03,644 basehttp 124 "GET / HTTP/1.1" 404 2152
INFO 2020-07-10 14:42:07,558 basehttp 124 "GET /xadmin HTTP/1.1" 301 0
INFO 2020-07-10 14:42:15,308 basehttp 124 "GET /xadmin/ HTTP/1.1" 200 15546
ERROR 2020-07-10 14:42:15,310 basehttp 124 "GET /xadmin/ HTTP/1.1" 500 59
INFO 2020-07-10 14:43:52,972 basehttp 124 "GET /xadmin/ HTTP/1.1" 200 15546
INFO 2020-07-10 14:43:53,028 basehttp 124 "GET /static/xadmin/vendor/bootstrap/css/bootstrap.css HTTP/1.1" 200 126432
INFO 2020-07-10 14:43:53,037 basehttp 124 "GET /static/xadmin/css/themes/bootstrap-xadmin.css HTTP/1.1" 200 1888
INFO 2020-07-10 14:43:53,038 basehttp 124 "GET /static/xadmin/vendor/font-awesome/css/font-awesome.css HTTP/1.1" 200 21658
INFO 2020-07-10 14:43:53,044 basehttp 124 "GET /static/xadmin/css/xadmin.main.css HTTP/1.1" 200 8376
INFO 2020-07-10 14:43:53,048 basehttp 124 "GET /static/xadmin/css/xadmin.plugins.css HTTP/1.1" 200 175
INFO 2020-07-10 14:43:53,055 basehttp 124 "GET /static/xadmin/css/xadmin.responsive.css HTTP/1.1" 200 4361
INFO 2020-07-10 14:43:53,079 basehttp 124 "GET /static/xadmin/vendor/jquery-ui/jquery.ui.core.js HTTP/1.1" 200 8195
INFO 2020-07-10 14:43:53,081 basehttp 124 "GET /xadmin/jsi18n/ HTTP/1.1" 200 7684
INFO 2020-07-10 14:43:53,084 basehttp 124 "GET /static/xadmin/vendor/jquery-ui/jquery.ui.widget.js HTTP/1.1" 200 15069
INFO 2020-07-10 14:43:53,085 basehttp 124 "GET /static/xadmin/css/xadmin.page.dashboard.css HTTP/1.1" 200 790
INFO 2020-07-10 14:43:53,086 basehttp 124 "GET /static/xadmin/vendor/jquery-ui/jquery.ui.mouse.js HTTP/1.1" 200 4561
INFO 2020-07-10 14:43:53,087 basehttp 124 "GET /static/xadmin/vendor/jquery/jquery.js HTTP/1.1" 200 240196
INFO 2020-07-10 14:43:53,099 basehttp 124 "GET /static/xadmin/js/xadmin.main.js HTTP/1.1" 200 3401
INFO 2020-07-10 14:43:53,100 basehttp 124 "GET /static/xadmin/vendor/bootstrap/js/bootstrap.js HTTP/1.1" 200 58327
INFO 2020-07-10 14:43:53,112 basehttp 124 "GET /static/xadmin/js/xadmin.responsive.js HTTP/1.1" 200 4165
INFO 2020-07-10 14:43:53,118 basehttp 124 "GET /static/xadmin/js/xadmin.plugin.themes.js HTTP/1.1" 200 3489
INFO 2020-07-10 14:43:53,122 basehttp 124 "GET /static/xadmin/vendor/jquery-ui/jquery.ui.effect.js HTTP/1.1" 200 31918
INFO 2020-07-10 14:43:53,123 basehttp 124 "GET /static/xadmin/vendor/jquery-ui/jquery.ui.sortable.js HTTP/1.1" 200 42543
INFO 2020-07-10 14:43:53,182 basehttp 124 "GET /static/xadmin/js/xadmin.page.dashboard.js HTTP/1.1" 200 3208
INFO 2020-07-10 14:43:53,183 basehttp 124 "GET /static/xadmin/js/xadmin.plugin.portal.js HTTP/1.1" 200 1000
INFO 2020-07-10 14:43:53,246 basehttp 124 "GET /static/xadmin/vendor/font-awesome/fonts/fontawesome-webfont.woff?v=4.0.3 HTTP/1.1" 200 44432
INFO 2020-07-10 14:44:03,367 basehttp 124 "GET /xadmin/home/banner/ HTTP/1.1" 200 25085
INFO 2020-07-10 14:44:03,418 basehttp 124 "GET /static/xadmin/css/xadmin.form.css HTTP/1.1" 200 3763
INFO 2020-07-10 14:44:03,419 basehttp 124 "GET /static/xadmin/js/xadmin.plugin.details.js HTTP/1.1" 200 2319
INFO 2020-07-10 14:44:03,439 basehttp 124 "GET /static/xadmin/js/xadmin.plugin.bookmark.js HTTP/1.1" 200 529
INFO 2020-07-10 14:44:03,453 basehttp 124 "GET /static/xadmin/js/xadmin.plugin.filters.js HTTP/1.1" 200 1990
INFO 2020-07-10 14:44:03,462 basehttp 124 "GET /static/xadmin/js/xadmin.page.list.js HTTP/1.1" 200 1105
INFO 2020-07-10 14:44:03,474 basehttp 124 "GET /xadmin/jsi18n/ HTTP/1.1" 200 7684
INFO 2020-07-10 14:44:03,475 basehttp 124 "GET /static/xadmin/js/xadmin.page.form.js HTTP/1.1" 200 1948
INFO 2020-07-10 14:44:06,338 basehttp 124 "GET /xadmin/home/nav/ HTTP/1.1" 200 25648
INFO 2020-07-10 14:44:06,386 basehttp 124 "GET /xadmin/jsi18n/ HTTP/1.1" 200 7684
INFO 2020-07-10 14:44:08,183 basehttp 124 "GET /xadmin/home/nav/add/ HTTP/1.1" 200 19937
INFO 2020-07-10 14:44:08,238 basehttp 124 "GET /static/xadmin/vendor/select2/select2.css HTTP/1.1" 200 19226
INFO 2020-07-10 14:44:08,241 basehttp 124 "GET /static/xadmin/vendor/select2/select2_locale_zh-hans.js HTTP/1.1" 200 694
INFO 2020-07-10 14:44:08,257 basehttp 124 "GET /xadmin/jsi18n/ HTTP/1.1" 200 7684
INFO 2020-07-10 14:44:08,268 basehttp 124 "GET /static/xadmin/js/xadmin.widget.select.js HTTP/1.1" 200 1344
INFO 2020-07-10 14:44:08,275 basehttp 124 "GET /static/xadmin/vendor/selectize/selectize.bootstrap3.css HTTP/1.1" 200 10602
INFO 2020-07-10 14:44:08,286 basehttp 124 "GET /static/xadmin/vendor/selectize/selectize.css HTTP/1.1" 200 8425
INFO 2020-07-10 14:44:08,300 basehttp 124 "GET /static/xadmin/vendor/selectize/selectize.js HTTP/1.1" 200 98602
INFO 2020-07-10 14:44:08,312 basehttp 124 "GET /static/xadmin/vendor/select2/select2.js HTTP/1.1" 200 104906
INFO 2020-07-10 14:44:39,777 basehttp 124 "POST /xadmin/home/nav/add/ HTTP/1.1" 302 0
INFO 2020-07-10 14:44:39,848 basehttp 124 "GET /xadmin/home/nav/ HTTP/1.1" 200 29656
INFO 2020-07-10 14:44:39,892 basehttp 124 "GET /static/xadmin/js/xadmin.plugin.actions.js HTTP/1.1" 200 4198
INFO 2020-07-10 14:44:39,902 basehttp 124 "GET /xadmin/jsi18n/ HTTP/1.1" 200 7684
INFO 2020-07-10 14:44:50,074 basehttp 124 "GET /home/nav/ HTTP/1.1" 200 56
INFO 2020-07-10 14:44:50,076 basehttp 124 "GET /home/banner/ HTTP/1.1" 200 2
INFO 2020-07-10 14:44:50,092 basehttp 124 "GET /home/nav/ HTTP/1.1" 200 56
INFO 2020-07-10 14:45:06,815 basehttp 124 "GET /xadmin/home/nav/add/ HTTP/1.1" 200 19937
INFO 2020-07-10 14:45:06,863 basehttp 124 "GET /xadmin/jsi18n/ HTTP/1.1" 200 7684
INFO 2020-07-10 14:45:38,653 basehttp 124 "POST /xadmin/home/nav/add/ HTTP/1.1" 302 0
INFO 2020-07-10 14:45:38,729 basehttp 124 "GET /xadmin/home/nav/ HTTP/1.1" 200 30250
INFO 2020-07-10 14:45:38,782 basehttp 124 "GET /xadmin/jsi18n/ HTTP/1.1" 200 7684
INFO 2020-07-10 14:45:50,851 basehttp 124 "GET /home/nav/ HTTP/1.1" 200 115
INFO 2020-07-10 14:45:50,853 basehttp 124 "GET /home/banner/ HTTP/1.1" 200 2
INFO 2020-07-10 14:45:50,864 basehttp 124 "GET /home/nav/ HTTP/1.1" 200 115
INFO 2020-07-10 14:50:31,805 basehttp 124 "GET /home/nav/ HTTP/1.1" 200 115
INFO 2020-07-10 14:50:31,807 basehttp 124 "GET /home/banner/ HTTP/1.1" 200 2
INFO 2020-07-10 14:50:31,820 basehttp 124 "GET /home/nav/ HTTP/1.1" 200 115
INFO 2020-07-10 14:52:54,893 basehttp 124 "GET /home/nav/ HTTP/1.1" 200 115
INFO 2020-07-10 14:52:54,896 basehttp 124 "GET /home/banner/ HTTP/1.1" 200 2
INFO 2020-07-10 14:52:54,913 basehttp 124 "GET /home/nav/ HTTP/1.1" 200 115
INFO 2020-07-10 14:54:55,846 basehttp 124 "GET /home/nav/ HTTP/1.1" 200 115
INFO 2020-07-10 14:54:55,849 basehttp 124 "GET /home/banner/ HTTP/1.1" 200 2
INFO 2020-07-10 14:54:55,867 basehttp 124 "GET /home/nav/ HTTP/1.1" 200 115
WARNING 2020-07-10 15:20:25,785 basehttp 124 "GET /user/login/ HTTP/1.1" 405 7689
WARNING 2020-07-10 15:20:37,772 basehttp 124 "POST /user/login/ HTTP/1.1" 400 7728
INFO 2020-07-10 15:20:56,733 basehttp 124 "POST /user/login/ HTTP/1.1" 200 7814
WARNING 2020-07-10 15:24:46,055 basehttp 124 "GET /user/login/ HTTP/1.1" 405 7689
INFO 2020-07-10 15:31:48,825 basehttp 124 "GET /home/banner/ HTTP/1.1" 200 2
INFO 2020-07-10 15:31:48,825 basehttp 124 "GET /home/nav/ HTTP/1.1" 200 115
INFO 2020-07-10 15:31:48,846 basehttp 124 "GET /home/nav/ HTTP/1.1" 200 115
WARNING 2020-07-10 15:34:37,452 basehttp 124 "GET /user/login/ HTTP/1.1" 405 7689
WARNING 2020-07-10 15:36:45,492 basehttp 124 "GET /user/login/ HTTP/1.1" 405 7689
INFO 2020-07-10 15:37:48,841 basehttp 124 "OPTIONS /user/login/ HTTP/1.1" 200 0
INFO 2020-07-10 15:37:49,080 basehttp 124 "POST /user/login/ HTTP/1.1" 200 185
WARNING 2020-07-10 15:39:39,318 basehttp 124 "POST /user/login/ HTTP/1.1" 400 67
INFO 2020-07-10 15:41:44,033 basehttp 124 "POST /user/login/ HTTP/1.1" 200 185
INFO 2020-07-10 15:44:44,022 basehttp 124 "POST /user/login/ HTTP/1.1" 200 185
INFO 2020-07-10 15:44:44,122 basehttp 124 "GET /home/nav/ HTTP/1.1" 200 115
INFO 2020-07-10 15:44:44,125 basehttp 124 "GET /home/banner/ HTTP/1.1" 200 2
INFO 2020-07-10 15:44:44,145 basehttp 124 "GET /home/nav/ HTTP/1.1" 200 115
INFO 2020-07-10 15:52:41,154 basehttp 124 "POST /user/login/ HTTP/1.1" 200 185
INFO 2020-07-10 15:52:41,212 basehttp 124 "GET /home/nav/ HTTP/1.1" 200 115
INFO 2020-07-10 15:52:41,229 basehttp 124 "GET /home/banner/ HTTP/1.1" 200 2
INFO 2020-07-10 15:52:41,237 basehttp 124 "GET /home/nav/ HTTP/1.1" 200 115
WARNING 2020-07-10 15:57:05,906 basehttp 124 "POST /user/login/ HTTP/1.1" 400 67
INFO 2020-07-10 15:57:17,362 basehttp 124 "POST /user/login/ HTTP/1.1" 200 185
INFO 2020-07-10 15:57:17,412 basehttp 124 "GET /home/nav/ HTTP/1.1" 200 115
INFO 2020-07-10 15:57:17,429 basehttp 124 "GET /home/banner/ HTTP/1.1" 200 2
INFO 2020-07-10 15:57:17,437 basehttp 124 "GET /home/nav/ HTTP/1.1" 200 115
WARNING 2020-07-10 15:58:33,174 basehttp 124 "POST /user/login/ HTTP/1.1" 400 67
INFO 2020-07-10 15:58:41,799 basehttp 124 "POST /user/login/ HTTP/1.1" 200 185
INFO 2020-07-10 15:58:41,902 basehttp 124 "GET /home/nav/ HTTP/1.1" 200 115
INFO 2020-07-10 15:58:41,921 basehttp 124 "GET /home/banner/ HTTP/1.1" 200 2
INFO 2020-07-10 15:58:41,935 basehttp 124 "GET /home/nav/ HTTP/1.1" 200 115
INFO 2020-07-10 16:06:25,146 basehttp 124 "POST /user/login/ HTTP/1.1" 200 185
INFO 2020-07-10 16:06:25,214 basehttp 124 "GET /home/nav/ HTTP/1.1" 200 115
INFO 2020-07-10 16:06:25,227 basehttp 124 "GET /home/banner/ HTTP/1.1" 200 2
INFO 2020-07-10 16:06:25,246 basehttp 124 "GET /home/nav/ HTTP/1.1" 200 115
INFO 2020-07-10 16:06:42,600 basehttp 124 "POST /user/login/ HTTP/1.1" 200 185
INFO 2020-07-10 16:06:42,664 basehttp 124 "GET /home/nav/ HTTP/1.1" 200 115
INFO 2020-07-10 16:06:42,666 basehttp 124 "GET /home/banner/ HTTP/1.1" 200 2
INFO 2020-07-10 16:06:42,692 basehttp 124 "GET /home/nav/ HTTP/1.1" 200 115
INFO 2020-07-10 16:19:28,194 basehttp 124 "POST /user/login/ HTTP/1.1" 200 214
INFO 2020-07-10 16:19:28,351 basehttp 124 "GET /home/nav/ HTTP/1.1" 200 115
INFO 2020-07-10 16:19:28,367 basehttp 124 "GET /home/banner/ HTTP/1.1" 200 2
INFO 2020-07-10 16:19:28,398 basehttp 124 "GET /home/nav/ HTTP/1.1" 200 115
INFO 2020-07-10 16:26:28,326 basehttp 124 "GET /home/nav/ HTTP/1.1" 200 115
INFO 2020-07-10 16:28:12,449 basehttp 124 "GET /home/nav/ HTTP/1.1" 200 146
INFO 2020-07-10 16:28:12,452 basehttp 124 "GET /home/banner/ HTTP/1.1" 200 2
INFO 2020-07-10 16:28:12,465 basehttp 124 "GET /home/nav/ HTTP/1.1" 200 146
INFO 2020-07-10 16:29:02,339 basehttp 124 "GET /home/nav/ HTTP/1.1" 200 146
INFO 2020-07-10 16:29:02,341 basehttp 124 "GET /home/banner/ HTTP/1.1" 200 2
INFO 2020-07-10 16:29:02,354 basehttp 124 "GET /home/nav/ HTTP/1.1" 200 146
INFO 2020-07-10 16:30:15,767 basehttp 124 "GET /home/nav/ HTTP/1.1" 200 146
INFO 2020-07-10 16:40:09,261 basehttp 124 "GET /home/nav/ HTTP/1.1" 200 146
INFO 2020-07-10 16:40:09,268 basehttp 124 "GET /home/banner/ HTTP/1.1" 200 2
INFO 2020-07-10 16:40:09,279 basehttp 124 "GET /home/nav/ HTTP/1.1" 200 146
INFO 2020-07-10 16:41:12,070 basehttp 124 "GET /home/nav/ HTTP/1.1" 200 146
INFO 2020-07-10 16:41:12,072 basehttp 124 "GET /home/banner/ HTTP/1.1" 200 2
INFO 2020-07-10 16:41:12,087 basehttp 124 "GET /home/nav/ HTTP/1.1" 200 146
INFO 2020-07-10 16:41:51,044 basehttp 124 "GET /home/nav/ HTTP/1.1" 200 146
INFO 2020-07-10 16:41:51,047 basehttp 124 "GET /home/banner/ HTTP/1.1" 200 2
INFO 2020-07-10 16:41:51,061 basehttp 124 "GET /home/nav/ HTTP/1.1" 200 146
INFO 2020-07-10 16:42:43,555 basehttp 124 "GET /home/nav/ HTTP/1.1" 200 146
INFO 2020-07-10 16:42:43,557 basehttp 124 "GET /home/banner/ HTTP/1.1" 200 2
INFO 2020-07-10 16:42:43,569 basehttp 124 "GET /home/nav/ HTTP/1.1" 200 146
INFO 2020-07-10 16:44:56,371 basehttp 124 "GET /home/nav/ HTTP/1.1" 200 146
INFO 2020-07-10 16:44:56,373 basehttp 124 "GET /home/banner/ HTTP/1.1" 200 2
INFO 2020-07-10 16:44:56,393 basehttp 124 "GET /home/nav/ HTTP/1.1" 200 146
INFO 2020-07-10 16:44:58,358 basehttp 124 "GET /home/nav/ HTTP/1.1" 200 146
INFO 2020-07-10 16:44:58,361 basehttp 124 "GET /home/banner/ HTTP/1.1" 200 2
INFO 2020-07-10 16:44:58,377 basehttp 124 "GET /home/nav/ HTTP/1.1" 200 146
INFO 2020-07-10 16:45:33,159 basehttp 124 "GET /home/nav/ HTTP/1.1" 200 154
INFO 2020-07-10 16:45:33,161 basehttp 124 "GET /home/banner/ HTTP/1.1" 200 2
INFO 2020-07-10 16:45:33,179 basehttp 124 "GET /home/nav/ HTTP/1.1" 200 154
INFO 2020-07-10 16:53:21,822 basehttp 124 "GET /home/nav/ HTTP/1.1" 200 154
INFO 2020-07-10 16:53:21,836 basehttp 124 "GET /home/nav/ HTTP/1.1" 200 154
INFO 2020-07-10 16:54:01,030 basehttp 124 "GET /home/nav/ HTTP/1.1" 200 154
INFO 2020-07-10 16:54:01,036 basehttp 124 "GET /home/banner/ HTTP/1.1" 200 2
INFO 2020-07-10 16:54:01,050 basehttp 124 "GET /home/nav/ HTTP/1.1" 200 154
INFO 2020-07-10 16:57:04,460 basehttp 124 "GET /xadmin/home/nav/ HTTP/1.1" 200 29955
ERROR 2020-07-10 16:57:04,463 basehttp 124 "GET /xadmin/home/nav/ HTTP/1.1" 500 59
WARNING 2020-07-10 16:57:20,799 base 93 Not Found: /
WARNING 2020-07-10 16:57:20,800 basehttp 124 "GET / HTTP/1.1" 404 2257
WARNING 2020-07-10 16:58:08,998 base 93 Not Found: /
WARNING 2020-07-10 16:58:08,999 basehttp 124 "GET / HTTP/1.1" 404 2257
INFO 2020-07-10 16:58:15,875 basehttp 124 "GET /home/banner/ HTTP/1.1" 200 5254
INFO 2020-07-10 16:58:37,495 basehttp 124 "GET /xadmin/ HTTP/1.1" 200 15546
ERROR 2020-07-10 16:58:37,497 basehttp 124 "GET /xadmin/ HTTP/1.1" 500 59
WARNING 2020-07-10 16:58:58,144 base 93 Not Found: /
WARNING 2020-07-10 16:58:58,145 basehttp 124 "GET / HTTP/1.1" 404 2257
WARNING 2020-07-10 17:02:14,567 base 93 Not Found: /
WARNING 2020-07-10 17:02:14,568 basehttp 124 "GET / HTTP/1.1" 404 2257
INFO 2020-07-10 17:02:27,157 basehttp 124 "GET /xadmin/ HTTP/1.1" 200 15546
INFO 2020-07-10 17:02:27,249 basehttp 124 "GET /xadmin/jsi18n/ HTTP/1.1" 200 7684
INFO 2020-07-10 17:02:31,742 basehttp 124 "GET /xadmin/user/userinfo/ HTTP/1.1" 200 35446
INFO 2020-07-10 17:02:31,808 basehttp 124 "GET /xadmin/jsi18n/ HTTP/1.1" 200 7684
INFO 2020-07-10 17:02:36,286 basehttp 124 "GET /xadmin/user/userinfo/1/update/ HTTP/1.1" 200 32069
INFO 2020-07-10 17:02:36,383 basehttp 124 "GET /xadmin/jsi18n/ HTTP/1.1" 200 7684
INFO 2020-07-10 17:02:36,464 basehttp 124 "GET /static/xadmin/vendor/bootstrap-image-gallery/css/bootstrap-image-gallery.css HTTP/1.1" 200 3339
INFO 2020-07-10 17:02:36,467 basehttp 124 "GET /static/xadmin/vendor/bootstrap-image-gallery/js/bootstrap-image-gallery.js HTTP/1.1" 200 15611
INFO 2020-07-10 17:02:36,474 basehttp 124 "GET /static/xadmin/vendor/bootstrap-clockpicker/bootstrap-clockpicker.css HTTP/1.1" 200 3729
INFO 2020-07-10 17:02:36,489 basehttp 124 "GET /static/xadmin/vendor/bootstrap-datepicker/js/bootstrap-datepicker.js HTTP/1.1" 200 32656
INFO 2020-07-10 17:02:36,495 basehttp 124 "GET /static/xadmin/vendor/bootstrap-clockpicker/bootstrap-clockpicker.js HTTP/1.1" 200 21112
INFO 2020-07-10 17:02:36,496 basehttp 124 "GET /static/xadmin/vendor/bootstrap-datepicker/css/datepicker.css HTTP/1.1" 200 10225
INFO 2020-07-10 17:02:36,507 basehttp 124 "GET /static/xadmin/vendor/load-image/load-image.js HTTP/1.1" 200 8309
INFO 2020-07-10 17:02:36,518 basehttp 124 "GET /static/xadmin/css/xadmin.widget.select-transfer.css HTTP/1.1" 200 2317
INFO 2020-07-10 17:02:36,520 basehttp 124 "GET /static/xadmin/js/xadmin.widget.datetime.js HTTP/1.1" 200 2979
INFO 2020-07-10 17:02:36,521 basehttp 124 "GET /static/xadmin/js/xadmin.widget.select-transfer.js HTTP/1.1" 200 8214
INFO 2020-07-10 17:02:36,523 basehttp 124 "GET /static/xadmin/js/xadmin.plugin.quick-form.js HTTP/1.1" 200 7546
INFO 2020-07-10 17:03:03,958 basehttp 124 "POST /xadmin/user/userinfo/1/update/ HTTP/1.1" 302 0
INFO 2020-07-10 17:03:04,038 basehttp 124 "GET /xadmin/user/userinfo/ HTTP/1.1" 200 35672
INFO 2020-07-10 17:03:04,124 basehttp 124 "GET /xadmin/jsi18n/ HTTP/1.1" 200 7684
INFO 2020-07-10 21:49:21,581 basehttp 124 "GET /home/nav/ HTTP/1.1" 200 154
INFO 2020-07-10 21:49:21,582 basehttp 124 "GET /home/banner/ HTTP/1.1" 200 2
INFO 2020-07-10 21:49:21,597 basehttp 124 "GET /home/nav/ HTTP/1.1" 200 154
INFO 2020-07-10 21:49:38,657 basehttp 124 "OPTIONS /user/login/ HTTP/1.1" 200 0
INFO 2020-07-10 21:49:38,867 basehttp 124 "POST /user/login/ HTTP/1.1" 200 214
INFO 2020-07-10 21:49:38,926 basehttp 124 "GET /home/nav/ HTTP/1.1" 200 154
INFO 2020-07-10 21:49:38,928 basehttp 124 "GET /home/banner/ HTTP/1.1" 200 2
INFO 2020-07-10 21:49:38,950 basehttp 124 "GET /home/nav/ HTTP/1.1" 200 154
INFO 2020-07-10 21:50:29,591 basehttp 124 "POST /user/login/ HTTP/1.1" 200 214
INFO 2020-07-10 21:50:29,661 basehttp 124 "GET /home/nav/ HTTP/1.1" 200 154
INFO 2020-07-10 21:50:29,663 basehttp 124 "GET /home/banner/ HTTP/1.1" 200 2
INFO 2020-07-10 21:50:29,686 basehttp 124 "GET /home/nav/ HTTP/1.1" 200 154
INFO 2020-07-10 21:50:35,697 basehttp 124 "POST /user/login/ HTTP/1.1" 200 214
INFO 2020-07-10 21:50:35,759 basehttp 124 "GET /home/nav/ HTTP/1.1" 200 154
INFO 2020-07-10 21:50:35,763 basehttp 124 "GET /home/banner/ HTTP/1.1" 200 2
INFO 2020-07-10 21:50:35,787 basehttp 124 "GET /home/nav/ HTTP/1.1" 200 154
INFO 2020-07-10 21:50:39,125 basehttp 124 "POST /user/login/ HTTP/1.1" 200 214
INFO 2020-07-10 21:50:39,187 basehttp 124 "GET /home/nav/ HTTP/1.1" 200 154
INFO 2020-07-10 21:50:39,196 basehttp 124 "GET /home/banner/ HTTP/1.1" 200 2
INFO 2020-07-10 21:50:39,217 basehttp 124 "GET /home/nav/ HTTP/1.1" 200 154
INFO 2020-07-10 22:01:34,102 basehttp 124 "GET /home/nav/ HTTP/1.1" 200 154
INFO 2020-07-10 22:01:54,506 basehttp 124 "GET /home/nav/ HTTP/1.1" 200 154
INFO 2020-07-10 22:01:54,511 basehttp 124 "GET /home/banner/ HTTP/1.1" 200 2
INFO 2020-07-10 22:01:54,527 basehttp 124 "GET /home/nav/ HTTP/1.1" 200 154
INFO 2020-07-10 22:04:31,041 basehttp 124 "GET /home/nav/ HTTP/1.1" 200 154
INFO 2020-07-10 22:05:13,198 basehttp 124 "GET /home/nav/ HTTP/1.1" 200 154
INFO 2020-07-10 22:05:35,596 basehttp 124 "GET /home/nav/ HTTP/1.1" 200 154
INFO 2020-07-10 22:07:20,316 basehttp 124 "GET /home/nav/ HTTP/1.1" 200 154
INFO 2020-07-10 22:07:20,325 basehttp 124 "GET /home/banner/ HTTP/1.1" 200 2
INFO 2020-07-10 22:07:20,344 basehttp 124 "GET /home/nav/ HTTP/1.1" 200 154
INFO 2020-07-10 22:07:34,316 basehttp 124 "POST /user/login/ HTTP/1.1" 200 214
INFO 2020-07-10 22:07:34,373 basehttp 124 "GET /home/nav/ HTTP/1.1" 200 154
INFO 2020-07-10 22:07:34,383 basehttp 124 "GET /home/banner/ HTTP/1.1" 200 2
INFO 2020-07-10 22:07:34,403 basehttp 124 "GET /home/nav/ HTTP/1.1" 200 154
INFO 2020-07-10 22:08:32,261 basehttp 124 "GET /home/nav/ HTTP/1.1" 200 154
INFO 2020-07-10 22:08:32,263 basehttp 124 "GET /home/banner/ HTTP/1.1" 200 2
INFO 2020-07-10 22:08:32,283 basehttp 124 "GET /home/nav/ HTTP/1.1" 200 154
INFO 2020-07-10 22:08:49,822 basehttp 124 "POST /user/login/ HTTP/1.1" 200 214
INFO 2020-07-10 22:08:49,883 basehttp 124 "GET /home/nav/ HTTP/1.1" 200 154
INFO 2020-07-10 22:08:49,887 basehttp 124 "GET /home/banner/ HTTP/1.1" 200 2
INFO 2020-07-10 22:08:49,905 basehttp 124 "GET /home/nav/ HTTP/1.1" 200 154
INFO 2020-07-10 22:09:49,918 basehttp 124 "GET /home/nav/ HTTP/1.1" 200 154
INFO 2020-07-10 22:11:27,206 basehttp 124 "POST /user/login/ HTTP/1.1" 200 214
INFO 2020-07-10 22:11:27,271 basehttp 124 "GET /home/nav/ HTTP/1.1" 200 154
INFO 2020-07-10 22:11:27,273 basehttp 124 "GET /home/banner/ HTTP/1.1" 200 2
INFO 2020-07-10 22:11:27,291 basehttp 124 "GET /home/nav/ HTTP/1.1" 200 154
INFO 2020-07-10 22:15:17,461 basehttp 124 "GET /home/nav/ HTTP/1.1" 200 154
INFO 2020-07-10 22:15:23,959 basehttp 124 "GET /home/nav/ HTTP/1.1" 200 154
INFO 2020-07-10 22:15:23,967 basehttp 124 "GET /home/banner/ HTTP/1.1" 200 2
INFO 2020-07-10 22:15:23,990 basehttp 124 "GET /home/nav/ HTTP/1.1" 200 154
INFO 2020-07-10 22:16:29,269 basehttp 124 "GET /home/nav/ HTTP/1.1" 200 154
INFO 2020-07-10 22:16:29,311 basehttp 124 "GET /home/banner/ HTTP/1.1" 200 2
INFO 2020-07-10 22:16:29,325 basehttp 124 "GET /home/nav/ HTTP/1.1" 200 154
INFO 2020-07-10 22:17:01,331 basehttp 124 "POST /user/login/ HTTP/1.1" 200 214
INFO 2020-07-10 22:17:01,424 basehttp 124 "GET /home/nav/ HTTP/1.1" 200 154
INFO 2020-07-10 22:17:01,427 basehttp 124 "GET /home/banner/ HTTP/1.1" 200 2
INFO 2020-07-10 22:17:01,483 basehttp 124 "GET /home/nav/ HTTP/1.1" 200 154
INFO 2020-07-10 22:18:40,254 basehttp 124 "GET /home/nav/ HTTP/1.1" 200 154
INFO 2020-07-10 22:18:53,754 basehttp 124 "POST /user/login/ HTTP/1.1" 200 214
INFO 2020-07-10 22:18:53,827 basehttp 124 "GET /home/nav/ HTTP/1.1" 200 154
INFO 2020-07-10 22:18:53,844 basehttp 124 "GET /home/banner/ HTTP/1.1" 200 2
INFO 2020-07-10 22:18:53,861 basehttp 124 "GET /home/nav/ HTTP/1.1" 200 154
INFO 2020-07-10 22:22:34,180 basehttp 124 "GET /home/nav/ HTTP/1.1" 200 154
INFO 2020-07-10 22:22:37,249 basehttp 124 "GET /home/nav/ HTTP/1.1" 200 154
INFO 2020-07-10 22:22:37,263 basehttp 124 "GET /home/banner/ HTTP/1.1" 200 2
INFO 2020-07-10 22:22:37,276 basehttp 124 "GET /home/nav/ HTTP/1.1" 200 154
INFO 2020-07-10 22:22:53,617 basehttp 124 "POST /user/login/ HTTP/1.1" 200 214
INFO 2020-07-10 22:22:53,697 basehttp 124 "GET /home/nav/ HTTP/1.1" 200 154
INFO 2020-07-10 22:22:53,713 basehttp 124 "GET /home/banner/ HTTP/1.1" 200 2
INFO 2020-07-10 22:22:53,733 basehttp 124 "GET /home/nav/ HTTP/1.1" 200 154
INFO 2020-07-10 22:23:21,087 basehttp 124 "POST /user/login/ HTTP/1.1" 200 214
INFO 2020-07-10 22:23:21,161 basehttp 124 "GET /home/nav/ HTTP/1.1" 200 154
INFO 2020-07-10 22:23:21,169 basehttp 124 "GET /home/banner/ HTTP/1.1" 200 2
INFO 2020-07-10 22:23:21,188 basehttp 124 "GET /home/nav/ HTTP/1.1" 200 154
INFO 2020-07-10 22:30:27,493 basehttp 124 "GET /home/nav/ HTTP/1.1" 200 154
INFO 2020-07-10 22:30:27,569 basehttp 124 "GET /home/banner/ HTTP/1.1" 200 2
INFO 2020-07-10 22:30:27,589 basehttp 124 "GET /home/nav/ HTTP/1.1" 200 154
INFO 2020-07-10 22:30:32,081 basehttp 124 "GET /home/nav/ HTTP/1.1" 200 154
INFO 2020-07-10 22:30:32,087 basehttp 124 "GET /home/banner/ HTTP/1.1" 200 2
INFO 2020-07-10 22:30:32,108 basehttp 124 "GET /home/nav/ HTTP/1.1" 200 154
INFO 2020-07-10 22:30:33,288 basehttp 124 "GET /home/nav/ HTTP/1.1" 200 154
INFO 2020-07-10 22:30:33,305 basehttp 124 "GET /home/banner/ HTTP/1.1" 200 2
INFO 2020-07-10 22:30:33,311 basehttp 124 "GET /home/nav/ HTTP/1.1" 200 154
INFO 2020-07-10 22:30:34,074 basehttp 124 "GET /home/nav/ HTTP/1.1" 200 154
INFO 2020-07-10 22:30:34,077 basehttp 124 "GET /home/banner/ HTTP/1.1" 200 2
INFO 2020-07-10 22:30:34,098 basehttp 124 "GET /home/nav/ HTTP/1.1" 200 154
INFO 2020-07-10 22:30:34,840 basehttp 124 "GET /home/nav/ HTTP/1.1" 200 154
INFO 2020-07-10 22:30:34,844 basehttp 124 "GET /home/banner/ HTTP/1.1" 200 2
INFO 2020-07-10 22:30:34,871 basehttp 124 "GET /home/nav/ HTTP/1.1" 200 154
WARNING 2020-07-10 22:47:08,428 basehttp 124 "POST /user/login/ HTTP/1.1" 400 67
INFO 2020-07-10 22:47:15,910 basehttp 124 "POST /user/login/ HTTP/1.1" 200 214
INFO 2020-07-10 22:47:15,982 basehttp 124 "GET /home/nav/ HTTP/1.1" 200 154
INFO 2020-07-10 22:47:15,983 basehttp 124 "GET /home/banner/ HTTP/1.1" 200 2
INFO 2020-07-10 22:47:16,025 basehttp 124 "GET /home/nav/ HTTP/1.1" 200 154
INFO 2020-07-10 22:51:30,906 basehttp 124 "POST /user/login/ HTTP/1.1" 200 214
INFO 2020-07-10 22:51:31,022 basehttp 124 "GET /home/nav/ HTTP/1.1" 200 154
INFO 2020-07-10 22:51:31,027 basehttp 124 "GET /home/banner/ HTTP/1.1" 200 2
INFO 2020-07-10 22:51:31,050 basehttp 124 "GET /home/nav/ HTTP/1.1" 200 154
INFO 2020-07-10 22:51:42,983 basehttp 124 "POST /user/login/ HTTP/1.1" 200 214
INFO 2020-07-10 22:51:43,049 basehttp 124 "GET /home/nav/ HTTP/1.1" 200 154
INFO 2020-07-10 22:51:43,056 basehttp 124 "GET /home/banner/ HTTP/1.1" 200 2
INFO 2020-07-10 22:51:43,103 basehttp 124 "GET /home/nav/ HTTP/1.1" 200 154
WARNING 2020-07-10 23:02:44,855 basehttp 124 "POST /user/login/ HTTP/1.1" 400 67
INFO 2020-07-10 23:02:54,411 basehttp 124 "POST /user/login/ HTTP/1.1" 200 214
INFO 2020-07-10 23:02:54,550 basehttp 124 "GET /home/nav/ HTTP/1.1" 200 154
INFO 2020-07-10 23:02:54,558 basehttp 124 "GET /home/banner/ HTTP/1.1" 200 2
INFO 2020-07-10 23:02:54,599 basehttp 124 "GET /home/nav/ HTTP/1.1" 200 154
WARNING 2020-07-10 23:02:59,803 basehttp 124 "POST /user/login/ HTTP/1.1" 400 67
INFO 2020-07-10 23:03:07,086 basehttp 124 "POST /user/login/ HTTP/1.1" 200 214
INFO 2020-07-10 23:03:07,161 basehttp 124 "GET /home/nav/ HTTP/1.1" 200 154
INFO 2020-07-10 23:03:07,164 basehttp 124 "GET /home/banner/ HTTP/1.1" 200 2
INFO 2020-07-10 23:03:07,185 basehttp 124 "GET /home/nav/ HTTP/1.1" 200 154
INFO 2020-07-10 23:03:32,032 basehttp 124 "POST /user/login/ HTTP/1.1" 200 214
INFO 2020-07-10 23:03:32,113 basehttp 124 "GET /home/nav/ HTTP/1.1" 200 154
INFO 2020-07-10 23:03:32,122 basehttp 124 "GET /home/banner/ HTTP/1.1" 200 2
INFO 2020-07-10 23:03:32,139 basehttp 124 "GET /home/nav/ HTTP/1.1" 200 154
WARNING 2020-07-10 23:03:38,177 basehttp 124 "POST /user/login/ HTTP/1.1" 400 67
WARNING 2020-07-10 23:03:39,381 basehttp 124 "POST /user/login/ HTTP/1.1" 400 67
WARNING 2020-07-10 23:03:40,010 basehttp 124 "POST /user/login/ HTTP/1.1" 400 67
WARNING 2020-07-10 23:03:40,734 basehttp 124 "POST /user/login/ HTTP/1.1" 400 67
INFO 2020-07-10 23:06:31,493 basehttp 124 "POST /user/login/ HTTP/1.1" 200 214
INFO 2020-07-10 23:06:31,600 basehttp 124 "GET /home/nav/ HTTP/1.1" 200 154
INFO 2020-07-10 23:06:31,621 basehttp 124 "GET /home/banner/ HTTP/1.1" 200 2
INFO 2020-07-10 23:06:31,642 basehttp 124 "GET /home/nav/ HTTP/1.1" 200 154
WARNING 2020-07-10 23:08:09,334 basehttp 124 "POST /user/login/ HTTP/1.1" 400 67
INFO 2020-07-10 23:08:18,653 basehttp 124 "POST /user/login/ HTTP/1.1" 200 214
INFO 2020-07-10 23:08:18,730 basehttp 124 "GET /home/nav/ HTTP/1.1" 200 154
INFO 2020-07-10 23:08:18,763 basehttp 124 "GET /home/banner/ HTTP/1.1" 200 2
INFO 2020-07-10 23:08:18,803 basehttp 124 "GET /home/nav/ HTTP/1.1" 200 154
INFO 2020-07-10 23:09:05,178 basehttp 124 "POST /user/login/ HTTP/1.1" 200 214
INFO 2020-07-10 23:09:05,240 basehttp 124 "GET /home/nav/ HTTP/1.1" 200 154
INFO 2020-07-10 23:09:05,282 basehttp 124 "GET /home/banner/ HTTP/1.1" 200 2
INFO 2020-07-10 23:09:05,301 basehttp 124 "GET /home/nav/ HTTP/1.1" 200 154
INFO 2020-07-10 23:10:52,800 basehttp 124 "POST /user/login/ HTTP/1.1" 200 294
INFO 2020-07-10 23:10:52,888 basehttp 124 "GET /home/nav/ HTTP/1.1" 200 154
INFO 2020-07-10 23:10:52,922 basehttp 124 "GET /home/banner/ HTTP/1.1" 200 2
INFO 2020-07-10 23:10:52,962 basehttp 124 "GET /home/nav/ HTTP/1.1" 200 154
WARNING 2020-07-10 23:18:25,534 basehttp 124 "POST /user/login/ HTTP/1.1" 400 67
ERROR 2020-07-10 23:19:45,609 exception 118 Internal Server Error: /user/login/
Traceback (most recent call last):
  File "G:\envs\env02\lib\site-packages\django\core\handlers\exception.py", line 35, in inner
    response = get_response(request)
  File "G:\envs\env02\lib\site-packages\django\core\handlers\base.py", line 158, in _get_response
    response = self.process_exception_by_middleware(e, request)
  File "G:\envs\env02\lib\site-packages\django\core\handlers\base.py", line 156, in _get_response
    response = response.render()
  File "G:\envs\env02\lib\site-packages\django\template\response.py", line 106, in render
    self.content = self.rendered_content
  File "G:\envs\env02\lib\site-packages\rest_framework\response.py", line 70, in rendered_content
    ret = renderer.render(self.data, accepted_media_type, context)
  File "G:\envs\env02\lib\site-packages\rest_framework\renderers.py", line 104, in render
    allow_nan=not self.strict, separators=separators
  File "G:\envs\env02\lib\site-packages\rest_framework\utils\json.py", line 25, in dumps
    return json.dumps(*args, **kwargs)
  File "g:\python\lib\json\__init__.py", line 238, in dumps
    **kw).encode(obj)
  File "g:\python\lib\json\encoder.py", line 199, in encode
    chunks = self.iterencode(o, _one_shot=True)
  File "g:\python\lib\json\encoder.py", line 257, in iterencode
    return _iterencode(o, 0)
  File "G:\envs\env02\lib\site-packages\rest_framework\utils\encoders.py", line 67, in default
    return super().default(obj)
  File "g:\python\lib\json\encoder.py", line 179, in default
    raise TypeError(f'Object of type {o.__class__.__name__} '
TypeError: Object of type UserInfo is not JSON serializable
ERROR 2020-07-10 23:19:45,926 basehttp 124 "POST /user/login/ HTTP/1.1" 500 106311
ERROR 2020-07-10 23:19:53,188 exception 118 Internal Server Error: /user/login/
Traceback (most recent call last):
  File "G:\envs\env02\lib\site-packages\django\core\handlers\exception.py", line 35, in inner
    response = get_response(request)
  File "G:\envs\env02\lib\site-packages\django\core\handlers\base.py", line 158, in _get_response
    response = self.process_exception_by_middleware(e, request)
  File "G:\envs\env02\lib\site-packages\django\core\handlers\base.py", line 156, in _get_response
    response = response.render()
  File "G:\envs\env02\lib\site-packages\django\template\response.py", line 106, in render
    self.content = self.rendered_content
  File "G:\envs\env02\lib\site-packages\rest_framework\response.py", line 70, in rendered_content
    ret = renderer.render(self.data, accepted_media_type, context)
  File "G:\envs\env02\lib\site-packages\rest_framework\renderers.py", line 104, in render
    allow_nan=not self.strict, separators=separators
  File "G:\envs\env02\lib\site-packages\rest_framework\utils\json.py", line 25, in dumps
    return json.dumps(*args, **kwargs)
  File "g:\python\lib\json\__init__.py", line 238, in dumps
    **kw).encode(obj)
  File "g:\python\lib\json\encoder.py", line 199, in encode
    chunks = self.iterencode(o, _one_shot=True)
  File "g:\python\lib\json\encoder.py", line 257, in iterencode
    return _iterencode(o, 0)
  File "G:\envs\env02\lib\site-packages\rest_framework\utils\encoders.py", line 67, in default
    return super().default(obj)
  File "g:\python\lib\json\encoder.py", line 179, in default
    raise TypeError(f'Object of type {o.__class__.__name__} '
TypeError: Object of type UserInfo is not JSON serializable
ERROR 2020-07-10 23:19:53,227 basehttp 124 "POST /user/login/ HTTP/1.1" 500 106311
ERROR 2020-07-10 23:20:05,818 exception 118 Internal Server Error: /user/login/
Traceback (most recent call last):
  File "G:\envs\env02\lib\site-packages\django\core\handlers\exception.py", line 35, in inner
    response = get_response(request)
  File "G:\envs\env02\lib\site-packages\django\core\handlers\base.py", line 158, in _get_response
    response = self.process_exception_by_middleware(e, request)
  File "G:\envs\env02\lib\site-packages\django\core\handlers\base.py", line 156, in _get_response
    response = response.render()
  File "G:\envs\env02\lib\site-packages\django\template\response.py", line 106, in render
    self.content = self.rendered_content
  File "G:\envs\env02\lib\site-packages\rest_framework\response.py", line 70, in rendered_content
    ret = renderer.render(self.data, accepted_media_type, context)
  File "G:\envs\env02\lib\site-packages\rest_framework\renderers.py", line 104, in render
    allow_nan=not self.strict, separators=separators
  File "G:\envs\env02\lib\site-packages\rest_framework\utils\json.py", line 25, in dumps
    return json.dumps(*args, **kwargs)
  File "g:\python\lib\json\__init__.py", line 238, in dumps
    **kw).encode(obj)
  File "g:\python\lib\json\encoder.py", line 199, in encode
    chunks = self.iterencode(o, _one_shot=True)
  File "g:\python\lib\json\encoder.py", line 257, in iterencode
    return _iterencode(o, 0)
  File "G:\envs\env02\lib\site-packages\rest_framework\utils\encoders.py", line 67, in default
    return super().default(obj)
  File "g:\python\lib\json\encoder.py", line 179, in default
    raise TypeError(f'Object of type {o.__class__.__name__} '
TypeError: Object of type UserInfo is not JSON serializable
ERROR 2020-07-10 23:20:05,855 basehttp 124 "POST /user/login/ HTTP/1.1" 500 106311
ERROR 2020-07-10 23:20:49,487 exception 118 Internal Server Error: /user/login/
Traceback (most recent call last):
  File "G:\envs\env02\lib\site-packages\django\core\handlers\exception.py", line 35, in inner
    response = get_response(request)
  File "G:\envs\env02\lib\site-packages\django\core\handlers\base.py", line 158, in _get_response
    response = self.process_exception_by_middleware(e, request)
  File "G:\envs\env02\lib\site-packages\django\core\handlers\base.py", line 156, in _get_response
    response = response.render()
  File "G:\envs\env02\lib\site-packages\django\template\response.py", line 106, in render
    self.content = self.rendered_content
  File "G:\envs\env02\lib\site-packages\rest_framework\response.py", line 70, in rendered_content
    ret = renderer.render(self.data, accepted_media_type, context)
  File "G:\envs\env02\lib\site-packages\rest_framework\renderers.py", line 104, in render
    allow_nan=not self.strict, separators=separators
  File "G:\envs\env02\lib\site-packages\rest_framework\utils\json.py", line 25, in dumps
    return json.dumps(*args, **kwargs)
  File "g:\python\lib\json\__init__.py", line 238, in dumps
    **kw).encode(obj)
  File "g:\python\lib\json\encoder.py", line 199, in encode
    chunks = self.iterencode(o, _one_shot=True)
  File "g:\python\lib\json\encoder.py", line 257, in iterencode
    return _iterencode(o, 0)
  File "G:\envs\env02\lib\site-packages\rest_framework\utils\encoders.py", line 67, in default
    return super().default(obj)
  File "g:\python\lib\json\encoder.py", line 179, in default
    raise TypeError(f'Object of type {o.__class__.__name__} '
TypeError: Object of type UserInfo is not JSON serializable
ERROR 2020-07-10 23:20:49,526 basehttp 124 "POST /user/login/ HTTP/1.1" 500 106311
INFO 2020-07-10 23:21:28,166 basehttp 124 "POST /user/login/ HTTP/1.1" 200 214
INFO 2020-07-10 23:21:28,296 basehttp 124 "GET /home/nav/ HTTP/1.1" 200 154
INFO 2020-07-10 23:21:28,298 basehttp 124 "GET /home/banner/ HTTP/1.1" 200 2
INFO 2020-07-10 23:21:28,326 basehttp 124 "GET /home/nav/ HTTP/1.1" 200 154
INFO 2020-07-10 23:22:45,188 basehttp 124 "POST /user/login/ HTTP/1.1" 200 214
INFO 2020-07-10 23:22:45,286 basehttp 124 "GET /home/nav/ HTTP/1.1" 200 154
INFO 2020-07-10 23:22:45,291 basehttp 124 "GET /home/banner/ HTTP/1.1" 200 2
INFO 2020-07-10 23:22:45,365 basehttp 124 "GET /home/nav/ HTTP/1.1" 200 154
WARNING 2020-07-10 23:22:49,535 basehttp 124 "POST /user/login/ HTTP/1.1" 400 67
INFO 2020-07-10 23:24:56,737 basehttp 124 "POST /user/login/ HTTP/1.1" 200 214
INFO 2020-07-10 23:24:56,868 basehttp 124 "GET /home/nav/ HTTP/1.1" 200 154
INFO 2020-07-10 23:24:56,877 basehttp 124 "GET /home/banner/ HTTP/1.1" 200 2
INFO 2020-07-10 23:24:56,915 basehttp 124 "GET /home/nav/ HTTP/1.1" 200 154
INFO 2020-07-10 23:25:00,351 basehttp 124 "POST /user/login/ HTTP/1.1" 200 214
INFO 2020-07-10 23:25:00,413 basehttp 124 "GET /home/nav/ HTTP/1.1" 200 154
INFO 2020-07-10 23:25:00,420 basehttp 124 "GET /home/banner/ HTTP/1.1" 200 2
INFO 2020-07-10 23:25:00,469 basehttp 124 "GET /home/nav/ HTTP/1.1" 200 154
INFO 2020-07-10 23:34:41,556 basehttp 124 "POST /user/login/ HTTP/1.1" 200 214
INFO 2020-07-10 23:34:41,676 basehttp 124 "GET /home/nav/ HTTP/1.1" 200 154
INFO 2020-07-10 23:34:41,696 basehttp 124 "GET /home/banner/ HTTP/1.1" 200 2
INFO 2020-07-10 23:34:41,720 basehttp 124 "GET /home/nav/ HTTP/1.1" 200 154
INFO 2020-07-10 23:34:43,001 basehttp 124 "GET /home/nav/ HTTP/1.1" 200 154
INFO 2020-07-10 23:34:43,026 basehttp 124 "GET /home/banner/ HTTP/1.1" 200 2
INFO 2020-07-10 23:34:43,040 basehttp 124 "GET /home/nav/ HTTP/1.1" 200 154
INFO 2020-07-10 23:34:47,125 basehttp 124 "POST /user/login/ HTTP/1.1" 200 214
INFO 2020-07-10 23:34:47,218 basehttp 124 "GET /home/nav/ HTTP/1.1" 200 154
INFO 2020-07-10 23:34:47,226 basehttp 124 "GET /home/banner/ HTTP/1.1" 200 2
INFO 2020-07-10 23:34:47,253 basehttp 124 "GET /home/nav/ HTTP/1.1" 200 154
INFO 2020-07-10 23:34:48,377 basehttp 124 "GET /home/nav/ HTTP/1.1" 200 154
INFO 2020-07-10 23:34:48,403 basehttp 124 "GET /home/banner/ HTTP/1.1" 200 2
INFO 2020-07-10 23:34:48,407 basehttp 124 "GET /home/nav/ HTTP/1.1" 200 154
INFO 2020-07-10 23:34:53,455 basehttp 124 "POST /user/login/ HTTP/1.1" 200 214
INFO 2020-07-10 23:34:53,542 basehttp 124 "GET /home/nav/ HTTP/1.1" 200 154
INFO 2020-07-10 23:34:53,548 basehttp 124 "GET /home/banner/ HTTP/1.1" 200 2
INFO 2020-07-10 23:34:53,568 basehttp 124 "GET /home/nav/ HTTP/1.1" 200 154
INFO 2020-07-10 23:34:54,580 basehttp 124 "GET /home/nav/ HTTP/1.1" 200 154
INFO 2020-07-10 23:34:54,587 basehttp 124 "GET /home/banner/ HTTP/1.1" 200 2
INFO 2020-07-10 23:34:54,608 basehttp 124 "GET /home/nav/ HTTP/1.1" 200 154
WARNING 2020-07-11 16:47:47,570 base 93 Not Found: /
WARNING 2020-07-11 16:47:47,572 basehttp 124 "GET / HTTP/1.1" 404 2257
WARNING 2020-07-11 16:47:56,670 basehttp 124 "GET /user/captcha/ HTTP/1.1" 400 6929
INFO 2020-07-11 16:48:30,496 basehttp 124 "GET /user/captcha/?username=npf HTTP/1.1" 200 7160
INFO 2020-07-11 16:59:44,705 basehttp 124 "OPTIONS /user/login/ HTTP/1.1" 200 0
INFO 2020-07-11 16:59:44,928 basehttp 124 "POST /user/login/ HTTP/1.1" 200 214
INFO 2020-07-11 16:59:45,011 basehttp 124 "GET /home/nav/ HTTP/1.1" 200 154
INFO 2020-07-11 16:59:45,037 basehttp 124 "GET /home/banner/ HTTP/1.1" 200 2
INFO 2020-07-11 16:59:45,064 basehttp 124 "GET /home/nav/ HTTP/1.1" 200 154
INFO 2020-07-11 17:00:47,784 basehttp 124 "GET /home/nav/ HTTP/1.1" 200 154
INFO 2020-07-11 17:00:47,786 basehttp 124 "GET /home/banner/ HTTP/1.1" 200 2
INFO 2020-07-11 17:00:47,818 basehttp 124 "GET /home/nav/ HTTP/1.1" 200 154
INFO 2020-07-11 17:02:34,307 basehttp 124 "GET /home/nav/ HTTP/1.1" 200 154
INFO 2020-07-11 17:02:34,307 basehttp 124 "GET /home/banner/ HTTP/1.1" 200 2
INFO 2020-07-11 17:02:34,330 basehttp 124 "GET /home/nav/ HTTP/1.1" 200 154
INFO 2020-07-11 17:05:10,838 basehttp 124 "GET /home/nav/ HTTP/1.1" 200 154
INFO 2020-07-11 17:05:10,854 basehttp 124 "GET /home/banner/ HTTP/1.1" 200 2
INFO 2020-07-11 17:05:10,885 basehttp 124 "GET /home/nav/ HTTP/1.1" 200 154
INFO 2020-07-11 17:11:52,345 basehttp 124 "GET /home/nav/ HTTP/1.1" 200 154
INFO 2020-07-11 17:11:52,379 basehttp 124 "GET /home/banner/ HTTP/1.1" 200 2
INFO 2020-07-11 17:11:52,386 basehttp 124 "GET /home/nav/ HTTP/1.1" 200 154
WARNING 2020-07-11 17:11:57,029 basehttp 124 "POST /user/login/ HTTP/1.1" 400 41
WARNING 2020-07-11 17:11:59,422 basehttp 124 "POST /user/login/ HTTP/1.1" 400 41
INFO 2020-07-11 17:12:05,420 basehttp 124 "GET /home/nav/ HTTP/1.1" 200 154
INFO 2020-07-11 17:12:05,432 basehttp 124 "GET /home/banner/ HTTP/1.1" 200 2
INFO 2020-07-11 17:12:05,442 basehttp 124 "GET /home/nav/ HTTP/1.1" 200 154
WARNING 2020-07-11 17:12:13,361 basehttp 124 "POST /user/login/ HTTP/1.1" 400 41
INFO 2020-07-11 17:13:13,961 basehttp 124 "GET /home/nav/ HTTP/1.1" 200 154
INFO 2020-07-11 17:13:13,963 basehttp 124 "GET /home/banner/ HTTP/1.1" 200 2
INFO 2020-07-11 17:13:13,978 basehttp 124 "GET /home/nav/ HTTP/1.1" 200 154
INFO 2020-07-11 17:13:19,792 basehttp 124 "POST /user/login/ HTTP/1.1" 200 214
INFO 2020-07-11 17:13:19,839 basehttp 124 "GET /home/nav/ HTTP/1.1" 200 154
INFO 2020-07-11 17:13:19,842 basehttp 124 "GET /home/banner/ HTTP/1.1" 200 2
INFO 2020-07-11 17:13:19,856 basehttp 124 "GET /home/nav/ HTTP/1.1" 200 154
INFO 2020-07-11 17:13:22,484 basehttp 124 "GET /home/nav/ HTTP/1.1" 200 154
INFO 2020-07-11 17:13:22,495 basehttp 124 "GET /home/banner/ HTTP/1.1" 200 2
INFO 2020-07-11 17:13:22,503 basehttp 124 "GET /home/nav/ HTTP/1.1" 200 154
WARNING 2020-07-11 17:22:17,744 basehttp 124 "GET /user/captcha/ HTTP/1.1" 400 6929
INFO 2020-07-11 17:23:23,427 basehttp 124 "GET /user/captcha/?username=npf HTTP/1.1" 200 140
INFO 2020-07-11 17:26:46,240 basehttp 124 "GET /user/captcha/?username=npf HTTP/1.1" 200 140
INFO 2020-07-11 17:27:13,732 basehttp 124 "GET /user/captcha/?username=npf HTTP/1.1" 200 140
INFO 2020-07-11 17:27:40,511 basehttp 124 "GET /user/captcha/?username=npf HTTP/1.1" 200 140
INFO 2020-07-11 17:27:48,158 basehttp 124 "GET /user/captcha/?username=npf HTTP/1.1" 200 140
WARNING 2020-07-11 17:29:25,702 basehttp 124 "GET /user/captcha/ HTTP/1.1" 400 6929
INFO 2020-07-11 17:30:02,107 basehttp 124 "GET /user/captcha/?username=npf HTTP/1.1" 200 140
INFO 2020-07-11 17:30:09,847 basehttp 124 "OPTIONS /user/captcha/ HTTP/1.1" 200 0
INFO 2020-07-11 17:30:09,853 basehttp 124 "POST /user/captcha/ HTTP/1.1" 200 17
INFO 2020-07-11 17:30:10,138 basehttp 124 "POST /user/login/ HTTP/1.1" 200 214
INFO 2020-07-11 17:30:10,267 basehttp 124 "GET /home/nav/ HTTP/1.1" 200 154
INFO 2020-07-11 17:30:10,283 basehttp 124 "GET /home/banner/ HTTP/1.1" 200 2
INFO 2020-07-11 17:30:10,291 basehttp 124 "GET /home/nav/ HTTP/1.1" 200 154
INFO 2020-07-11 17:38:17,422 basehttp 124 "GET /home/nav/ HTTP/1.1" 200 154
INFO 2020-07-11 17:38:17,424 basehttp 124 "GET /home/banner/ HTTP/1.1" 200 2
INFO 2020-07-11 17:38:17,470 basehttp 124 "GET /home/nav/ HTTP/1.1" 200 154
INFO 2020-07-11 17:38:24,951 basehttp 124 "GET /user/captcha/?username=npf HTTP/1.1" 200 140
INFO 2020-07-11 17:38:35,899 basehttp 124 "POST /user/captcha/ HTTP/1.1" 200 17
INFO 2020-07-11 17:38:36,246 basehttp 124 "POST /user/login/ HTTP/1.1" 200 214
INFO 2020-07-11 17:38:36,327 basehttp 124 "GET /home/nav/ HTTP/1.1" 200 154
INFO 2020-07-11 17:38:36,342 basehttp 124 "GET /home/banner/ HTTP/1.1" 200 2
INFO 2020-07-11 17:38:36,364 basehttp 124 "GET /home/nav/ HTTP/1.1" 200 154
INFO 2020-07-11 17:38:38,107 basehttp 124 "GET /home/nav/ HTTP/1.1" 200 154
INFO 2020-07-11 17:38:38,132 basehttp 124 "GET /home/banner/ HTTP/1.1" 200 2
INFO 2020-07-11 17:38:38,157 basehttp 124 "GET /home/nav/ HTTP/1.1" 200 154
WARNING 2020-07-11 17:38:44,813 basehttp 124 "GET /user/captcha/?username=nss HTTP/1.1" 400 29
INFO 2020-07-11 17:38:53,161 basehttp 124 "GET /user/captcha/?username=npf HTTP/1.1" 200 140
INFO 2020-07-11 17:38:59,509 basehttp 124 "POST /user/captcha/ HTTP/1.1" 200 17
WARNING 2020-07-11 17:38:59,824 basehttp 124 "POST /user/login/ HTTP/1.1" 400 67
INFO 2020-07-11 19:01:27,922 basehttp 124 "GET /home/banner/ HTTP/1.1" 200 2
INFO 2020-07-11 19:01:27,924 basehttp 124 "GET /home/nav/ HTTP/1.1" 200 154
INFO 2020-07-11 19:01:27,936 basehttp 124 "GET /home/nav/ HTTP/1.1" 200 154
INFO 2020-07-11 19:02:58,759 basehttp 124 "GET /user/captcha/?username=npf HTTP/1.1" 200 140
INFO 2020-07-11 19:03:06,392 basehttp 124 "POST /user/captcha/ HTTP/1.1" 200 17
INFO 2020-07-11 19:03:06,400 basehttp 124 "OPTIONS /user/login/ HTTP/1.1" 200 0
INFO 2020-07-11 19:03:06,656 basehttp 124 "POST /user/login/ HTTP/1.1" 200 214
INFO 2020-07-11 19:03:06,718 basehttp 124 "GET /home/nav/ HTTP/1.1" 200 154
INFO 2020-07-11 19:03:06,729 basehttp 124 "GET /home/banner/ HTTP/1.1" 200 2
INFO 2020-07-11 19:03:06,737 basehttp 124 "GET /home/nav/ HTTP/1.1" 200 154
INFO 2020-07-11 19:06:58,789 basehttp 124 "GET /home/nav/ HTTP/1.1" 200 154
INFO 2020-07-11 19:08:47,965 basehttp 124 "GET /home/nav/ HTTP/1.1" 200 154
INFO 2020-07-11 19:09:09,288 basehttp 124 "GET /home/nav/ HTTP/1.1" 200 154
INFO 2020-07-11 22:14:06,415 basehttp 124 "GET /home/banner/ HTTP/1.1" 200 2
INFO 2020-07-11 22:14:06,416 basehttp 124 "GET /home/nav/ HTTP/1.1" 200 154
INFO 2020-07-11 22:14:06,434 basehttp 124 "GET /home/nav/ HTTP/1.1" 200 154
INFO 2020-07-11 22:15:10,394 basehttp 124 "GET /home/nav/ HTTP/1.1" 200 154
INFO 2020-07-11 22:15:10,397 basehttp 124 "GET /home/banner/ HTTP/1.1" 200 2
INFO 2020-07-11 22:15:10,411 basehttp 124 "GET /home/nav/ HTTP/1.1" 200 154
INFO 2020-07-11 22:15:27,317 basehttp 124 "GET /home/nav/ HTTP/1.1" 200 154
INFO 2020-07-11 22:16:03,451 basehttp 124 "GET /home/nav/ HTTP/1.1" 200 154
INFO 2020-07-11 22:16:03,453 basehttp 124 "GET /home/banner/ HTTP/1.1" 200 2
INFO 2020-07-11 22:16:03,466 basehttp 124 "GET /home/nav/ HTTP/1.1" 200 154
INFO 2020-07-11 22:16:37,448 basehttp 124 "GET /home/nav/ HTTP/1.1" 200 154
INFO 2020-07-11 22:16:37,468 basehttp 124 "GET /home/banner/ HTTP/1.1" 200 2
INFO 2020-07-11 22:16:37,488 basehttp 124 "GET /home/nav/ HTTP/1.1" 200 154
INFO 2020-07-11 22:17:21,500 basehttp 124 "GET /home/nav/ HTTP/1.1" 200 154
INFO 2020-07-11 22:17:21,503 basehttp 124 "GET /home/banner/ HTTP/1.1" 200 2
INFO 2020-07-11 22:17:21,517 basehttp 124 "GET /home/nav/ HTTP/1.1" 200 154
INFO 2020-07-11 22:18:44,871 basehttp 124 "GET /home/nav/ HTTP/1.1" 200 154
INFO 2020-07-11 22:18:44,874 basehttp 124 "GET /home/banner/ HTTP/1.1" 200 2
INFO 2020-07-11 22:18:44,894 basehttp 124 "GET /home/nav/ HTTP/1.1" 200 154
INFO 2020-07-11 22:18:48,042 basehttp 124 "GET /user/captcha/?username=npf HTTP/1.1" 200 140
INFO 2020-07-11 22:18:54,056 basehttp 124 "OPTIONS /user/captcha/ HTTP/1.1" 200 0
INFO 2020-07-11 22:18:54,061 basehttp 124 "POST /user/captcha/ HTTP/1.1" 200 17
INFO 2020-07-11 22:18:54,070 basehttp 124 "OPTIONS /user/login/ HTTP/1.1" 200 0
INFO 2020-07-11 22:18:54,283 basehttp 124 "POST /user/login/ HTTP/1.1" 200 214
INFO 2020-07-11 22:18:54,333 basehttp 124 "GET /home/nav/ HTTP/1.1" 200 154
INFO 2020-07-11 22:18:54,336 basehttp 124 "GET /home/banner/ HTTP/1.1" 200 2
INFO 2020-07-11 22:18:54,355 basehttp 124 "GET /home/nav/ HTTP/1.1" 200 154
INFO 2020-07-11 22:18:56,645 basehttp 124 "GET /home/nav/ HTTP/1.1" 200 154
INFO 2020-07-11 22:18:56,666 basehttp 124 "GET /home/banner/ HTTP/1.1" 200 2
INFO 2020-07-11 22:18:56,671 basehttp 124 "GET /home/nav/ HTTP/1.1" 200 154
INFO 2020-07-11 22:19:02,252 basehttp 124 "GET /user/captcha/?username=npf HTTP/1.1" 200 140
INFO 2020-07-11 22:19:08,006 basehttp 124 "POST /user/captcha/ HTTP/1.1" 200 17
INFO 2020-07-11 22:19:08,321 basehttp 124 "POST /user/login/ HTTP/1.1" 200 214
INFO 2020-07-11 22:19:08,371 basehttp 124 "GET /home/nav/ HTTP/1.1" 200 154
INFO 2020-07-11 22:19:08,373 basehttp 124 "GET /home/banner/ HTTP/1.1" 200 2
INFO 2020-07-11 22:19:08,390 basehttp 124 "GET /home/nav/ HTTP/1.1" 200 154
INFO 2020-07-11 22:19:10,992 basehttp 124 "GET /home/nav/ HTTP/1.1" 200 154
INFO 2020-07-11 22:19:10,998 basehttp 124 "GET /home/banner/ HTTP/1.1" 200 2
INFO 2020-07-11 22:19:11,019 basehttp 124 "GET /home/nav/ HTTP/1.1" 200 154
INFO 2020-07-11 22:22:07,891 basehttp 124 "GET /home/nav/ HTTP/1.1" 200 154
INFO 2020-07-11 22:22:07,897 basehttp 124 "GET /home/banner/ HTTP/1.1" 200 2
INFO 2020-07-11 22:22:07,913 basehttp 124 "GET /home/nav/ HTTP/1.1" 200 154
ERROR 2020-07-11 22:54:14,389 exception 118 Internal Server Error: /user/register
Traceback (most recent call last):
  File "G:\envs\env02\lib\site-packages\django\core\handlers\exception.py", line 35, in inner
    response = get_response(request)
  File "G:\envs\env02\lib\site-packages\django\utils\deprecation.py", line 93, in __call__
    response = self.process_request(request)
  File "G:\envs\env02\lib\site-packages\django\middleware\common.py", line 61, in process_request
    path = self.get_full_path_with_slash(request)
  File "G:\envs\env02\lib\site-packages\django\middleware\common.py", line 99, in get_full_path_with_slash
    'url': request.get_host() + new_path,
RuntimeError: You called this URL via POST, but the URL doesn't end in a slash and you have APPEND_SLASH set. Django can't redirect to the slash URL while maintaining POST data. Change your form to point to 127.0.0.1:9001/user/register/ (note the trailing slash), or set APPEND_SLASH=False in your Django settings.
ERROR 2020-07-11 22:54:14,678 basehttp 124 "POST /user/register HTTP/1.1" 500 67852
ERROR 2020-07-11 22:54:41,315 exceptions 18 <user.views.UserAPIView object at 0x0000025232A78438> POST Field name `token` is not valid for model `UserInfo`.
ERROR 2020-07-11 22:54:41,316 basehttp 124 "POST /user/register/ HTTP/1.1" 500 56
WARNING 2020-07-11 22:56:15,905 basehttp 124 "POST /user/register/ HTTP/1.1" 400 46
WARNING 2020-07-11 22:56:21,229 basehttp 124 "POST /user/register/ HTTP/1.1" 400 57
WARNING 2020-07-11 23:09:02,465 basehttp 124 "GET /user/register/ HTTP/1.1" 405 7484
INFO 2020-07-11 23:09:03,067 basehttp 124 "GET /static/rest_framework/css/bootstrap.min.css HTTP/1.1" 304 0
INFO 2020-07-11 23:09:03,129 basehttp 124 "GET /static/rest_framework/css/bootstrap-tweaks.css HTTP/1.1" 304 0
INFO 2020-07-11 23:09:03,157 basehttp 124 "GET /static/rest_framework/css/prettify.css HTTP/1.1" 304 0
INFO 2020-07-11 23:09:03,211 basehttp 124 "GET /static/rest_framework/css/default.css HTTP/1.1" 304 0
INFO 2020-07-11 23:09:03,332 basehttp 124 "GET /static/rest_framework/js/default.js HTTP/1.1" 304 0
INFO 2020-07-11 23:09:03,332 basehttp 124 "GET /static/rest_framework/js/bootstrap.min.js HTTP/1.1" 304 0
INFO 2020-07-11 23:09:03,334 basehttp 124 "GET /static/rest_framework/js/prettify-min.js HTTP/1.1" 304 0
INFO 2020-07-11 23:09:03,334 basehttp 124 "GET /static/rest_framework/js/jquery-3.4.1.min.js HTTP/1.1" 304 0
INFO 2020-07-11 23:09:03,335 basehttp 124 "GET /static/rest_framework/js/csrf.js HTTP/1.1" 304 0
INFO 2020-07-11 23:09:03,336 basehttp 124 "GET /static/rest_framework/js/ajax-form.js HTTP/1.1" 304 0
INFO 2020-07-11 23:09:03,363 basehttp 124 "GET /static/rest_framework/img/grid.png HTTP/1.1" 304 0
INFO 2020-07-11 23:19:21,155 basehttp 124 "OPTIONS /user/register/ HTTP/1.1" 200 0
INFO 2020-07-11 23:19:21,404 basehttp 124 "POST /user/register/ HTTP/1.1" 201 33
INFO 2020-07-11 23:19:23,239 basehttp 124 "GET /home/banner/ HTTP/1.1" 200 2
INFO 2020-07-11 23:19:23,249 basehttp 124 "GET /home/nav/ HTTP/1.1" 200 154
INFO 2020-07-11 23:19:23,280 basehttp 124 "GET /home/nav/ HTTP/1.1" 200 154
INFO 2020-07-11 23:28:03,314 basehttp 124 "POST /user/register/ HTTP/1.1" 201 213
INFO 2020-07-11 23:28:04,852 basehttp 124 "GET /home/nav/ HTTP/1.1" 200 154
INFO 2020-07-11 23:28:04,857 basehttp 124 "GET /home/banner/ HTTP/1.1" 200 2
INFO 2020-07-11 23:28:04,878 basehttp 124 "GET /home/nav/ HTTP/1.1" 200 154
INFO 2020-07-11 23:31:50,342 basehttp 124 "GET /home/nav/ HTTP/1.1" 200 154
INFO 2020-07-11 23:31:50,342 basehttp 124 "GET /home/banner/ HTTP/1.1" 200 2
INFO 2020-07-11 23:31:50,359 basehttp 124 "GET /home/nav/ HTTP/1.1" 200 154
WARNING 2020-07-11 23:34:30,880 basehttp 124 "GET /user/captcha/?username=12345678911 HTTP/1.1" 400 29
WARNING 2020-07-11 23:34:47,782 basehttp 124 "POST /user/register/ HTTP/1.1" 400 46
INFO 2020-07-11 23:35:02,374 basehttp 124 "POST /user/register/ HTTP/1.1" 201 213
INFO 2020-07-11 23:35:03,528 basehttp 124 "GET /home/nav/ HTTP/1.1" 200 154
INFO 2020-07-11 23:35:03,547 basehttp 124 "GET /home/banner/ HTTP/1.1" 200 2
INFO 2020-07-11 23:35:03,550 basehttp 124 "GET /home/nav/ HTTP/1.1" 200 154
INFO 2020-07-11 23:38:07,117 basehttp 124 "POST /user/register/ HTTP/1.1" 201 213
INFO 2020-07-11 23:38:08,378 basehttp 124 "GET /home/nav/ HTTP/1.1" 200 154
INFO 2020-07-11 23:38:08,382 basehttp 124 "GET /home/banner/ HTTP/1.1" 200 2
INFO 2020-07-11 23:38:08,398 basehttp 124 "GET /home/nav/ HTTP/1.1" 200 154
INFO 2020-07-11 23:38:10,255 basehttp 124 "GET /home/nav/ HTTP/1.1" 200 154
INFO 2020-07-11 23:38:10,258 basehttp 124 "GET /home/banner/ HTTP/1.1" 200 2
INFO 2020-07-11 23:38:10,276 basehttp 124 "GET /home/nav/ HTTP/1.1" 200 154
INFO 2020-07-11 23:38:31,477 basehttp 124 "GET /user/captcha/?username=13271317256 HTTP/1.1" 200 140
INFO 2020-07-11 23:38:36,899 basehttp 124 "POST /user/captcha/ HTTP/1.1" 200 17
WARNING 2020-07-11 23:38:37,145 basehttp 124 "POST /user/login/ HTTP/1.1" 400 67
INFO 2020-07-11 23:40:03,565 basehttp 124 "GET /user/captcha/?username=abc HTTP/1.1" 200 140
INFO 2020-07-11 23:40:08,664 basehttp 124 "POST /user/captcha/ HTTP/1.1" 200 17
WARNING 2020-07-11 23:40:08,909 basehttp 124 "POST /user/login/ HTTP/1.1" 400 67
INFO 2020-07-11 23:42:44,139 basehttp 124 "GET /user/captcha/?username=18317463727 HTTP/1.1" 200 140
INFO 2020-07-11 23:42:50,208 basehttp 124 "POST /user/captcha/ HTTP/1.1" 200 17
INFO 2020-07-11 23:42:50,430 basehttp 124 "POST /user/login/ HTTP/1.1" 200 214
INFO 2020-07-11 23:42:50,539 basehttp 124 "GET /home/nav/ HTTP/1.1" 200 154
INFO 2020-07-11 23:42:50,541 basehttp 124 "GET /home/banner/ HTTP/1.1" 200 2
INFO 2020-07-11 23:42:50,554 basehttp 124 "GET /home/nav/ HTTP/1.1" 200 154
INFO 2020-07-11 23:42:53,409 basehttp 124 "GET /home/nav/ HTTP/1.1" 200 154
INFO 2020-07-11 23:42:53,428 basehttp 124 "GET /home/banner/ HTTP/1.1" 200 2
INFO 2020-07-11 23:42:53,436 basehttp 124 "GET /home/nav/ HTTP/1.1" 200 154
INFO 2020-07-11 23:49:42,076 basehttp 124 "POST /user/register/ HTTP/1.1" 201 213
INFO 2020-07-11 23:49:54,566 basehttp 124 "GET /home/nav/ HTTP/1.1" 200 154
INFO 2020-07-11 23:49:54,613 basehttp 124 "GET /home/banner/ HTTP/1.1" 200 2
INFO 2020-07-11 23:49:54,644 basehttp 124 "GET /home/nav/ HTTP/1.1" 200 154
INFO 2020-07-11 23:49:57,059 basehttp 124 "GET /home/nav/ HTTP/1.1" 200 154
INFO 2020-07-11 23:49:57,105 basehttp 124 "GET /home/banner/ HTTP/1.1" 200 2
INFO 2020-07-11 23:49:57,132 basehttp 124 "GET /home/nav/ HTTP/1.1" 200 154
INFO 2020-07-11 23:54:04,416 basehttp 124 "GET /user/captcha/?username=npf HTTP/1.1" 200 140
INFO 2020-07-11 23:54:13,469 basehttp 124 "POST /user/captcha/ HTTP/1.1" 200 17
INFO 2020-07-11 23:54:13,767 basehttp 124 "POST /user/login/ HTTP/1.1" 200 214
INFO 2020-07-11 23:54:13,839 basehttp 124 "GET /home/nav/ HTTP/1.1" 200 154
INFO 2020-07-11 23:54:13,859 basehttp 124 "GET /home/banner/ HTTP/1.1" 200 2
INFO 2020-07-11 23:54:13,874 basehttp 124 "GET /home/nav/ HTTP/1.1" 200 154
INFO 2020-07-12 00:00:15,586 basehttp 124 "GET /home/nav/ HTTP/1.1" 200 154
INFO 2020-07-12 00:00:40,263 basehttp 124 "GET /user/captcha/?username=npf HTTP/1.1" 200 140
INFO 2020-07-12 00:00:46,283 basehttp 124 "POST /user/captcha/ HTTP/1.1" 200 17
INFO 2020-07-12 00:00:46,586 basehttp 124 "POST /user/login/ HTTP/1.1" 200 214
INFO 2020-07-12 00:00:46,739 basehttp 124 "GET /home/nav/ HTTP/1.1" 200 154
INFO 2020-07-12 00:00:46,777 basehttp 124 "GET /home/banner/ HTTP/1.1" 200 2
INFO 2020-07-12 00:00:46,781 basehttp 124 "GET /home/nav/ HTTP/1.1" 200 154
INFO 2020-07-12 00:00:49,372 basehttp 124 "GET /home/nav/ HTTP/1.1" 200 154
INFO 2020-07-12 00:00:49,388 basehttp 124 "GET /home/banner/ HTTP/1.1" 200 2
INFO 2020-07-12 00:00:49,403 basehttp 124 "GET /home/nav/ HTTP/1.1" 200 154
INFO 2020-07-12 00:01:06,576 basehttp 124 "GET /user/captcha/?username=npf HTTP/1.1" 200 140
INFO 2020-07-12 00:01:13,076 basehttp 124 "POST /user/captcha/ HTTP/1.1" 200 17
INFO 2020-07-12 00:01:13,360 basehttp 124 "POST /user/login/ HTTP/1.1" 200 214
INFO 2020-07-12 00:01:13,446 basehttp 124 "GET /home/nav/ HTTP/1.1" 200 154
INFO 2020-07-12 00:01:13,453 basehttp 124 "GET /home/banner/ HTTP/1.1" 200 2
INFO 2020-07-12 00:01:13,479 basehttp 124 "GET /home/nav/ HTTP/1.1" 200 154
INFO 2020-07-12 00:01:17,612 basehttp 124 "GET /home/nav/ HTTP/1.1" 200 154
INFO 2020-07-12 00:01:17,632 basehttp 124 "GET /home/banner/ HTTP/1.1" 200 2
INFO 2020-07-12 00:01:17,662 basehttp 124 "GET /home/nav/ HTTP/1.1" 200 154
INFO 2020-07-12 00:01:27,236 basehttp 124 "GET /user/captcha/?username=npf HTTP/1.1" 200 140
INFO 2020-07-12 00:01:32,078 basehttp 124 "POST /user/captcha/ HTTP/1.1" 200 17
INFO 2020-07-12 00:01:32,308 basehttp 124 "POST /user/login/ HTTP/1.1" 200 214
INFO 2020-07-12 00:01:32,364 basehttp 124 "GET /home/nav/ HTTP/1.1" 200 154
INFO 2020-07-12 00:01:32,378 basehttp 124 "GET /home/banner/ HTTP/1.1" 200 2
INFO 2020-07-12 00:01:32,388 basehttp 124 "GET /home/nav/ HTTP/1.1" 200 154
INFO 2020-07-12 00:01:36,644 basehttp 124 "GET /home/nav/ HTTP/1.1" 200 154
INFO 2020-07-12 00:01:36,666 basehttp 124 "GET /home/banner/ HTTP/1.1" 200 2
INFO 2020-07-12 00:01:36,684 basehttp 124 "GET /home/nav/ HTTP/1.1" 200 154
INFO 2020-07-12 00:01:58,856 basehttp 124 "POST /user/register/ HTTP/1.1" 201 213
INFO 2020-07-12 00:02:00,750 basehttp 124 "GET /home/nav/ HTTP/1.1" 200 154
INFO 2020-07-12 00:02:00,757 basehttp 124 "GET /home/banner/ HTTP/1.1" 200 2
INFO 2020-07-12 00:02:00,778 basehttp 124 "GET /home/nav/ HTTP/1.1" 200 154
INFO 2020-07-12 00:02:03,868 basehttp 124 "GET /home/banner/ HTTP/1.1" 200 2
INFO 2020-07-12 00:02:03,872 basehttp 124 "GET /home/nav/ HTTP/1.1" 200 154
INFO 2020-07-12 00:02:03,904 basehttp 124 "GET /home/nav/ HTTP/1.1" 200 154
INFO 2020-07-12 00:05:17,782 basehttp 124 "GET /user/captcha/?username=npf HTTP/1.1" 200 140
INFO 2020-07-12 00:05:24,894 basehttp 124 "POST /user/captcha/ HTTP/1.1" 200 17
INFO 2020-07-12 00:05:25,136 basehttp 124 "POST /user/login/ HTTP/1.1" 200 214
INFO 2020-07-12 00:05:25,195 basehttp 124 "GET /home/nav/ HTTP/1.1" 200 154
INFO 2020-07-12 00:05:25,217 basehttp 124 "GET /home/banner/ HTTP/1.1" 200 2
INFO 2020-07-12 00:05:25,233 basehttp 124 "GET /home/nav/ HTTP/1.1" 200 154
INFO 2020-07-12 00:05:34,149 basehttp 124 "GET /home/nav/ HTTP/1.1" 200 154
INFO 2020-07-12 00:05:34,171 basehttp 124 "GET /home/banner/ HTTP/1.1" 200 2
INFO 2020-07-12 00:05:34,180 basehttp 124 "GET /home/nav/ HTTP/1.1" 200 154
INFO 2020-07-12 00:06:18,828 basehttp 124 "POST /user/register/ HTTP/1.1" 201 213
INFO 2020-07-12 00:06:24,363 basehttp 124 "GET /home/nav/ HTTP/1.1" 200 154
INFO 2020-07-12 00:06:24,380 basehttp 124 "GET /home/banner/ HTTP/1.1" 200 2
INFO 2020-07-12 00:06:24,409 basehttp 124 "GET /home/nav/ HTTP/1.1" 200 154
INFO 2020-07-12 00:06:26,162 basehttp 124 "GET /home/nav/ HTTP/1.1" 200 154
INFO 2020-07-12 00:06:26,171 basehttp 124 "GET /home/banner/ HTTP/1.1" 200 2
INFO 2020-07-12 00:06:26,188 basehttp 124 "GET /home/nav/ HTTP/1.1" 200 154
INFO 2020-07-12 00:10:06,270 basehttp 124 "GET /user/captcha/?username=13271317211 HTTP/1.1" 200 140
INFO 2020-07-12 00:10:12,694 basehttp 124 "POST /user/captcha/ HTTP/1.1" 200 17
INFO 2020-07-12 00:10:12,921 basehttp 124 "POST /user/login/ HTTP/1.1" 200 218
INFO 2020-07-12 00:10:12,974 basehttp 124 "GET /home/nav/ HTTP/1.1" 200 154
INFO 2020-07-12 00:10:12,976 basehttp 124 "GET /home/banner/ HTTP/1.1" 200 2
INFO 2020-07-12 00:10:13,002 basehttp 124 "GET /home/nav/ HTTP/1.1" 200 154
INFO 2020-07-12 00:10:21,530 basehttp 124 "GET /home/nav/ HTTP/1.1" 200 154
INFO 2020-07-12 00:10:21,558 basehttp 124 "GET /home/banner/ HTTP/1.1" 200 2
INFO 2020-07-12 00:10:21,576 basehttp 124 "GET /home/nav/ HTTP/1.1" 200 154
INFO 2020-07-12 00:10:34,054 basehttp 124 "GET /user/captcha/?username=13271317211 HTTP/1.1" 200 140
INFO 2020-07-12 00:10:39,749 basehttp 124 "POST /user/captcha/ HTTP/1.1" 200 17
INFO 2020-07-12 00:10:39,968 basehttp 124 "POST /user/login/ HTTP/1.1" 200 218
INFO 2020-07-12 00:10:40,018 basehttp 124 "GET /home/nav/ HTTP/1.1" 200 154
INFO 2020-07-12 00:10:40,035 basehttp 124 "GET /home/banner/ HTTP/1.1" 200 2
INFO 2020-07-12 00:10:40,038 basehttp 124 "GET /home/nav/ HTTP/1.1" 200 154
INFO 2020-07-12 00:10:41,967 basehttp 124 "GET /home/nav/ HTTP/1.1" 200 154
INFO 2020-07-12 00:10:41,982 basehttp 124 "GET /home/banner/ HTTP/1.1" 200 2
INFO 2020-07-12 00:10:42,001 basehttp 124 "GET /home/nav/ HTTP/1.1" 200 154
INFO 2020-07-12 00:10:44,571 basehttp 124 "GET /user/captcha/?username=13271317211 HTTP/1.1" 200 140
INFO 2020-07-12 00:10:50,151 basehttp 124 "POST /user/captcha/ HTTP/1.1" 200 17
INFO 2020-07-12 00:10:50,456 basehttp 124 "POST /user/login/ HTTP/1.1" 200 218
INFO 2020-07-12 00:10:50,531 basehttp 124 "GET /home/nav/ HTTP/1.1" 200 154
INFO 2020-07-12 00:10:50,547 basehttp 124 "GET /home/banner/ HTTP/1.1" 200 2
INFO 2020-07-12 00:10:50,560 basehttp 124 "GET /home/nav/ HTTP/1.1" 200 154
INFO 2020-07-12 00:10:52,533 basehttp 124 "GET /home/nav/ HTTP/1.1" 200 154
INFO 2020-07-12 00:10:52,545 basehttp 124 "GET /home/banner/ HTTP/1.1" 200 2
INFO 2020-07-12 00:10:52,569 basehttp 124 "GET /home/nav/ HTTP/1.1" 200 154
INFO 2020-07-12 00:25:35,172 basehttp 124 "GET /home/nav/ HTTP/1.1" 200 154
INFO 2020-07-12 00:25:35,175 basehttp 124 "GET /home/banner/ HTTP/1.1" 200 2
INFO 2020-07-12 00:25:35,191 basehttp 124 "GET /home/nav/ HTTP/1.1" 200 154
WARNING 2020-07-12 00:25:48,113 basehttp 124 "GET /user/mobile/18317463727 HTTP/1.1" 400 38
INFO 2020-07-12 00:25:52,377 basehttp 124 "GET /user/mobile/183174637271 HTTP/1.1" 200 16
WARNING 2020-07-12 00:26:36,418 basehttp 124 "GET /user/mobile/1831746372 HTTP/1.1" 400 38
WARNING 2020-07-12 00:26:53,662 basehttp 124 "GET /user/mobile/11235356236 HTTP/1.1" 400 38
WARNING 2020-07-12 00:27:00,757 basehttp 124 "GET /user/mobile/11235356236 HTTP/1.1" 400 38
WARNING 2020-07-12 00:27:10,746 basehttp 124 "GET /user/mobile/112353562362 HTTP/1.1" 400 38
INFO 2020-07-12 00:27:20,514 basehttp 124 "GET /user/mobile/183174637276 HTTP/1.1" 200 16
INFO 2020-07-12 00:29:20,416 basehttp 124 "GET /user/mobile/183174637276 HTTP/1.1" 200 16
INFO 2020-07-12 00:29:26,597 basehttp 124 "GET /user/mobile/1831746372767 HTTP/1.1" 200 16
INFO 2020-07-12 00:29:31,196 basehttp 124 "GET /user/mobile/183174637276723 HTTP/1.1" 200 16
INFO 2020-07-12 00:29:41,935 basehttp 124 "GET /user/mobile/132713172569 HTTP/1.1" 200 16
INFO 2020-07-12 00:30:00,718 basehttp 124 "GET /user/mobile/132713172569 HTTP/1.1" 200 16
ERROR 2020-07-12 20:40:15,353 exceptions 18 <user.views.SendMessageAPIView object at 0x000001E949DF0748> GET Invalid input of type: 'module'. Convert to a bytes, string, int or float first.
ERROR 2020-07-12 20:40:15,365 basehttp 124 "GET /user/sms/18317463727 HTTP/1.1" 500 56
ERROR 2020-07-12 20:42:08,220 exceptions 18 <user.views.SendMessageAPIView object at 0x000001E94AF7A9B0> GET Invalid input of type: 'module'. Convert to a bytes, string, int or float first.
ERROR 2020-07-12 20:42:08,221 basehttp 124 "GET /user/sms/18317463727 HTTP/1.1" 500 56
ERROR 2020-07-12 20:43:00,448 exceptions 18 <user.views.SendMessageAPIView object at 0x000002046B8FA208> GET Invalid input of type: 'module'. Convert to a bytes, string, int or float first.
ERROR 2020-07-12 20:43:00,449 basehttp 124 "GET /user/sms/18317463727 HTTP/1.1" 500 56
ERROR 2020-07-12 20:44:11,273 exceptions 18 <user.views.SendMessageAPIView object at 0x0000016DCAE812B0> GET Invalid input of type: 'module'. Convert to a bytes, string, int or float first.
ERROR 2020-07-12 20:44:11,274 basehttp 124 "GET /user/sms/18317463727 HTTP/1.1" 500 56
ERROR 2020-07-12 20:48:08,666 exceptions 18 <user.views.SendMessageAPIView object at 0x0000028EC00CE208> GET Could not find config for 'npf' in settings.CACHES
ERROR 2020-07-12 20:48:08,667 basehttp 124 "GET /user/sms/18317463727 HTTP/1.1" 500 56
ERROR 2020-07-12 20:50:02,008 exceptions 18 <user.views.SendMessageAPIView object at 0x00000165EF111BE0> GET Invalid input of type: 'module'. Convert to a bytes, string, int or float first.
ERROR 2020-07-12 20:50:02,009 basehttp 124 "GET /user/sms/18317463727 HTTP/1.1" 500 56
ERROR 2020-07-12 20:59:02,022 exceptions 18 <user.views.SendMessageAPIView object at 0x00000183958DF048> GET Invalid input of type: 'module'. Convert to a bytes, string, int or float first.
ERROR 2020-07-12 20:59:02,024 basehttp 124 "GET /user/sms/18317463727 HTTP/1.1" 500 56
ERROR 2020-07-12 21:02:17,173 exceptions 18 <user.views.SendMessageAPIView object at 0x0000016176E280F0> GET int() argument must be a string, a bytes-like object or a number, not 'module'
ERROR 2020-07-12 21:02:17,174 basehttp 124 "GET /user/sms/18317463727 HTTP/1.1" 500 56
INFO 2020-07-12 21:03:12,568 basehttp 124 "GET /user/sms/18317463727 HTTP/1.1" 200 32
INFO 2020-07-12 21:18:05,646 basehttp 124 "GET /user/sms/18317463727 HTTP/1.1" 200 32
WARNING 2020-07-12 21:18:58,632 basehttp 124 "GET /user/sms/18317463727 HTTP/1.1" 400 51
WARNING 2020-07-12 21:19:03,473 basehttp 124 "GET /user/sms/18317463727 HTTP/1.1" 400 51
WARNING 2020-07-12 21:19:04,717 basehttp 124 "GET /user/sms/18317463727 HTTP/1.1" 400 51
WARNING 2020-07-12 21:19:05,538 basehttp 124 "GET /user/sms/18317463727 HTTP/1.1" 400 51
INFO 2020-07-12 21:19:06,282 basehttp 124 "GET /user/sms/18317463727 HTTP/1.1" 200 32
WARNING 2020-07-12 21:19:06,883 basehttp 124 "GET /user/sms/18317463727 HTTP/1.1" 400 51
INFO 2020-07-12 21:20:45,685 basehttp 124 "GET /user/sms/18317463727 HTTP/1.1" 200 32
INFO 2020-07-12 21:22:37,769 basehttp 124 "GET /user/sms/18317463727 HTTP/1.1" 200 32
WARNING 2020-07-12 21:23:32,582 basehttp 124 "GET /user/sms/18317463727 HTTP/1.1" 400 51
WARNING 2020-07-12 21:23:34,547 basehttp 124 "GET /user/sms/18317463727 HTTP/1.1" 400 51
WARNING 2020-07-12 21:23:35,817 basehttp 124 "GET /user/sms/18317463727 HTTP/1.1" 400 51
WARNING 2020-07-12 21:23:36,859 basehttp 124 "GET /user/sms/18317463727 HTTP/1.1" 400 51
INFO 2020-07-12 21:23:37,939 basehttp 124 "GET /user/sms/18317463727 HTTP/1.1" 200 32
INFO 2020-07-12 21:24:50,319 basehttp 124 "GET /user/sms/18317463727 HTTP/1.1" 200 32
INFO 2020-07-12 21:48:33,027 basehttp 124 "GET /user/sms/18317463727 HTTP/1.1" 200 32
INFO 2020-07-12 21:52:16,118 basehttp 124 "GET /user/sms/18317463727 HTTP/1.1" 200 32
INFO 2020-07-12 21:53:58,937 basehttp 124 "GET /user/sms/18317463727 HTTP/1.1" 200 32
WARNING 2020-07-12 21:56:48,868 basehttp 124 "POST /user/register/ HTTP/1.1" 400 57
INFO 2020-07-12 21:57:34,059 basehttp 124 "GET /user/sms/13271317256 HTTP/1.1" 200 32
ERROR 2020-07-12 21:57:46,201 exceptions 18 <user.views.UserAPIView object at 0x000001437BD4FC50> POST 'Redis' object has no attribute 'remove'
ERROR 2020-07-12 21:57:46,202 basehttp 124 "POST /user/register/ HTTP/1.1" 500 56
INFO 2020-07-12 22:05:35,414 basehttp 124 "POST /user/register/ HTTP/1.1" 201 213
WARNING 2020-07-12 22:05:39,457 basehttp 124 "POST /user/register/ HTTP/1.1" 400 57
WARNING 2020-07-12 22:06:20,527 basehttp 124 "POST /user/register/ HTTP/1.1" 400 43
WARNING 2020-07-12 22:22:17,793 base 93 Not Found: /user/mobile/
WARNING 2020-07-12 22:22:17,794 basehttp 124 "GET /user/mobile/ HTTP/1.1" 404 3036
WARNING 2020-07-12 22:22:39,632 base 93 Not Found: /user/mobile/
WARNING 2020-07-12 22:22:39,632 basehttp 124 "GET /user/mobile/ HTTP/1.1" 404 3036
INFO 2020-07-12 22:23:16,150 basehttp 124 "GET /user/mobile/15638958775 HTTP/1.1" 200 16
INFO 2020-07-12 22:29:06,944 basehttp 124 "GET /user/mobile/15565014521 HTTP/1.1" 200 16
INFO 2020-07-12 22:29:10,081 basehttp 124 "OPTIONS /user/register/ HTTP/1.1" 200 0
WARNING 2020-07-12 22:29:10,094 basehttp 124 "POST /user/register/ HTTP/1.1" 400 41
INFO 2020-07-12 22:46:06,610 basehttp 124 "GET /user/mobile/13271212107 HTTP/1.1" 200 16
INFO 2020-07-12 22:46:25,352 basehttp 124 "GET /user/mobile/13271317256 HTTP/1.1" 200 16
INFO 2020-07-12 22:46:26,424 basehttp 124 "GET /user/sms/13271317256 HTTP/1.1" 200 32
INFO 2020-07-12 22:48:07,525 basehttp 124 "POST /user/register/ HTTP/1.1" 201 216
INFO 2020-07-12 22:48:09,450 basehttp 124 "GET /home/nav/ HTTP/1.1" 200 154
INFO 2020-07-12 22:48:09,463 basehttp 124 "GET /home/banner/ HTTP/1.1" 200 2
INFO 2020-07-12 22:48:09,468 basehttp 124 "GET /home/nav/ HTTP/1.1" 200 154
INFO 2020-07-12 22:48:12,327 basehttp 124 "GET /home/nav/ HTTP/1.1" 200 154
INFO 2020-07-12 22:48:12,342 basehttp 124 "GET /home/banner/ HTTP/1.1" 200 2
INFO 2020-07-12 22:48:12,355 basehttp 124 "GET /home/nav/ HTTP/1.1" 200 154
INFO 2020-07-12 22:48:26,197 basehttp 124 "GET /user/captcha/?username=13271317256 HTTP/1.1" 200 140
INFO 2020-07-12 22:48:34,200 basehttp 124 "OPTIONS /user/captcha/ HTTP/1.1" 200 0
INFO 2020-07-12 22:48:34,210 basehttp 124 "POST /user/captcha/ HTTP/1.1" 200 17
INFO 2020-07-12 22:48:34,231 basehttp 124 "OPTIONS /user/login/ HTTP/1.1" 200 0
INFO 2020-07-12 22:48:34,531 basehttp 124 "POST /user/login/ HTTP/1.1" 200 221
INFO 2020-07-12 22:48:34,618 basehttp 124 "GET /home/nav/ HTTP/1.1" 200 154
INFO 2020-07-12 22:48:34,636 basehttp 124 "GET /home/banner/ HTTP/1.1" 200 2
INFO 2020-07-12 22:48:34,655 basehttp 124 "GET /home/nav/ HTTP/1.1" 200 154
INFO 2020-07-12 22:48:36,657 basehttp 124 "GET /home/nav/ HTTP/1.1" 200 154
INFO 2020-07-12 22:48:36,677 basehttp 124 "GET /home/banner/ HTTP/1.1" 200 2
INFO 2020-07-12 22:48:36,705 basehttp 124 "GET /home/nav/ HTTP/1.1" 200 154
INFO 2020-07-12 23:14:42,520 basehttp 124 "GET /user/mobile/13271317256 HTTP/1.1" 200 16
INFO 2020-07-12 23:14:46,778 basehttp 124 "GET /user/sms/13271317256 HTTP/1.1" 200 32
INFO 2020-07-12 23:15:30,236 basehttp 124 "GET /user/mobile/13271317256 HTTP/1.1" 200 16
WARNING 2020-07-12 23:15:38,659 basehttp 124 "POST /user/register/ HTTP/1.1" 400 43
WARNING 2020-07-12 23:16:53,256 basehttp 124 "POST /user/register/ HTTP/1.1" 400 43
WARNING 2020-07-12 23:16:56,887 basehttp 124 "POST /user/register/ HTTP/1.1" 400 43
WARNING 2020-07-12 23:16:59,973 basehttp 124 "POST /user/register/ HTTP/1.1" 400 43
WARNING 2020-07-12 23:17:03,099 basehttp 124 "POST /user/register/ HTTP/1.1" 400 43
WARNING 2020-07-12 23:17:18,938 basehttp 124 "POST /user/register/ HTTP/1.1" 400 43
WARNING 2020-07-12 23:17:22,346 basehttp 124 "POST /user/register/ HTTP/1.1" 400 43
WARNING 2020-07-12 23:17:25,502 basehttp 124 "POST /user/register/ HTTP/1.1" 400 43
WARNING 2020-07-12 23:17:29,112 basehttp 124 "POST /user/register/ HTTP/1.1" 400 43
WARNING 2020-07-12 23:17:51,067 basehttp 124 "POST /user/register/ HTTP/1.1" 400 43
INFO 2020-07-12 23:17:55,719 basehttp 124 "POST /user/register/ HTTP/1.1" 201 216
INFO 2020-07-12 23:18:26,920 basehttp 124 "GET /home/nav/ HTTP/1.1" 200 154
INFO 2020-07-12 23:18:26,934 basehttp 124 "GET /home/banner/ HTTP/1.1" 200 2
INFO 2020-07-12 23:18:26,956 basehttp 124 "GET /home/nav/ HTTP/1.1" 200 154
INFO 2020-07-12 23:18:30,352 basehttp 124 "GET /home/nav/ HTTP/1.1" 200 154
INFO 2020-07-12 23:18:30,360 basehttp 124 "GET /home/banner/ HTTP/1.1" 200 2
INFO 2020-07-12 23:18:30,383 basehttp 124 "GET /home/nav/ HTTP/1.1" 200 154
WARNING 2020-07-12 23:20:42,429 basehttp 124 "GET /user/mobile/13271 HTTP/1.1" 400 38
INFO 2020-07-12 23:20:50,602 basehttp 124 "GET /user/mobile/13271317256 HTTP/1.1" 200 16
INFO 2020-07-12 23:20:55,271 basehttp 124 "GET /user/sms/13271317256 HTTP/1.1" 200 32
WARNING 2020-07-12 23:21:06,950 basehttp 124 "POST /user/register/ HTTP/1.1" 400 65
WARNING 2020-07-12 23:21:11,794 basehttp 124 "POST /user/register/ HTTP/1.1" 400 65
WARNING 2020-07-12 23:22:54,471 basehttp 124 "POST /user/register/ HTTP/1.1" 400 43
WARNING 2020-07-12 23:24:12,200 basehttp 124 "POST /user/register/ HTTP/1.1" 400 43
WARNING 2020-07-12 23:24:22,675 basehttp 124 "POST /user/register/ HTTP/1.1" 400 43
WARNING 2020-07-12 23:24:30,631 basehttp 124 "POST /user/register/ HTTP/1.1" 400 43
WARNING 2020-07-12 23:24:33,756 basehttp 124 "POST /user/register/ HTTP/1.1" 400 43
WARNING 2020-07-12 23:24:36,944 basehttp 124 "POST /user/register/ HTTP/1.1" 400 43
WARNING 2020-07-12 23:24:39,079 basehttp 124 "POST /user/register/ HTTP/1.1" 400 43
WARNING 2020-07-12 23:24:40,444 basehttp 124 "POST /user/register/ HTTP/1.1" 400 43
WARNING 2020-07-12 23:24:42,029 basehttp 124 "POST /user/register/ HTTP/1.1" 400 43
WARNING 2020-07-12 23:24:43,576 basehttp 124 "POST /user/register/ HTTP/1.1" 400 43
WARNING 2020-07-12 23:26:33,233 basehttp 124 "POST /user/register/ HTTP/1.1" 400 59
WARNING 2020-07-12 23:26:54,057 basehttp 124 "POST /user/register/ HTTP/1.1" 400 59
INFO 2020-07-12 23:30:17,376 basehttp 124 "GET /user/sms/13271317256 HTTP/1.1" 200 32
INFO 2020-07-12 23:30:47,262 basehttp 124 "POST /user/register/ HTTP/1.1" 201 216
INFO 2020-07-12 23:30:49,147 basehttp 124 "GET /home/nav/ HTTP/1.1" 200 154
INFO 2020-07-12 23:30:49,149 basehttp 124 "GET /home/banner/ HTTP/1.1" 200 2
INFO 2020-07-12 23:30:49,169 basehttp 124 "GET /home/nav/ HTTP/1.1" 200 154
INFO 2020-07-12 23:30:53,341 basehttp 124 "GET /home/nav/ HTTP/1.1" 200 154
INFO 2020-07-12 23:30:53,402 basehttp 124 "GET /home/banner/ HTTP/1.1" 200 2
INFO 2020-07-12 23:30:53,458 basehttp 124 "GET /home/nav/ HTTP/1.1" 200 154
INFO 2020-07-12 23:31:03,735 basehttp 124 "GET /user/captcha/?username=13271317256 HTTP/1.1" 200 140
INFO 2020-07-12 23:31:10,202 basehttp 124 "POST /user/captcha/ HTTP/1.1" 200 17
INFO 2020-07-12 23:31:10,542 basehttp 124 "POST /user/login/ HTTP/1.1" 200 221
INFO 2020-07-12 23:31:10,635 basehttp 124 "GET /home/nav/ HTTP/1.1" 200 154
INFO 2020-07-12 23:31:10,637 basehttp 124 "GET /home/banner/ HTTP/1.1" 200 2
INFO 2020-07-12 23:31:10,661 basehttp 124 "GET /home/nav/ HTTP/1.1" 200 154
INFO 2020-07-12 23:31:12,445 basehttp 124 "GET /home/nav/ HTTP/1.1" 200 154
INFO 2020-07-12 23:31:12,448 basehttp 124 "GET /home/banner/ HTTP/1.1" 200 2
INFO 2020-07-12 23:31:12,470 basehttp 124 "GET /home/nav/ HTTP/1.1" 200 154
INFO 2020-07-12 23:31:17,712 basehttp 124 "GET /user/captcha/?username=13271317256 HTTP/1.1" 200 140
INFO 2020-07-12 23:31:24,211 basehttp 124 "POST /user/captcha/ HTTP/1.1" 200 17
INFO 2020-07-12 23:31:24,514 basehttp 124 "POST /user/login/ HTTP/1.1" 200 221
INFO 2020-07-12 23:31:24,593 basehttp 124 "GET /home/nav/ HTTP/1.1" 200 154
INFO 2020-07-12 23:31:24,595 basehttp 124 "GET /home/banner/ HTTP/1.1" 200 2
INFO 2020-07-12 23:31:24,630 basehttp 124 "GET /home/nav/ HTTP/1.1" 200 154
INFO 2020-07-12 23:31:26,063 basehttp 124 "GET /home/nav/ HTTP/1.1" 200 154
INFO 2020-07-12 23:31:26,077 basehttp 124 "GET /home/banner/ HTTP/1.1" 200 2
INFO 2020-07-12 23:31:26,084 basehttp 124 "GET /home/nav/ HTTP/1.1" 200 154
